#
# There is insufficient memory for the Java Runtime Environment to continue.
# Native memory allocation (mmap) failed to map 268435456 bytes for G1 virtual space
# Possible reasons:
#   The system is out of physical RAM or swap space
#   The process is running with CompressedOops enabled, and the Java Heap may be blocking the growth of the native heap
# Possible solutions:
#   Reduce memory load on the system
#   Increase physical memory or swap space
#   Check if swap backing store is full
#   Decrease Java heap size (-Xmx/-Xms)
#   Decrease number of Java threads
#   Decrease Java thread stack sizes (-Xss)
#   Set larger code cache with -XX:ReservedCodeCacheSize=
#   JVM is running with Zero Based Compressed Oops mode in which the Java heap is
#     placed in the first 32GB address space. The Java Heap base address is the
#     maximum limit for the native heap growth. Please use -XX:HeapBaseMinAddress
#     to set the Java Heap base and to place the Java Heap above 32GB virtual address.
# This output file may be truncated or incomplete.
#
#  Out of Memory Error (os_windows.cpp:3541), pid=80796, tid=78508
#
# JRE version:  (17.0.4.1+1) (build )
# Java VM: OpenJDK 64-Bit Server VM (17.0.4.1+1, mixed mode, sharing, tiered, compressed oops, compressed class ptrs, g1 gc, windows-amd64)
# Core dump will be written. Default location: C:\Users\user_ta\Documents\chave\TIMP_R1\hs_err_pid80796.mdmp
#

---------------  S U M M A R Y ------------

Command Line: -ea -Dfile.encoding=windows-1252 -XX:+ShowCodeDetailsInExceptionMessages org.testng.remote.RemoteTestNG -serport 59948 -protocol json -d C:\Users\user_ta\Documents\chave\TIMP_R1\test-output C:\Users\user_ta\AppData\Local\Temp\2\testng-eclipse-1310473780\testng-customsuite.xml

Host: Intel(R) Xeon(R) CPU E5-2676 v3 @ 2.40GHz, 4 cores, 15G,  Windows Server 2019 , 64 bit Build 17763 (10.0.17763.2803)
Time: Wed Apr 24 15:07:51 2024 Coordinated Universal Time elapsed time: 0.049475 seconds (0d 0h 0m 0s)

---------------  T H R E A D  ---------------

Current thread (0x000001fdcc77b660):  JavaThread "Unknown thread" [_thread_in_vm, id=78508, stack(0x0000008c9ff00000,0x0000008ca0000000)]

Stack: [0x0000008c9ff00000,0x0000008ca0000000]
Native frames: (J=compiled Java code, j=interpreted, Vv=VM code, C=native code)
V  [jvm.dll+0x67731a]
V  [jvm.dll+0x832284]
V  [jvm.dll+0x833a2e]
V  [jvm.dll+0x834093]
V  [jvm.dll+0x245775]
V  [jvm.dll+0x674209]
V  [jvm.dll+0x668a92]
V  [jvm.dll+0x30471b]
V  [jvm.dll+0x30bc66]
V  [jvm.dll+0x35ba9e]
V  [jvm.dll+0x35bccf]
V  [jvm.dll+0x2db5b8]
V  [jvm.dll+0x2dc524]
V  [jvm.dll+0x803db1]
V  [jvm.dll+0x3698f1]
V  [jvm.dll+0x7e31bc]
V  [jvm.dll+0x3ec25f]
V  [jvm.dll+0x3edde1]
C  [jli.dll+0x5277]
C  [ucrtbase.dll+0x2268a]
C  [KERNEL32.DLL+0x17974]
C  [ntdll.dll+0x5a2f1]


---------------  P R O C E S S  ---------------

Threads class SMR info:
_java_thread_list=0x00007ffac9f04e98, length=0, elements={
}

Java Threads: ( => current thread )

Other Threads:
  0x000001fdcc7e5f30 GCTaskThread "GC Thread#0" [stack: 0x0000008ca0000000,0x0000008ca0100000] [id=77496]
  0x000001fdcc7f6e70 ConcurrentGCThread "G1 Main Marker" [stack: 0x0000008ca0100000,0x0000008ca0200000] [id=77772]
  0x000001fdcc7f9c60 ConcurrentGCThread "G1 Conc#0" [stack: 0x0000008ca0200000,0x0000008ca0300000] [id=77768]

[error occurred during error reporting (printing all threads), id 0xc0000005, EXCEPTION_ACCESS_VIOLATION (0xc0000005) at pc=0x00007ffac96dc047]

VM state: not at safepoint (not fully initialized)

VM Mutex/Monitor currently owned by a thread:  ([mutex/lock_event])
[0x000001fdcc777870] Heap_lock - owner thread: 0x000001fdcc77b660

Heap address: 0x0000000700000000, size: 4096 MB, Compressed Oops mode: Zero based, Oop shift amount: 3

CDS archive(s) mapped at: [0x0000000000000000-0x0000000000000000-0x0000000000000000), size 0, SharedBaseAddress: 0x0000000800000000, ArchiveRelocationMode: 0.
Narrow klass base: 0x0000000000000000, Narrow klass shift: 0, Narrow klass range: 0x0

GC Precious Log:
<Empty>

Heap:
 garbage-first heap   total 0K, used 0K [0x0000000700000000, 0x0000000800000000)
  region size 2048K, 0 young (0K), 0 survivors (0K)

[error occurred during error reporting (printing heap information), id 0xc0000005, EXCEPTION_ACCESS_VIOLATION (0xc0000005) at pc=0x00007ffac9ac0699]

GC Heap History (0 events):
No events

Deoptimization events (0 events):
No events

Classes unloaded (0 events):
No events

Classes redefined (0 events):
No events

Internal exceptions (0 events):
No events

VM Operations (0 events):
No events

Events (1 events):
Event: 0.025 Loaded shared library C:\Users\user_ta\.p2\pool\plugins\org.eclipse.justj.openjdk.hotspot.jre.full.win32.x86_64_17.0.4.v20221004-1257\jre\bin\java.dll


Dynamic libraries:
0x00007ff7eeb60000 - 0x00007ff7eeb6e000 	C:\Users\user_ta\.p2\pool\plugins\org.eclipse.justj.openjdk.hotspot.jre.full.win32.x86_64_17.0.4.v20221004-1257\jre\bin\javaw.exe
0x00007ffaf0260000 - 0x00007ffaf044d000 	C:\Windows\SYSTEM32\ntdll.dll
0x00007ffaefaf0000 - 0x00007ffaefba4000 	C:\Windows\System32\KERNEL32.DLL
0x00007ffaecbe0000 - 0x00007ffaece74000 	C:\Windows\System32\KERNELBASE.dll
0x00007ffaecf20000 - 0x00007ffaed01a000 	C:\Windows\System32\ucrtbase.dll
0x00007ffad8cb0000 - 0x00007ffad8cc8000 	C:\Users\user_ta\.p2\pool\plugins\org.eclipse.justj.openjdk.hotspot.jre.full.win32.x86_64_17.0.4.v20221004-1257\jre\bin\jli.dll
0x00007ffad8b40000 - 0x00007ffad8b59000 	C:\Users\user_ta\.p2\pool\plugins\org.eclipse.justj.openjdk.hotspot.jre.full.win32.x86_64_17.0.4.v20221004-1257\jre\bin\VCRUNTIME140.dll
0x00007ffaedb30000 - 0x00007ffaedcc7000 	C:\Windows\System32\USER32.dll
0x00007ffaed3c0000 - 0x00007ffaed3e0000 	C:\Windows\System32\win32u.dll
0x00007ffaefef0000 - 0x00007ffaeff19000 	C:\Windows\System32\GDI32.dll
0x00007ffaeca40000 - 0x00007ffaecbdc000 	C:\Windows\System32\gdi32full.dll
0x00007ffaece80000 - 0x00007ffaecf20000 	C:\Windows\System32\msvcp_win.dll
0x00007ffadbcb0000 - 0x00007ffadbf29000 	C:\Windows\WinSxS\amd64_microsoft.windows.common-controls_6595b64144ccf1df_6.0.17763.2803_none_de6d9ee8534e8a05\COMCTL32.dll
0x00007ffaefd90000 - 0x00007ffaefe2e000 	C:\Windows\System32\msvcrt.dll
0x00007ffaef7c0000 - 0x00007ffaefaed000 	C:\Windows\System32\combase.dll
0x00007ffaed8f0000 - 0x00007ffaeda0d000 	C:\Windows\System32\RPCRT4.dll
0x00007ffaed400000 - 0x00007ffaed482000 	C:\Windows\System32\bcryptPrimitives.dll
0x00007ffaefec0000 - 0x00007ffaefeee000 	C:\Windows\System32\IMM32.DLL
0x00007ffae0490000 - 0x00007ffae049c000 	C:\Users\user_ta\.p2\pool\plugins\org.eclipse.justj.openjdk.hotspot.jre.full.win32.x86_64_17.0.4.v20221004-1257\jre\bin\vcruntime140_1.dll
0x00007ffad8830000 - 0x00007ffad88c1000 	C:\Users\user_ta\.p2\pool\plugins\org.eclipse.justj.openjdk.hotspot.jre.full.win32.x86_64_17.0.4.v20221004-1257\jre\bin\msvcp140.dll
0x00007ffac93f0000 - 0x00007ffaca036000 	C:\Users\user_ta\.p2\pool\plugins\org.eclipse.justj.openjdk.hotspot.jre.full.win32.x86_64_17.0.4.v20221004-1257\jre\bin\server\jvm.dll
0x00007ffaed7e0000 - 0x00007ffaed887000 	C:\Windows\System32\ADVAPI32.dll
0x00007ffaeda90000 - 0x00007ffaedb2f000 	C:\Windows\System32\sechost.dll
0x00007ffaee150000 - 0x00007ffaee158000 	C:\Windows\System32\PSAPI.DLL
0x00007ffad5e40000 - 0x00007ffad5e49000 	C:\Windows\SYSTEM32\WSOCK32.dll
0x00007ffaea4a0000 - 0x00007ffaea4c4000 	C:\Windows\SYSTEM32\WINMM.dll
0x00007ffae44e0000 - 0x00007ffae44ea000 	C:\Windows\SYSTEM32\VERSION.dll
0x00007ffaea470000 - 0x00007ffaea49d000 	C:\Windows\SYSTEM32\WINMMBASE.dll
0x00007ffaed220000 - 0x00007ffaed26a000 	C:\Windows\System32\cfgmgr32.dll
0x00007ffaefd20000 - 0x00007ffaefd8d000 	C:\Windows\System32\WS2_32.dll
0x00007ffaec270000 - 0x00007ffaec281000 	C:\Windows\System32\kernel.appcore.dll
0x00007ffad5a60000 - 0x00007ffad5a6a000 	C:\Users\user_ta\.p2\pool\plugins\org.eclipse.justj.openjdk.hotspot.jre.full.win32.x86_64_17.0.4.v20221004-1257\jre\bin\jimage.dll
0x00007ffadb910000 - 0x00007ffadbafd000 	C:\Windows\SYSTEM32\DBGHELP.DLL
0x00007ffae6610000 - 0x00007ffae663a000 	C:\Windows\SYSTEM32\dbgcore.DLL
0x00007ffad5850000 - 0x00007ffad5875000 	C:\Users\user_ta\.p2\pool\plugins\org.eclipse.justj.openjdk.hotspot.jre.full.win32.x86_64_17.0.4.v20221004-1257\jre\bin\java.dll

dbghelp: loaded successfully - version: 4.0.5 - missing functions: none
symbol engine: initialized successfully - sym options: 0x614 - pdb path: .;C:\Users\user_ta\.p2\pool\plugins\org.eclipse.justj.openjdk.hotspot.jre.full.win32.x86_64_17.0.4.v20221004-1257\jre\bin;C:\Windows\SYSTEM32;C:\Windows\WinSxS\amd64_microsoft.windows.common-controls_6595b64144ccf1df_6.0.17763.2803_none_de6d9ee8534e8a05;C:\Users\user_ta\.p2\pool\plugins\org.eclipse.justj.openjdk.hotspot.jre.full.win32.x86_64_17.0.4.v20221004-1257\jre\bin\server

VM Arguments:
jvm_args: -ea -Dfile.encoding=windows-1252 -XX:+ShowCodeDetailsInExceptionMessages 
java_command: org.testng.remote.RemoteTestNG -serport 59948 -protocol json -d C:\Users\user_ta\Documents\chave\TIMP_R1\test-output C:\Users\user_ta\AppData\Local\Temp\2\testng-eclipse-1310473780\testng-customsuite.xml
java_class_path (initial): C:\Users\user_ta\eclipse\jee-2022-09\eclipse\configuration\org.eclipse.osgi\921\0\.cp\lib\testng-remote.jar;C:\Users\user_ta\Documents\chave\TIMP_R1\target\test-classes;C:\Users\user_ta\Documents\chave\TIMP_R1\target\classes;C:\Users\user_ta\.p2\pool\plugins\org.testng_7.4.0.r202105021533.jar;C:\Users\user_ta\.p2\pool\plugins\com.beust.jcommander_1.78.0.jar;C:\Users\user_ta\.p2\pool\plugins\org.apache-extras.beanshell.bsh_2.0.0.b6.jar;C:\Users\user_ta\.p2\pool\plugins\org.yaml.snakeyaml_1.27.0.v20201111-1638.jar;C:\Users\user_ta\.p2\pool\plugins\org.webjars.jquery_3.5.1.jar;C:\Users\user_ta\.m2\repository\org\seleniumhq\selenium\selenium-java\3.141.59\selenium-java-3.141.59.jar;C:\Users\user_ta\.m2\repository\org\seleniumhq\selenium\selenium-api\3.141.59\selenium-api-3.141.59.jar;C:\Users\user_ta\.m2\repository\org\seleniumhq\selenium\selenium-chrome-driver\3.141.59\selenium-chrome-driver-3.141.59.jar;C:\Users\user_ta\.m2\repository\org\seleniumhq\selenium\selenium-edge-driver\3.141.59\selenium-edge-driver-3.141.59.jar;C:\Users\user_ta\.m2\repository\org\seleniumhq\selenium\selenium-firefox-driver\3.141.59\selenium-firefox-driver-3.141.59.jar;C:\Users\user_ta\.m2\repository\org\seleniumhq\selenium\selenium-ie-driver\3.141.59\selenium-ie-driver-3.141.59.jar;C:\Users\user_ta\.m2\repository\org\seleniumhq\selenium\selenium-opera-driver\3.141.59\selenium-opera-driver-3.141.59.jar;C:\Users\user_ta\.m2\repository\org\seleniumhq\selenium\selenium-remote-driver\3.141.59\selenium-remote-driver-3.141.59.jar;C:\Users\user_ta\.m2\repository\org\seleniumhq\selenium\selenium-safari-driver\3.141.59\selenium-safari-driver-3.141.59.jar;C:\Users\user_ta\.m2\repository\org\seleniumhq\selenium\selenium-support\3.141.59\selenium-support-3.141.59.jar;C:\Users\user_ta\.m2\repository\net\bytebuddy\byte-buddy\1.8.15\byte-buddy-1.8.15.jar;C:\Users\user_ta\.m2\repository\org\apache\commons\commons-exec\1.3\commons-exec-1.3.jar;C:\Users\user_ta\.m2\repository\com\g
Launcher Type: SUN_STANDARD

[Global flags]
     intx CICompilerCount                          = 3                                         {product} {ergonomic}
     uint ConcGCThreads                            = 1                                         {product} {ergonomic}
     uint G1ConcRefinementThreads                  = 4                                         {product} {ergonomic}
   size_t G1HeapRegionSize                         = 2097152                                   {product} {ergonomic}
    uintx GCDrainStackTargetSize                   = 64                                        {product} {ergonomic}
   size_t InitialHeapSize                          = 268435456                                 {product} {ergonomic}
   size_t MarkStackSize                            = 4194304                                   {product} {ergonomic}
   size_t MaxHeapSize                              = 4294967296                                {product} {ergonomic}
   size_t MinHeapDeltaBytes                        = 2097152                                   {product} {ergonomic}
   size_t MinHeapSize                              = 8388608                                   {product} {ergonomic}
    uintx NonNMethodCodeHeapSize                   = 5832780                                {pd product} {ergonomic}
    uintx NonProfiledCodeHeapSize                  = 122912730                              {pd product} {ergonomic}
    uintx ProfiledCodeHeapSize                     = 122912730                              {pd product} {ergonomic}
    uintx ReservedCodeCacheSize                    = 251658240                              {pd product} {ergonomic}
     bool SegmentedCodeCache                       = true                                      {product} {ergonomic}
     bool ShowCodeDetailsInExceptionMessages       = true                                   {manageable} {command line}
   size_t SoftMaxHeapSize                          = 4294967296                             {manageable} {ergonomic}
     bool UseCompressedClassPointers               = true                           {product lp64_product} {ergonomic}
     bool UseCompressedOops                        = true                           {product lp64_product} {ergonomic}
     bool UseG1GC                                  = true                                      {product} {ergonomic}
     bool UseLargePagesIndividualAllocation        = false                                  {pd product} {ergonomic}

Logging:
Log output configuration:
 #0: stdout all=warning uptime,level,tags
 #1: stderr all=off uptime,level,tags

Environment Variables:
PATH=C:/Users/user_ta/.p2/pool/plugins/org.eclipse.justj.openjdk.hotspot.jre.full.win32.x86_64_17.0.4.v20221004-1257/jre/bin/server;C:/Users/user_ta/.p2/pool/plugins/org.eclipse.justj.openjdk.hotspot.jre.full.win32.x86_64_17.0.4.v20221004-1257/jre/bin;C:\Program Files\SAP\hdbclient;C:\Program Files (x86)\Common Files\Oracle\Java\javapath;C:\Windows\system32;C:\Windows;C:\Windows\System32\Wbem;C:\Windows\System32\WindowsPowerShell\v1.0\;C:\Windows\System32\OpenSSH\;C:\Program Files\Amazon\cfn-bootstrap\;C:\Program Files\Git\cmd;C:\Users\user_ta\AppData\Local\Microsoft\WindowsApps;C:\Users\user_ta\Downloads\sonar-scanner-4.7.0.2747-windows\bin;;C:\Windows\system32;
USERNAME=user_ta
OS=Windows_NT
PROCESSOR_IDENTIFIER=Intel64 Family 6 Model 63 Stepping 2, GenuineIntel
TMP=C:\Users\user_ta\AppData\Local\Temp\2
TEMP=C:\Users\user_ta\AppData\Local\Temp\2



---------------  S Y S T E M  ---------------

OS:
 Windows Server 2019 , 64 bit Build 17763 (10.0.17763.2803)
OS uptime: 15 days 17:33 hours
Xen hardware-assisted virtualization detected

CPU: total 4 (initial active 4) (4 cores per cpu, 1 threads per core) family 6 model 63 stepping 2 microcode 0x49, cx8, cmov, fxsr, mmx, sse, sse2, sse3, ssse3, sse4.1, sse4.2, popcnt, lzcnt, tsc, avx, avx2, aes, erms, clmul, bmi1, bmi2, fma, vzeroupper, clflush, hv

Memory: 4k page, system-wide physical 16383M (338M free)
TotalPageFile size 29183M (AvailPageFile size 109M)
current process WorkingSet (physical memory assigned to process): 10M, peak: 10M
current process commit charge ("private bytes"): 52M, peak: 307M

vm_info: OpenJDK 64-Bit Server VM (17.0.4.1+1) for windows-amd64 JRE (17.0.4.1+1), built on Aug 17 2022 07:42:43 by "temurin" with MS VC++ 16.7 (VS2019)

END.
