#
# There is insufficient memory for the Java Runtime Environment to continue.
# Native memory allocation (malloc) failed to allocate 32784 bytes for Chunk::new
# Possible reasons:
#   The system is out of physical RAM or swap space
#   The process is running with CompressedOops enabled, and the Java Heap may be blocking the growth of the native heap
# Possible solutions:
#   Reduce memory load on the system
#   Increase physical memory or swap space
#   Check if swap backing store is full
#   Decrease Java heap size (-Xmx/-Xms)
#   Decrease number of Java threads
#   Decrease Java thread stack sizes (-Xss)
#   Set larger code cache with -XX:ReservedCodeCacheSize=
#   JVM is running with Zero Based Compressed Oops mode in which the Java heap is
#     placed in the first 32GB address space. The Java Heap base address is the
#     maximum limit for the native heap growth. Please use -XX:HeapBaseMinAddress
#     to set the Java Heap base and to place the Java Heap above 32GB virtual address.
# This output file may be truncated or incomplete.
#
#  Out of Memory Error (arena.cpp:189), pid=85152, tid=75084
#
# JRE version: OpenJDK Runtime Environment Temurin-17.0.4.1+1 (17.0.4.1+1) (build 17.0.4.1+1)
# Java VM: OpenJDK 64-Bit Server VM Temurin-17.0.4.1+1 (17.0.4.1+1, mixed mode, tiered, compressed oops, compressed class ptrs, g1 gc, windows-amd64)
# Core dump will be written. Default location: C:\Users\user_ta\Documents\chave\TIMP_R1\hs_err_pid85152.mdmp
#

---------------  S U M M A R Y ------------

Command Line: -ea -Dfile.encoding=windows-1252 -XX:+ShowCodeDetailsInExceptionMessages org.testng.remote.RemoteTestNG -serport 50367 -protocol json -d C:\Users\user_ta\Documents\chave\TIMP_R1\test-output C:\Users\user_ta\Documents\chave\TIMP_R1\src\test\java\com\timp\test\ATR\Automacoes\AutomacoesATR3.xml

Host: Intel(R) Xeon(R) CPU E5-2676 v3 @ 2.40GHz, 4 cores, 15G,  Windows Server 2019 , 64 bit Build 17763 (10.0.17763.2803)
Time: Mon Nov  6 15:32:55 2023 Coordinated Universal Time elapsed time: 145.255487 seconds (0d 0h 2m 25s)

---------------  T H R E A D  ---------------

Current thread (0x000001d279894da0):  JavaThread "C2 CompilerThread0" daemon [_thread_in_native, id=75084, stack(0x000000981cb00000,0x000000981cc00000)]


Current CompileTask:
C2: 145255 3000 %     4       sun.nio.ch.NioSocketImpl::timedRead @ 16 (85 bytes)

Stack: [0x000000981cb00000,0x000000981cc00000]
Native frames: (J=compiled Java code, j=interpreted, Vv=VM code, C=native code)
V  [jvm.dll+0x67731a]
V  [jvm.dll+0x832284]
V  [jvm.dll+0x833a2e]
V  [jvm.dll+0x834093]
V  [jvm.dll+0x245775]
V  [jvm.dll+0xabd7b]
V  [jvm.dll+0xac30c]
V  [jvm.dll+0xabe8b]
V  [jvm.dll+0x6548dc]
V  [jvm.dll+0x603107]
V  [jvm.dll+0x608a4b]
V  [jvm.dll+0x609812]
V  [jvm.dll+0x607d74]
V  [jvm.dll+0x2184f8]
V  [jvm.dll+0x217aa1]
V  [jvm.dll+0x1a3f8d]
V  [jvm.dll+0x227498]
V  [jvm.dll+0x2255e5]
V  [jvm.dll+0x7e7e9b]
V  [jvm.dll+0x7e240a]
V  [jvm.dll+0x6761a5]
C  [ucrtbase.dll+0x2268a]
C  [KERNEL32.DLL+0x17974]
C  [ntdll.dll+0x5a2f1]


---------------  P R O C E S S  ---------------

Threads class SMR info:
_java_thread_list=0x000001d27b50fa30, length=19, elements={
0x000001d25a829840, 0x000001d2798593e0, 0x000001d27981da60, 0x000001d279899480,
0x000001d279899d40, 0x000001d27988f870, 0x000001d279892b30, 0x000001d279894da0,
0x000001d2798b5eb0, 0x000001d2798b63c0, 0x000001d279a1b2f0, 0x000001d279a1cfd0,
0x000001d279a1d970, 0x000001d279a1bc90, 0x000001d279a1de40, 0x000001d279a1c160,
0x000001d279a1b7c0, 0x000001d279a1cb00, 0x000001d279a1d4a0
}

Java Threads: ( => current thread )
  0x000001d25a829840 JavaThread "Forwarding findElement on session fa4f2b67f353fbf019be4d6fc1301b61 to remote" [_thread_in_native, id=77180, stack(0x000000981be00000,0x000000981bf00000)]
  0x000001d2798593e0 JavaThread "Reference Handler" daemon [_thread_blocked, id=89836, stack(0x000000981c500000,0x000000981c600000)]
  0x000001d27981da60 JavaThread "Finalizer" daemon [_thread_blocked, id=81932, stack(0x000000981c600000,0x000000981c700000)]
  0x000001d279899480 JavaThread "Signal Dispatcher" daemon [_thread_blocked, id=70600, stack(0x000000981c700000,0x000000981c800000)]
  0x000001d279899d40 JavaThread "Attach Listener" daemon [_thread_blocked, id=60116, stack(0x000000981c800000,0x000000981c900000)]
  0x000001d27988f870 JavaThread "Service Thread" daemon [_thread_blocked, id=82436, stack(0x000000981c900000,0x000000981ca00000)]
  0x000001d279892b30 JavaThread "Monitor Deflation Thread" daemon [_thread_blocked, id=59704, stack(0x000000981ca00000,0x000000981cb00000)]
=>0x000001d279894da0 JavaThread "C2 CompilerThread0" daemon [_thread_in_native, id=75084, stack(0x000000981cb00000,0x000000981cc00000)]
  0x000001d2798b5eb0 JavaThread "C1 CompilerThread0" daemon [_thread_blocked, id=75396, stack(0x000000981cc00000,0x000000981cd00000)]
  0x000001d2798b63c0 JavaThread "Sweeper thread" daemon [_thread_blocked, id=78712, stack(0x000000981cd00000,0x000000981ce00000)]
  0x000001d279a1b2f0 JavaThread "Notification Thread" daemon [_thread_blocked, id=75372, stack(0x000000981ce00000,0x000000981cf00000)]
  0x000001d279a1cfd0 JavaThread "Common-Cleaner" daemon [_thread_blocked, id=48956, stack(0x000000981d000000,0x000000981d100000)]
  0x000001d279a1d970 JavaThread "ReaderThread" [_thread_in_native, id=67112, stack(0x000000981d300000,0x000000981d400000)]
  0x000001d279a1bc90 JavaThread "ForkJoinPool.commonPool-worker-3" daemon [_thread_blocked, id=81120, stack(0x000000981d900000,0x000000981da00000)]
  0x000001d279a1de40 JavaThread "Exec Default Executor" daemon [_thread_in_native, id=63636, stack(0x000000981da00000,0x000000981db00000)]
  0x000001d279a1c160 JavaThread "Exec Stream Pumper" daemon [_thread_in_native, id=55800, stack(0x000000981dc00000,0x000000981dd00000)]
  0x000001d279a1b7c0 JavaThread "Exec Stream Pumper" daemon [_thread_in_native, id=84752, stack(0x000000981dd00000,0x000000981de00000)]
  0x000001d279a1cb00 JavaThread "OkHttp ConnectionPool" daemon [_thread_blocked, id=82628, stack(0x000000981df00000,0x000000981e000000)]
  0x000001d279a1d4a0 JavaThread "Okio Watchdog" daemon [_thread_blocked, id=89948, stack(0x000000981e000000,0x000000981e100000)]

Other Threads:
  0x000001d278bdbc40 VMThread "VM Thread" [stack: 0x000000981c400000,0x000000981c500000] [id=76116]
  0x000001d279a1e910 WatcherThread [stack: 0x000000981cf00000,0x000000981d000000] [id=76948]
  0x000001d25a895390 GCTaskThread "GC Thread#0" [stack: 0x000000981bf00000,0x000000981c000000] [id=92028]
  0x000001d27a3e2580 GCTaskThread "GC Thread#1" [stack: 0x000000981d400000,0x000000981d500000] [id=89748]
  0x000001d27a371d60 GCTaskThread "GC Thread#2" [stack: 0x000000981d500000,0x000000981d600000] [id=87404]
  0x000001d27a35ee00 GCTaskThread "GC Thread#3" [stack: 0x000000981d600000,0x000000981d700000] [id=65340]
  0x000001d25a8a62d0 ConcurrentGCThread "G1 Main Marker" [stack: 0x000000981c000000,0x000000981c100000] [id=65516]
  0x000001d25a8a8df0 ConcurrentGCThread "G1 Conc#0" [stack: 0x000000981c100000,0x000000981c200000] [id=90472]
  0x000001d278a934e0 ConcurrentGCThread "G1 Refine#0" [stack: 0x000000981c200000,0x000000981c300000] [id=63296]
  0x000001d278a94c70 ConcurrentGCThread "G1 Service" [stack: 0x000000981c300000,0x000000981c400000] [id=87836]

Threads with active compile tasks:
C2 CompilerThread0   145296 3000 %     4       sun.nio.ch.NioSocketImpl::timedRead @ 16 (85 bytes)

VM state: not at safepoint (normal execution)

VM Mutex/Monitor currently owned by a thread: None

Heap address: 0x0000000700000000, size: 4096 MB, Compressed Oops mode: Zero based, Oop shift amount: 3

CDS archive(s) not mapped
Compressed class space mapped at: 0x0000000800000000-0x0000000840000000, reserved size: 1073741824
Narrow klass base: 0x0000000800000000, Narrow klass shift: 0, Narrow klass range: 0x40000000

GC Precious Log:
 CPUs: 4 total, 4 available
 Memory: 16383M
 Large Page Support: Disabled
 NUMA Support: Disabled
 Compressed Oops: Enabled (Zero based)
 Heap Region Size: 2M
 Heap Min Capacity: 8M
 Heap Initial Capacity: 256M
 Heap Max Capacity: 4G
 Pre-touch: Disabled
 Parallel Workers: 4
 Concurrent Workers: 1
 Concurrent Refinement Workers: 4
 Periodic GC: Disabled

Heap:
 garbage-first heap   total 34816K, used 11782K [0x0000000700000000, 0x0000000800000000)
  region size 2048K, 4 young (8192K), 1 survivors (2048K)
 Metaspace       used 24512K, committed 24768K, reserved 1073152K
  class space    used 2638K, committed 2752K, reserved 1048576K

Heap Regions: E=young(eden), S=young(survivor), O=old, HS=humongous(starts), HC=humongous(continues), CS=collection set, F=free, OA=open archive, CA=closed archive, TAMS=top-at-mark-start (previous, next)
|   0|0x0000000700000000, 0x0000000700200000, 0x0000000700200000|100%| O|  |TAMS 0x0000000700200000, 0x0000000700000000| Untracked 
|   1|0x0000000700200000, 0x0000000700200000, 0x0000000700400000|  0%| F|  |TAMS 0x0000000700200000, 0x0000000700200000| Untracked 
|   2|0x0000000700400000, 0x0000000700600000, 0x0000000700600000|100%| O|  |TAMS 0x0000000700400000, 0x0000000700400000| Untracked 
|   3|0x0000000700600000, 0x0000000700800000, 0x0000000700800000|100%| O|  |TAMS 0x0000000700600000, 0x0000000700600000| Untracked 
|   4|0x0000000700800000, 0x0000000700951800, 0x0000000700a00000| 65%| O|  |TAMS 0x0000000700800000, 0x0000000700800000| Untracked 
|   5|0x0000000700a00000, 0x0000000700a00000, 0x0000000700c00000|  0%| F|  |TAMS 0x0000000700a00000, 0x0000000700a00000| Untracked 
|   6|0x0000000700c00000, 0x0000000700c00000, 0x0000000700e00000|  0%| F|  |TAMS 0x0000000700c00000, 0x0000000700c00000| Untracked 
|   7|0x0000000700e00000, 0x0000000700e00000, 0x0000000701000000|  0%| F|  |TAMS 0x0000000700e00000, 0x0000000700e00000| Untracked 
|   8|0x0000000701000000, 0x0000000701030160, 0x0000000701200000|  9%| S|CS|TAMS 0x0000000701000000, 0x0000000701000000| Complete 
|   9|0x0000000701200000, 0x0000000701200000, 0x0000000701400000|  0%| F|  |TAMS 0x0000000701200000, 0x0000000701200000| Untracked 
|  10|0x0000000701400000, 0x0000000701400000, 0x0000000701600000|  0%| F|  |TAMS 0x0000000701400000, 0x0000000701400000| Untracked 
|  11|0x0000000701600000, 0x0000000701600000, 0x0000000701800000|  0%| F|  |TAMS 0x0000000701600000, 0x0000000701600000| Untracked 
|  12|0x0000000701800000, 0x0000000701800000, 0x0000000701a00000|  0%| F|  |TAMS 0x0000000701800000, 0x0000000701800000| Untracked 
|  13|0x0000000701a00000, 0x0000000701a00000, 0x0000000701c00000|  0%| F|  |TAMS 0x0000000701a00000, 0x0000000701a00000| Untracked 
| 115|0x000000070e600000, 0x000000070e66d830, 0x000000070e800000| 21%| E|  |TAMS 0x000000070e600000, 0x000000070e600000| Complete 
| 116|0x000000070e800000, 0x000000070ea00000, 0x000000070ea00000|100%| E|CS|TAMS 0x000000070e800000, 0x000000070e800000| Complete 
| 127|0x000000070fe00000, 0x0000000710000000, 0x0000000710000000|100%| E|CS|TAMS 0x000000070fe00000, 0x000000070fe00000| Complete 

Card table byte_map: [0x000001d26d6e0000,0x000001d26dee0000] _byte_map_base: 0x000001d269ee0000

Marking Bits (Prev, Next): (CMBitMap*) 0x000001d25a8959e0, (CMBitMap*) 0x000001d25a8959a0
 Prev Bits: [0x000001d2726e0000, 0x000001d2766e0000)
 Next Bits: [0x000001d26e6e0000, 0x000001d2726e0000)

Polling page: 0x000001d259ff0000

Metaspace:

Usage:
  Non-class:     21.36 MB used.
      Class:      2.58 MB used.
       Both:     23.94 MB used.

Virtual space:
  Non-class space:       24.00 MB reserved,      21.50 MB ( 90%) committed,  3 nodes.
      Class space:        1.00 GB reserved,       2.69 MB ( <1%) committed,  1 nodes.
             Both:        1.02 GB reserved,      24.19 MB (  2%) committed. 

Chunk freelists:
   Non-Class:  2.09 MB
       Class:  1.25 MB
        Both:  3.35 MB

MaxMetaspaceSize: unlimited
CompressedClassSpaceSize: 1.00 GB
Initial GC threshold: 21.00 MB
Current GC threshold: 35.31 MB
CDS: off
MetaspaceReclaimPolicy: balanced
 - commit_granule_bytes: 65536.
 - commit_granule_words: 8192.
 - virtual_space_node_default_size: 1048576.
 - enlarge_chunks_in_place: 1.
 - new_chunks_are_fully_committed: 0.
 - uncommit_free_chunks: 1.
 - use_allocation_guard: 0.
 - handle_deallocations: 1.


Internal statistics:

num_allocs_failed_limit: 3.
num_arena_births: 194.
num_arena_deaths: 0.
num_vsnodes_births: 4.
num_vsnodes_deaths: 0.
num_space_committed: 387.
num_space_uncommitted: 0.
num_chunks_returned_to_freelist: 3.
num_chunks_taken_from_freelist: 637.
num_chunk_merges: 3.
num_chunk_splits: 375.
num_chunks_enlarged: 250.
num_purges: 0.
num_inconsistent_stats: 0.

CodeHeap 'non-profiled nmethods': size=120000Kb used=1137Kb max_used=1137Kb free=118862Kb
 bounds [0x000001d2659b0000, 0x000001d265c20000, 0x000001d26cee0000]
CodeHeap 'profiled nmethods': size=120000Kb used=5603Kb max_used=5603Kb free=114396Kb
 bounds [0x000001d25e480000, 0x000001d25ea00000, 0x000001d2659b0000]
CodeHeap 'non-nmethods': size=5760Kb used=1227Kb max_used=1262Kb free=4532Kb
 bounds [0x000001d25dee0000, 0x000001d25e150000, 0x000001d25e480000]
 total_blobs=3534 nmethods=2999 adapters=447
 compilation: enabled
              stopped_count=0, restarted_count=0
 full_count=0

Compilation events (20 events):
Event: 141.183 Thread 0x000001d2798b5eb0 nmethod 2994 0x000001d25e9f2890 code [0x000001d25e9f2a40, 0x000001d25e9f2d78]
Event: 141.183 Thread 0x000001d2798b5eb0 2990       3       okhttp3.internal.connection.StreamAllocation::deallocate (155 bytes)
Event: 141.184 Thread 0x000001d2798b5eb0 nmethod 2990 0x000001d25e9f2f10 code [0x000001d25e9f3140, 0x000001d25e9f3928]
Event: 141.184 Thread 0x000001d2798b5eb0 2991       3       okhttp3.internal.http1.Http1Codec$FixedLengthSource::read (137 bytes)
Event: 141.184 Thread 0x000001d2798b5eb0 nmethod 2991 0x000001d25e9f3c10 code [0x000001d25e9f3ec0, 0x000001d25e9f49e8]
Event: 141.184 Thread 0x000001d2798b5eb0 2992       3       java.util.ArrayDeque$DeqIterator::next (62 bytes)
Event: 141.185 Thread 0x000001d2798b5eb0 nmethod 2992 0x000001d25e9f4e10 code [0x000001d25e9f4fe0, 0x000001d25e9f53f8]
Event: 141.185 Thread 0x000001d2798b5eb0 2993       3       java.util.ArrayDeque::nonNullElementAt (18 bytes)
Event: 141.185 Thread 0x000001d2798b5eb0 nmethod 2993 0x000001d25e9f5610 code [0x000001d25e9f57c0, 0x000001d25e9f5988]
Event: 143.184 Thread 0x000001d2798b5eb0 2995       3       java.util.ArrayList::equalsRange (85 bytes)
Event: 143.185 Thread 0x000001d2798b5eb0 nmethod 2995 0x000001d25e9f5a90 code [0x000001d25e9f5cc0, 0x000001d25e9f6598]
Event: 143.195 Thread 0x000001d2798b5eb0 2996       3       org.openqa.selenium.json.JsonOutput$$Lambda$248/0x000000080021dd20::test (12 bytes)
Event: 143.195 Thread 0x000001d2798b5eb0 nmethod 2996 0x000001d25e9f6810 code [0x000001d25e9f69c0, 0x000001d25e9f6c08]
Event: 143.195 Thread 0x000001d2798b5eb0 2997       3       org.openqa.selenium.json.JsonOutput$$Lambda$249/0x000000080021df70::consume (13 bytes)
Event: 143.196 Thread 0x000001d2798b5eb0 nmethod 2997 0x000001d25e9f6d10 code [0x000001d25e9f6f60, 0x000001d25e9f7978]
Event: 143.196 Thread 0x000001d2798b5eb0 2998       3       org.openqa.selenium.json.JsonOutput::lambda$new$24 (27 bytes)
Event: 143.196 Thread 0x000001d2798b5eb0 nmethod 2998 0x000001d25e9f7c90 code [0x000001d25e9f7ec0, 0x000001d25e9f8778]
Event: 145.237 Thread 0x000001d2798b5eb0 2999       3       java.util.regex.Pattern::compile (10 bytes)
Event: 145.237 Thread 0x000001d2798b5eb0 nmethod 2999 0x000001d25e9f8a90 code [0x000001d25e9f8c40, 0x000001d25e9f8de8]
Event: 145.238 Thread 0x000001d279894da0 3000 %     4       sun.nio.ch.NioSocketImpl::timedRead @ 16 (85 bytes)

GC Heap History (20 events):
Event: 1.613 GC heap before
{Heap before GC invocations=2 (full 0):
 garbage-first heap   total 262144K, used 20056K [0x0000000700000000, 0x0000000800000000)
  region size 2048K, 11 young (22528K), 1 survivors (2048K)
 Metaspace       used 21314K, committed 21504K, reserved 1073152K
  class space    used 2299K, committed 2368K, reserved 1048576K
}
Event: 1.617 GC heap after
{Heap after GC invocations=3 (full 0):
 garbage-first heap   total 262144K, used 6379K [0x0000000700000000, 0x0000000800000000)
  region size 2048K, 2 young (4096K), 2 survivors (4096K)
 Metaspace       used 21314K, committed 21504K, reserved 1073152K
  class space    used 2299K, committed 2368K, reserved 1048576K
}
Event: 10.028 GC heap before
{Heap before GC invocations=4 (full 0):
 garbage-first heap   total 34816K, used 22763K [0x0000000700000000, 0x0000000800000000)
  region size 2048K, 10 young (20480K), 2 survivors (4096K)
 Metaspace       used 23867K, committed 24064K, reserved 1073152K
  class space    used 2606K, committed 2688K, reserved 1048576K
}
Event: 10.032 GC heap after
{Heap after GC invocations=5 (full 0):
 garbage-first heap   total 34816K, used 7500K [0x0000000700000000, 0x0000000800000000)
  region size 2048K, 1 young (2048K), 1 survivors (2048K)
 Metaspace       used 23867K, committed 24064K, reserved 1073152K
  class space    used 2606K, committed 2688K, reserved 1048576K
}
Event: 11.576 GC heap before
{Heap before GC invocations=5 (full 0):
 garbage-first heap   total 34816K, used 9548K [0x0000000700000000, 0x0000000800000000)
  region size 2048K, 2 young (4096K), 1 survivors (2048K)
 Metaspace       used 23880K, committed 24064K, reserved 1073152K
  class space    used 2606K, committed 2688K, reserved 1048576K
}
Event: 11.582 GC heap after
{Heap after GC invocations=6 (full 0):
 garbage-first heap   total 34816K, used 7673K [0x0000000700000000, 0x0000000800000000)
  region size 2048K, 1 young (2048K), 1 survivors (2048K)
 Metaspace       used 23880K, committed 24064K, reserved 1073152K
  class space    used 2606K, committed 2688K, reserved 1048576K
}
Event: 19.755 GC heap before
{Heap before GC invocations=6 (full 0):
 garbage-first heap   total 34816K, used 19961K [0x0000000700000000, 0x0000000800000000)
  region size 2048K, 7 young (14336K), 1 survivors (2048K)
 Metaspace       used 23932K, committed 24128K, reserved 1073152K
  class space    used 2607K, committed 2688K, reserved 1048576K
}
Event: 19.755 GC heap after
{Heap after GC invocations=7 (full 0):
 garbage-first heap   total 34816K, used 7652K [0x0000000700000000, 0x0000000800000000)
  region size 2048K, 1 young (2048K), 1 survivors (2048K)
 Metaspace       used 23932K, committed 24128K, reserved 1073152K
  class space    used 2607K, committed 2688K, reserved 1048576K
}
Event: 43.029 GC heap before
{Heap before GC invocations=7 (full 0):
 garbage-first heap   total 34816K, used 19940K [0x0000000700000000, 0x0000000800000000)
  region size 2048K, 8 young (16384K), 1 survivors (2048K)
 Metaspace       used 24055K, committed 24256K, reserved 1073152K
  class space    used 2612K, committed 2688K, reserved 1048576K
}
Event: 43.030 GC heap after
{Heap after GC invocations=8 (full 0):
 garbage-first heap   total 34816K, used 7519K [0x0000000700000000, 0x0000000800000000)
  region size 2048K, 1 young (2048K), 1 survivors (2048K)
 Metaspace       used 24055K, committed 24256K, reserved 1073152K
  class space    used 2612K, committed 2688K, reserved 1048576K
}
Event: 61.926 GC heap before
{Heap before GC invocations=8 (full 0):
 garbage-first heap   total 34816K, used 21855K [0x0000000700000000, 0x0000000800000000)
  region size 2048K, 8 young (16384K), 1 survivors (2048K)
 Metaspace       used 24201K, committed 24384K, reserved 1073152K
  class space    used 2624K, committed 2688K, reserved 1048576K
}
Event: 61.927 GC heap after
{Heap after GC invocations=9 (full 0):
 garbage-first heap   total 34816K, used 7629K [0x0000000700000000, 0x0000000800000000)
  region size 2048K, 1 young (2048K), 1 survivors (2048K)
 Metaspace       used 24201K, committed 24384K, reserved 1073152K
  class space    used 2624K, committed 2688K, reserved 1048576K
}
Event: 64.560 GC heap before
{Heap before GC invocations=9 (full 0):
 garbage-first heap   total 34816K, used 21965K [0x0000000700000000, 0x0000000800000000)
  region size 2048K, 9 young (18432K), 1 survivors (2048K)
 Metaspace       used 24212K, committed 24384K, reserved 1073152K
  class space    used 2624K, committed 2688K, reserved 1048576K
}
Event: 64.560 GC heap after
{Heap after GC invocations=10 (full 0):
 garbage-first heap   total 34816K, used 7600K [0x0000000700000000, 0x0000000800000000)
  region size 2048K, 1 young (2048K), 1 survivors (2048K)
 Metaspace       used 24212K, committed 24384K, reserved 1073152K
  class space    used 2624K, committed 2688K, reserved 1048576K
}
Event: 129.549 GC heap before
{Heap before GC invocations=10 (full 0):
 garbage-first heap   total 34816K, used 21936K [0x0000000700000000, 0x0000000800000000)
  region size 2048K, 9 young (18432K), 1 survivors (2048K)
 Metaspace       used 24467K, committed 24704K, reserved 1073152K
  class space    used 2638K, committed 2752K, reserved 1048576K
}
Event: 129.550 GC heap after
{Heap after GC invocations=11 (full 0):
 garbage-first heap   total 34816K, used 7630K [0x0000000700000000, 0x0000000800000000)
  region size 2048K, 1 young (2048K), 1 survivors (2048K)
 Metaspace       used 24467K, committed 24704K, reserved 1073152K
  class space    used 2638K, committed 2752K, reserved 1048576K
}
Event: 132.311 GC heap before
{Heap before GC invocations=11 (full 0):
 garbage-first heap   total 34816K, used 24014K [0x0000000700000000, 0x0000000800000000)
  region size 2048K, 9 young (18432K), 1 survivors (2048K)
 Metaspace       used 24479K, committed 24768K, reserved 1073152K
  class space    used 2638K, committed 2752K, reserved 1048576K
}
Event: 132.312 GC heap after
{Heap after GC invocations=12 (full 0):
 garbage-first heap   total 34816K, used 7702K [0x0000000700000000, 0x0000000800000000)
  region size 2048K, 1 young (2048K), 1 survivors (2048K)
 Metaspace       used 24479K, committed 24768K, reserved 1073152K
  class space    used 2638K, committed 2752K, reserved 1048576K
}
Event: 138.528 GC heap before
{Heap before GC invocations=12 (full 0):
 garbage-first heap   total 34816K, used 24086K [0x0000000700000000, 0x0000000800000000)
  region size 2048K, 9 young (18432K), 1 survivors (2048K)
 Metaspace       used 24481K, committed 24768K, reserved 1073152K
  class space    used 2638K, committed 2752K, reserved 1048576K
}
Event: 138.529 GC heap after
{Heap after GC invocations=13 (full 0):
 garbage-first heap   total 34816K, used 7686K [0x0000000700000000, 0x0000000800000000)
  region size 2048K, 1 young (2048K), 1 survivors (2048K)
 Metaspace       used 24481K, committed 24768K, reserved 1073152K
  class space    used 2638K, committed 2752K, reserved 1048576K
}

Deoptimization events (20 events):
Event: 4.567 Thread 0x000001d25a829840 DEOPT PACKING pc=0x000001d25e781756 sp=0x000000981befc500
Event: 4.567 Thread 0x000001d25a829840 DEOPT UNPACKING pc=0x000001d25df32b43 sp=0x000000981befb988 mode 0
Event: 11.623 Thread 0x000001d25a829840 DEOPT PACKING pc=0x000001d25e8b29e8 sp=0x000000981befcad0
Event: 11.623 Thread 0x000001d25a829840 DEOPT UNPACKING pc=0x000001d25df32b43 sp=0x000000981befbfa0 mode 0
Event: 50.353 Thread 0x000001d25a829840 Uncommon trap: trap_request=0xffffff45 fr.pc=0x000001d265a43af0 relative=0x00000000000004b0
Event: 50.353 Thread 0x000001d25a829840 Uncommon trap: reason=unstable_if action=reinterpret pc=0x000001d265a43af0 method=java.util.HashMap$HashIterator.<init>(Ljava/util/HashMap;)V @ 45 c2
Event: 50.353 Thread 0x000001d25a829840 DEOPT PACKING pc=0x000001d265a43af0 sp=0x000000981befd870
Event: 50.353 Thread 0x000001d25a829840 DEOPT UNPACKING pc=0x000001d25df323a3 sp=0x000000981befd700 mode 2
Event: 50.354 Thread 0x000001d25a829840 Uncommon trap: trap_request=0xffffff45 fr.pc=0x000001d265a49864 relative=0x0000000000000244
Event: 50.354 Thread 0x000001d25a829840 Uncommon trap: reason=unstable_if action=reinterpret pc=0x000001d265a49864 method=java.util.HashMap$HashIterator.<init>(Ljava/util/HashMap;)V @ 45 c2
Event: 50.354 Thread 0x000001d25a829840 DEOPT PACKING pc=0x000001d265a49864 sp=0x000000981befd820
Event: 50.354 Thread 0x000001d25a829840 DEOPT UNPACKING pc=0x000001d25df323a3 sp=0x000000981befd710 mode 2
Event: 50.354 Thread 0x000001d25a829840 Uncommon trap: trap_request=0xffffff45 fr.pc=0x000001d265a04a84 relative=0x0000000000000364
Event: 50.354 Thread 0x000001d25a829840 Uncommon trap: reason=unstable_if action=reinterpret pc=0x000001d265a04a84 method=java.util.HashMap$HashIterator.<init>(Ljava/util/HashMap;)V @ 45 c2
Event: 50.354 Thread 0x000001d25a829840 DEOPT PACKING pc=0x000001d265a04a84 sp=0x000000981befd770
Event: 50.354 Thread 0x000001d25a829840 DEOPT UNPACKING pc=0x000001d25df323a3 sp=0x000000981befd728 mode 2
Event: 79.877 Thread 0x000001d25a829840 Uncommon trap: trap_request=0xffffff45 fr.pc=0x000001d265a91cc4 relative=0x0000000000000124
Event: 79.877 Thread 0x000001d25a829840 Uncommon trap: reason=unstable_if action=reinterpret pc=0x000001d265a91cc4 method=java.lang.ThreadLocal$ThreadLocalMap.getEntry(Ljava/lang/ThreadLocal;)Ljava/lang/ThreadLocal$ThreadLocalMap$Entry; @ 29 c2
Event: 79.877 Thread 0x000001d25a829840 DEOPT PACKING pc=0x000001d265a91cc4 sp=0x000000981befe180
Event: 79.877 Thread 0x000001d25a829840 DEOPT UNPACKING pc=0x000001d25df323a3 sp=0x000000981befe098 mode 2

Classes unloaded (0 events):
No events

Classes redefined (0 events):
No events

Internal exceptions (20 events):
Event: 1.370 Thread 0x000001d279a1de40 Exception <a 'java/lang/NoSuchMethodError'{0x000000070f2272b8}: 'java.lang.Object java.lang.invoke.Invokers$Holder.linkToTargetMethod(java.lang.Object, long, java.lang.Object)'> (0x000000070f2272b8) 
thrown [s\src\hotspot\share\interpreter\linkResolver.cpp, line 759]
Event: 1.381 Thread 0x000001d279a1a950 Exception <a 'java/net/ConnectException'{0x000000070f237158}: Connection refused: no further information> (0x000000070f237158) 
thrown [s\src\hotspot\share\prims\jni.cpp, line 535]
Event: 1.381 Thread 0x000001d279a1a950 Exception <a 'java/net/SocketException'{0x000000070f237490}: Socket is not connected: shutdown> (0x000000070f237490) 
thrown [s\src\hotspot\share\prims\jni.cpp, line 535]
Event: 1.403 Thread 0x000001d279a1a950 Exception <a 'java/net/ConnectException'{0x000000070f238428}: Connection refused: no further information> (0x000000070f238428) 
thrown [s\src\hotspot\share\prims\jni.cpp, line 535]
Event: 1.403 Thread 0x000001d279a1a950 Exception <a 'java/net/SocketException'{0x000000070f238760}: Socket is not connected: shutdown> (0x000000070f238760) 
thrown [s\src\hotspot\share\prims\jni.cpp, line 535]
Event: 1.461 Thread 0x000001d25a829840 Exception <a 'java/lang/NoSuchMethodError'{0x000000070f337e90}: 'java.lang.Object java.lang.invoke.DirectMethodHandle$Holder.invokeInterface(java.lang.Object, java.lang.Object, java.lang.Object)'> (0x000000070f337e90) 
thrown [s\src\hotspot\share\interpreter\linkResolver.cpp, line 759]
Event: 1.462 Thread 0x000001d25a829840 Exception <a 'java/lang/IncompatibleClassChangeError'{0x000000070f33b9f8}: Found class java.lang.Object, but interface was expected> (0x000000070f33b9f8) 
thrown [s\src\hotspot\share\interpreter\linkResolver.cpp, line 826]
Event: 1.463 Thread 0x000001d25a829840 Exception <a 'java/lang/NoSuchMethodError'{0x000000070f344158}: 'int java.lang.invoke.DirectMethodHandle$Holder.invokeSpecialIFC(java.lang.Object, java.lang.Object, java.lang.Object, java.lang.Object)'> (0x000000070f344158) 
thrown [s\src\hotspot\share\interpreter\linkResolver.cpp, line 759]
Event: 1.464 Thread 0x000001d25a829840 Exception <a 'java/lang/NoSuchMethodError'{0x000000070f34c6e0}: 'java.lang.Object java.lang.invoke.DirectMethodHandle$Holder.invokeInterface(java.lang.Object, java.lang.Object, java.lang.Object, java.lang.Object)'> (0x000000070f34c6e0) 
thrown [s\src\hotspot\share\interpreter\linkResolver.cpp, line 759]
Event: 1.469 Thread 0x000001d25a829840 Exception <a 'java/lang/NoSuchMethodError'{0x000000070f371f70}: 'java.lang.Object java.lang.invoke.DirectMethodHandle$Holder.invokeVirtual(java.lang.Object, java.lang.Object, java.lang.Object)'> (0x000000070f371f70) 
thrown [s\src\hotspot\share\interpreter\linkResolver.cpp, line 759]
Event: 1.477 Thread 0x000001d25a829840 Exception <a 'java/lang/NoSuchMethodError'{0x000000070f3e6c68}: 'void java.lang.invoke.DirectMethodHandle$Holder.invokeInterface(java.lang.Object, java.lang.Object, java.lang.Object)'> (0x000000070f3e6c68) 
thrown [s\src\hotspot\share\interpreter\linkResolver.cpp, line 759]
Event: 1.487 Thread 0x000001d25a829840 Exception <a 'java/lang/NoSuchMethodError'{0x000000070ee49aa8}: 'double java.lang.invoke.DirectMethodHandle$Holder.invokeVirtual(java.lang.Object, java.lang.Object)'> (0x000000070ee49aa8) 
thrown [s\src\hotspot\share\interpreter\linkResolver.cpp, line 759]
Event: 1.488 Thread 0x000001d25a829840 Exception <a 'java/lang/NoSuchMethodError'{0x000000070ee50228}: 'float java.lang.invoke.DirectMethodHandle$Holder.invokeVirtual(java.lang.Object, java.lang.Object)'> (0x000000070ee50228) 
thrown [s\src\hotspot\share\interpreter\linkResolver.cpp, line 759]
Event: 1.489 Thread 0x000001d25a829840 Exception <a 'java/lang/NoSuchMethodError'{0x000000070ee591e8}: 'long java.lang.invoke.DirectMethodHandle$Holder.invokeVirtual(java.lang.Object, java.lang.Object)'> (0x000000070ee591e8) 
thrown [s\src\hotspot\share\interpreter\linkResolver.cpp, line 759]
Event: 1.521 Thread 0x000001d25a829840 Exception <a 'java/lang/NoSuchMethodError'{0x000000070ef9ae30}: 'void java.lang.invoke.DirectMethodHandle$Holder.invokeSpecial(java.lang.Object, java.lang.Object, java.lang.Object, java.lang.Object, java.lang.Object)'> (0x000000070ef9ae30) 
thrown [s\src\hotspot\share\interpreter\linkResolver.cpp, line 759]
Event: 1.544 Thread 0x000001d25a829840 Exception <a 'java/lang/NoSuchMethodError'{0x000000070ec70090}: 'java.lang.Object java.lang.invoke.DirectMethodHandle$Holder.newInvokeSpecial(java.lang.Object, java.lang.Object, java.lang.Object, java.lang.Object, java.lang.Object)'> (0x000000070ec70090) 
thrown [s\src\hotspot\share\interpreter\linkResolver.cpp, line 759]
Event: 2.382 Thread 0x000001d25a829840 Exception <a 'java/lang/NoSuchMethodError'{0x000000070181e9f0}: 'java.lang.Object java.lang.invoke.DirectMethodHandle$Holder.invokeSpecialIFC(java.lang.Object, java.lang.Object, java.lang.Object)'> (0x000000070181e9f0) 
thrown [s\src\hotspot\share\interpreter\linkResolver.cpp, line 759]
Event: 2.401 Thread 0x000001d25a829840 Exception <a 'java/lang/NoSuchMethodError'{0x000000070189a6c0}: 'void java.lang.invoke.DirectMethodHandle$Holder.invokeSpecial(java.lang.Object, java.lang.Object, java.lang.Object)'> (0x000000070189a6c0) 
thrown [s\src\hotspot\share\interpreter\linkResolver.cpp, line 759]
Event: 2.405 Thread 0x000001d25a829840 Exception <a 'java/lang/ClassNotFoundException'{0x00000007018be270}: sun/util/logging/resources/spi/loggingProvider> (0x00000007018be270) 
thrown [s\src\hotspot\share\classfile\systemDictionary.cpp, line 256]
Event: 4.047 Thread 0x000001d25a829840 Exception <a 'java/lang/ClassNotFoundException'{0x0000000701445f28}: sun/misc/SharedSecrets> (0x0000000701445f28) 
thrown [s\src\hotspot\share\classfile\systemDictionary.cpp, line 256]

VM Operations (20 events):
Event: 113.586 Executing VM operation: Cleanup
Event: 113.586 Executing VM operation: Cleanup done
Event: 121.589 Executing VM operation: Cleanup
Event: 121.589 Executing VM operation: Cleanup done
Event: 127.593 Executing VM operation: Cleanup
Event: 127.593 Executing VM operation: Cleanup done
Event: 129.549 Executing VM operation: G1CollectForAllocation
Event: 129.550 Executing VM operation: G1CollectForAllocation done
Event: 132.311 Executing VM operation: G1CollectForAllocation
Event: 132.317 Executing VM operation: G1CollectForAllocation done
Event: 134.317 Executing VM operation: Cleanup
Event: 134.317 Executing VM operation: Cleanup done
Event: 138.528 Executing VM operation: G1CollectForAllocation
Event: 138.529 Executing VM operation: G1CollectForAllocation done
Event: 139.530 Executing VM operation: Cleanup
Event: 139.530 Executing VM operation: Cleanup done
Event: 141.530 Executing VM operation: Cleanup
Event: 141.530 Executing VM operation: Cleanup done
Event: 143.531 Executing VM operation: Cleanup
Event: 143.531 Executing VM operation: Cleanup done

Events (20 events):
Event: 77.866 loading class java/util/prefs/Preferences$2
Event: 77.866 loading class java/util/prefs/Preferences$2 done
Event: 77.866 loading class java/util/prefs/PreferencesFactory
Event: 77.866 loading class java/util/prefs/PreferencesFactory done
Event: 77.866 loading class java/util/prefs/WindowsPreferencesFactory
Event: 77.867 loading class java/util/prefs/WindowsPreferencesFactory done
Event: 77.867 loading class java/util/prefs/WindowsPreferences
Event: 77.867 loading class java/util/prefs/AbstractPreferences
Event: 77.868 loading class java/util/prefs/AbstractPreferences done
Event: 77.868 loading class java/util/prefs/WindowsPreferences done
Event: 77.871 Loaded shared library C:\Users\user_ta\.p2\pool\plugins\org.eclipse.justj.openjdk.hotspot.jre.full.win32.x86_64_17.0.4.v20221004-1257\jre\bin\prefs.dll
Event: 77.871 loading class java/util/prefs/PreferenceChangeListener
Event: 77.871 loading class java/util/prefs/PreferenceChangeListener done
Event: 77.871 loading class java/util/prefs/NodeChangeListener
Event: 77.871 loading class java/util/prefs/NodeChangeListener done
Event: 77.871 loading class java/util/prefs/AbstractPreferences$1
Event: 77.872 loading class java/util/prefs/AbstractPreferences$1 done
Event: 79.881 loading class java/util/concurrent/ConcurrentLinkedQueue$Itr
Event: 79.881 loading class java/util/concurrent/ConcurrentLinkedQueue$Itr done
Event: 120.942 Thread 0x000001d279a1e310 Thread exited: 0x000001d279a1e310


Dynamic libraries:
0x00007ff6a3380000 - 0x00007ff6a338e000 	C:\Users\user_ta\.p2\pool\plugins\org.eclipse.justj.openjdk.hotspot.jre.full.win32.x86_64_17.0.4.v20221004-1257\jre\bin\javaw.exe
0x00007ff9f1900000 - 0x00007ff9f1aed000 	C:\Windows\SYSTEM32\ntdll.dll
0x00007ff9f1810000 - 0x00007ff9f18c4000 	C:\Windows\System32\KERNEL32.DLL
0x00007ff9ee890000 - 0x00007ff9eeb24000 	C:\Windows\System32\KERNELBASE.dll
0x00007ff9ee5f0000 - 0x00007ff9ee6ea000 	C:\Windows\System32\ucrtbase.dll
0x00007ff9dfb40000 - 0x00007ff9dfb58000 	C:\Users\user_ta\.p2\pool\plugins\org.eclipse.justj.openjdk.hotspot.jre.full.win32.x86_64_17.0.4.v20221004-1257\jre\bin\jli.dll
0x00007ff9ef550000 - 0x00007ff9ef6e7000 	C:\Windows\System32\USER32.dll
0x00007ff9ed990000 - 0x00007ff9ed9b0000 	C:\Windows\System32\win32u.dll
0x00007ff9eeb30000 - 0x00007ff9eeb59000 	C:\Windows\System32\GDI32.dll
0x00007ff9ee6f0000 - 0x00007ff9ee88c000 	C:\Windows\System32\gdi32full.dll
0x00007ff9ee4c0000 - 0x00007ff9ee560000 	C:\Windows\System32\msvcp_win.dll
0x00007ff9df530000 - 0x00007ff9df549000 	C:\Users\user_ta\.p2\pool\plugins\org.eclipse.justj.openjdk.hotspot.jre.full.win32.x86_64_17.0.4.v20221004-1257\jre\bin\VCRUNTIME140.dll
0x00007ff9dd670000 - 0x00007ff9dd8e9000 	C:\Windows\WinSxS\amd64_microsoft.windows.common-controls_6595b64144ccf1df_6.0.17763.2803_none_de6d9ee8534e8a05\COMCTL32.dll
0x00007ff9ef480000 - 0x00007ff9ef51e000 	C:\Windows\System32\msvcrt.dll
0x00007ff9efe50000 - 0x00007ff9f017d000 	C:\Windows\System32\combase.dll
0x00007ff9ef710000 - 0x00007ff9ef82d000 	C:\Windows\System32\RPCRT4.dll
0x00007ff9ee560000 - 0x00007ff9ee5e2000 	C:\Windows\System32\bcryptPrimitives.dll
0x00007ff9ef520000 - 0x00007ff9ef54e000 	C:\Windows\System32\IMM32.DLL
0x00007ff9df3a0000 - 0x00007ff9df3ac000 	C:\Users\user_ta\.p2\pool\plugins\org.eclipse.justj.openjdk.hotspot.jre.full.win32.x86_64_17.0.4.v20221004-1257\jre\bin\vcruntime140_1.dll
0x00007ff9d9a60000 - 0x00007ff9d9af1000 	C:\Users\user_ta\.p2\pool\plugins\org.eclipse.justj.openjdk.hotspot.jre.full.win32.x86_64_17.0.4.v20221004-1257\jre\bin\msvcp140.dll
0x00007ff9cdc50000 - 0x00007ff9ce896000 	C:\Users\user_ta\.p2\pool\plugins\org.eclipse.justj.openjdk.hotspot.jre.full.win32.x86_64_17.0.4.v20221004-1257\jre\bin\server\jvm.dll
0x00007ff9ef3d0000 - 0x00007ff9ef477000 	C:\Windows\System32\ADVAPI32.dll
0x00007ff9f1710000 - 0x00007ff9f17af000 	C:\Windows\System32\sechost.dll
0x00007ff9ef700000 - 0x00007ff9ef708000 	C:\Windows\System32\PSAPI.DLL
0x00007ff9eb9f0000 - 0x00007ff9eba14000 	C:\Windows\SYSTEM32\WINMM.dll
0x00007ff9e5380000 - 0x00007ff9e538a000 	C:\Windows\SYSTEM32\VERSION.dll
0x00007ff9eb9c0000 - 0x00007ff9eb9ed000 	C:\Windows\SYSTEM32\winmmbase.dll
0x00007ff9ee150000 - 0x00007ff9ee19a000 	C:\Windows\System32\cfgmgr32.dll
0x00007ff9e3cd0000 - 0x00007ff9e3cd9000 	C:\Windows\SYSTEM32\WSOCK32.dll
0x00007ff9efa90000 - 0x00007ff9efafd000 	C:\Windows\System32\WS2_32.dll
0x00007ff9ed8c0000 - 0x00007ff9ed8d1000 	C:\Windows\System32\kernel.appcore.dll
0x00007ff9e0330000 - 0x00007ff9e033a000 	C:\Users\user_ta\.p2\pool\plugins\org.eclipse.justj.openjdk.hotspot.jre.full.win32.x86_64_17.0.4.v20221004-1257\jre\bin\jimage.dll
0x00007ff9d5050000 - 0x00007ff9d523d000 	C:\Windows\SYSTEM32\DBGHELP.DLL
0x00007ff9e01b0000 - 0x00007ff9e01da000 	C:\Windows\SYSTEM32\dbgcore.DLL
0x00007ff9dfb80000 - 0x00007ff9dfba5000 	C:\Users\user_ta\.p2\pool\plugins\org.eclipse.justj.openjdk.hotspot.jre.full.win32.x86_64_17.0.4.v20221004-1257\jre\bin\java.dll
0x00007ff9dfb10000 - 0x00007ff9dfb28000 	C:\Users\user_ta\.p2\pool\plugins\org.eclipse.justj.openjdk.hotspot.jre.full.win32.x86_64_17.0.4.v20221004-1257\jre\bin\zip.dll
0x00007ff9f0200000 - 0x00007ff9f16f8000 	C:\Windows\System32\SHELL32.dll
0x00007ff9efda0000 - 0x00007ff9efe48000 	C:\Windows\System32\shcore.dll
0x00007ff9ed9e0000 - 0x00007ff9ee128000 	C:\Windows\System32\windows.storage.dll
0x00007ff9ed940000 - 0x00007ff9ed964000 	C:\Windows\System32\profapi.dll
0x00007ff9ed8e0000 - 0x00007ff9ed93d000 	C:\Windows\System32\powrprof.dll
0x00007ff9eed10000 - 0x00007ff9eed62000 	C:\Windows\System32\shlwapi.dll
0x00007ff9ee130000 - 0x00007ff9ee147000 	C:\Windows\System32\cryptsp.dll
0x00007ff9dfaf0000 - 0x00007ff9dfb09000 	C:\Users\user_ta\.p2\pool\plugins\org.eclipse.justj.openjdk.hotspot.jre.full.win32.x86_64_17.0.4.v20221004-1257\jre\bin\net.dll
0x00007ff9e9220000 - 0x00007ff9e9311000 	C:\Windows\SYSTEM32\WINHTTP.dll
0x00007ff9ed0b0000 - 0x00007ff9ed117000 	C:\Windows\system32\mswsock.dll
0x00007ff9dfa60000 - 0x00007ff9dfa75000 	C:\Users\user_ta\.p2\pool\plugins\org.eclipse.justj.openjdk.hotspot.jre.full.win32.x86_64_17.0.4.v20221004-1257\jre\bin\nio.dll
0x00007ff9ece00000 - 0x00007ff9ecec6000 	C:\Windows\SYSTEM32\DNSAPI.dll
0x00007ff9f1700000 - 0x00007ff9f1708000 	C:\Windows\System32\NSI.dll
0x00007ff9ecdc0000 - 0x00007ff9ecdfe000 	C:\Windows\SYSTEM32\IPHLPAPI.DLL
0x00007ff9e7d70000 - 0x00007ff9e7d7a000 	C:\Windows\System32\rasadhlp.dll
0x00007ff9e9a30000 - 0x00007ff9e9aa9000 	C:\Windows\System32\fwpuclnt.dll
0x00007ff9ed9b0000 - 0x00007ff9ed9d6000 	C:\Windows\System32\bcrypt.dll
0x00007ff9ecc30000 - 0x00007ff9ecc63000 	C:\Windows\system32\rsaenh.dll
0x00007ff9ed7f0000 - 0x00007ff9ed819000 	C:\Windows\SYSTEM32\USERENV.dll
0x00007ff9ed280000 - 0x00007ff9ed28c000 	C:\Windows\SYSTEM32\CRYPTBASE.dll
0x00007ff9e9950000 - 0x00007ff9e9966000 	C:\Windows\SYSTEM32\dhcpcsvc6.DLL
0x00007ff9e98f0000 - 0x00007ff9e990c000 	C:\Windows\SYSTEM32\dhcpcsvc.DLL
0x00007ff9e0300000 - 0x00007ff9e0310000 	C:\Users\user_ta\.p2\pool\plugins\org.eclipse.justj.openjdk.hotspot.jre.full.win32.x86_64_17.0.4.v20221004-1257\jre\bin\verify.dll
0x00007ff9e01a0000 - 0x00007ff9e01ae000 	C:\Users\user_ta\.p2\pool\plugins\org.eclipse.justj.openjdk.hotspot.jre.full.win32.x86_64_17.0.4.v20221004-1257\jre\bin\sunmscapi.dll
0x00007ff9ee250000 - 0x00007ff9ee445000 	C:\Windows\System32\CRYPT32.dll
0x00007ff9ed970000 - 0x00007ff9ed982000 	C:\Windows\System32\MSASN1.dll
0x00007ff9ed380000 - 0x00007ff9ed3a6000 	C:\Windows\SYSTEM32\ncrypt.dll
0x00007ff9ed340000 - 0x00007ff9ed37c000 	C:\Windows\SYSTEM32\NTASN1.dll
0x00007ff9e3d10000 - 0x00007ff9e3d26000 	C:\Windows\system32\napinsp.dll
0x00007ff9e3d30000 - 0x00007ff9e3d3e000 	C:\Windows\System32\winrnr.dll
0x00007ff9e8a90000 - 0x00007ff9e8aab000 	C:\Windows\system32\NLAapi.dll
0x00007ff9e3d70000 - 0x00007ff9e3d85000 	C:\Windows\system32\wshbth.dll
0x00007ff9df390000 - 0x00007ff9df399000 	C:\Users\user_ta\.p2\pool\plugins\org.eclipse.justj.openjdk.hotspot.jre.full.win32.x86_64_17.0.4.v20221004-1257\jre\bin\prefs.dll

dbghelp: loaded successfully - version: 4.0.5 - missing functions: none
symbol engine: initialized successfully - sym options: 0x614 - pdb path: .;C:\Users\user_ta\.p2\pool\plugins\org.eclipse.justj.openjdk.hotspot.jre.full.win32.x86_64_17.0.4.v20221004-1257\jre\bin;C:\Windows\SYSTEM32;C:\Windows\WinSxS\amd64_microsoft.windows.common-controls_6595b64144ccf1df_6.0.17763.2803_none_de6d9ee8534e8a05;C:\Users\user_ta\.p2\pool\plugins\org.eclipse.justj.openjdk.hotspot.jre.full.win32.x86_64_17.0.4.v20221004-1257\jre\bin\server

VM Arguments:
jvm_args: -ea -Dfile.encoding=windows-1252 -XX:+ShowCodeDetailsInExceptionMessages 
java_command: org.testng.remote.RemoteTestNG -serport 50367 -protocol json -d C:\Users\user_ta\Documents\chave\TIMP_R1\test-output C:\Users\user_ta\Documents\chave\TIMP_R1\src\test\java\com\timp\test\ATR\Automacoes\AutomacoesATR3.xml
java_class_path (initial): C:\Users\user_ta\eclipse\jee-2022-09\eclipse\configuration\org.eclipse.osgi\921\0\.cp\lib\testng-remote.jar;C:\Users\user_ta\Documents\chave\TIMP_R1\target\test-classes;C:\Users\user_ta\Documents\chave\TIMP_R1\target\classes;C:\Users\user_ta\.p2\pool\plugins\org.testng_7.4.0.r202105021533.jar;C:\Users\user_ta\.p2\pool\plugins\com.beust.jcommander_1.78.0.jar;C:\Users\user_ta\.p2\pool\plugins\org.apache-extras.beanshell.bsh_2.0.0.b6.jar;C:\Users\user_ta\.p2\pool\plugins\org.yaml.snakeyaml_1.27.0.v20201111-1638.jar;C:\Users\user_ta\.p2\pool\plugins\org.webjars.jquery_3.5.1.jar;C:\Users\user_ta\.m2\repository\org\seleniumhq\selenium\selenium-java\3.141.59\selenium-java-3.141.59.jar;C:\Users\user_ta\.m2\repository\org\seleniumhq\selenium\selenium-api\3.141.59\selenium-api-3.141.59.jar;C:\Users\user_ta\.m2\repository\org\seleniumhq\selenium\selenium-chrome-driver\3.141.59\selenium-chrome-driver-3.141.59.jar;C:\Users\user_ta\.m2\repository\org\seleniumhq\selenium\selenium-edge-driver\3.141.59\selenium-edge-driver-3.141.59.jar;C:\Users\user_ta\.m2\repository\org\seleniumhq\selenium\selenium-firefox-driver\3.141.59\selenium-firefox-driver-3.141.59.jar;C:\Users\user_ta\.m2\repository\org\seleniumhq\selenium\selenium-ie-driver\3.141.59\selenium-ie-driver-3.141.59.jar;C:\Users\user_ta\.m2\repository\org\seleniumhq\selenium\selenium-opera-driver\3.141.59\selenium-opera-driver-3.141.59.jar;C:\Users\user_ta\.m2\repository\org\seleniumhq\selenium\selenium-remote-driver\3.141.59\selenium-remote-driver-3.141.59.jar;C:\Users\user_ta\.m2\repository\org\seleniumhq\selenium\selenium-safari-driver\3.141.59\selenium-safari-driver-3.141.59.jar;C:\Users\user_ta\.m2\repository\org\seleniumhq\selenium\selenium-support\3.141.59\selenium-support-3.141.59.jar;C:\Users\user_ta\.m2\repository\net\bytebuddy\byte-buddy\1.8.15\byte-buddy-1.8.15.jar;C:\Users\user_ta\.m2\repository\org\apache\commons\commons-exec\1.3\commons-exec-1.3.jar;C:\Users\user_ta\.m2\repository\com\g
Launcher Type: SUN_STANDARD

[Global flags]
     intx CICompilerCount                          = 3                                         {product} {ergonomic}
     uint ConcGCThreads                            = 1                                         {product} {ergonomic}
     uint G1ConcRefinementThreads                  = 4                                         {product} {ergonomic}
   size_t G1HeapRegionSize                         = 2097152                                   {product} {ergonomic}
    uintx GCDrainStackTargetSize                   = 64                                        {product} {ergonomic}
   size_t InitialHeapSize                          = 268435456                                 {product} {ergonomic}
   size_t MarkStackSize                            = 4194304                                   {product} {ergonomic}
   size_t MaxHeapSize                              = 4294967296                                {product} {ergonomic}
   size_t MaxNewSize                               = 2575302656                                {product} {ergonomic}
   size_t MinHeapDeltaBytes                        = 2097152                                   {product} {ergonomic}
   size_t MinHeapSize                              = 8388608                                   {product} {ergonomic}
    uintx NonNMethodCodeHeapSize                   = 5832780                                {pd product} {ergonomic}
    uintx NonProfiledCodeHeapSize                  = 122912730                              {pd product} {ergonomic}
    uintx ProfiledCodeHeapSize                     = 122912730                              {pd product} {ergonomic}
    uintx ReservedCodeCacheSize                    = 251658240                              {pd product} {ergonomic}
     bool SegmentedCodeCache                       = true                                      {product} {ergonomic}
     bool ShowCodeDetailsInExceptionMessages       = true                                   {manageable} {command line}
   size_t SoftMaxHeapSize                          = 4294967296                             {manageable} {ergonomic}
     bool UseCompressedClassPointers               = true                           {product lp64_product} {ergonomic}
     bool UseCompressedOops                        = true                           {product lp64_product} {ergonomic}
     bool UseG1GC                                  = true                                      {product} {ergonomic}
     bool UseLargePagesIndividualAllocation        = false                                  {pd product} {ergonomic}

Logging:
Log output configuration:
 #0: stdout all=warning uptime,level,tags
 #1: stderr all=off uptime,level,tags

Environment Variables:
PATH=C:/Users/user_ta/.p2/pool/plugins/org.eclipse.justj.openjdk.hotspot.jre.full.win32.x86_64_17.0.4.v20221004-1257/jre/bin/server;C:/Users/user_ta/.p2/pool/plugins/org.eclipse.justj.openjdk.hotspot.jre.full.win32.x86_64_17.0.4.v20221004-1257/jre/bin;C:\Program Files\SAP\hdbclient;C:\Program Files (x86)\Common Files\Oracle\Java\javapath;C:\Windows\system32;C:\Windows;C:\Windows\System32\Wbem;C:\Windows\System32\WindowsPowerShell\v1.0\;C:\Windows\System32\OpenSSH\;C:\Program Files\Amazon\cfn-bootstrap\;C:\Program Files\Git\cmd;C:\Users\user_ta\AppData\Local\Microsoft\WindowsApps;C:\Users\user_ta\Downloads\sonar-scanner-4.7.0.2747-windows\bin;;C:\Windows\system32;
USERNAME=user_ta
OS=Windows_NT
PROCESSOR_IDENTIFIER=Intel64 Family 6 Model 63 Stepping 2, GenuineIntel
TMP=C:\Users\user_ta\AppData\Local\Temp\2
TEMP=C:\Users\user_ta\AppData\Local\Temp\2



---------------  S Y S T E M  ---------------

OS:
 Windows Server 2019 , 64 bit Build 17763 (10.0.17763.2803)
OS uptime: 25 days 21:26 hours
Xen hardware-assisted virtualization detected

CPU: total 4 (initial active 4) (4 cores per cpu, 1 threads per core) family 6 model 63 stepping 2 microcode 0x49, cx8, cmov, fxsr, mmx, sse, sse2, sse3, ssse3, sse4.1, sse4.2, popcnt, lzcnt, tsc, avx, avx2, aes, erms, clmul, bmi1, bmi2, fma, vzeroupper, clflush, hv

Memory: 4k page, system-wide physical 16383M (222M free)
TotalPageFile size 29183M (AvailPageFile size 2M)
current process WorkingSet (physical memory assigned to process): 104M, peak: 106M
current process commit charge ("private bytes"): 134M, peak: 364M

vm_info: OpenJDK 64-Bit Server VM (17.0.4.1+1) for windows-amd64 JRE (17.0.4.1+1), built on Aug 17 2022 07:42:43 by "temurin" with MS VC++ 16.7 (VS2019)

END.
