#
# There is insufficient memory for the Java Runtime Environment to continue.
# Native memory allocation (malloc) failed to allocate 32784 bytes for Chunk::new
# Possible reasons:
#   The system is out of physical RAM or swap space
#   The process is running with CompressedOops enabled, and the Java Heap may be blocking the growth of the native heap
# Possible solutions:
#   Reduce memory load on the system
#   Increase physical memory or swap space
#   Check if swap backing store is full
#   Decrease Java heap size (-Xmx/-Xms)
#   Decrease number of Java threads
#   Decrease Java thread stack sizes (-Xss)
#   Set larger code cache with -XX:ReservedCodeCacheSize=
#   JVM is running with Zero Based Compressed Oops mode in which the Java heap is
#     placed in the first 32GB address space. The Java Heap base address is the
#     maximum limit for the native heap growth. Please use -XX:HeapBaseMinAddress
#     to set the Java Heap base and to place the Java Heap above 32GB virtual address.
# This output file may be truncated or incomplete.
#
#  Out of Memory Error (arena.cpp:189), pid=87292, tid=80732
#
# JRE version: OpenJDK Runtime Environment Temurin-17.0.4.1+1 (17.0.4.1+1) (build 17.0.4.1+1)
# Java VM: OpenJDK 64-Bit Server VM Temurin-17.0.4.1+1 (17.0.4.1+1, mixed mode, tiered, compressed oops, compressed class ptrs, g1 gc, windows-amd64)
# Core dump will be written. Default location: C:\Users\user_ta\Documents\chave\TIMP_R1\hs_err_pid87292.mdmp
#

---------------  S U M M A R Y ------------

Command Line: -ea -Dfile.encoding=windows-1252 -XX:+ShowCodeDetailsInExceptionMessages org.testng.remote.RemoteTestNG -serport 50438 -protocol json -d C:\Users\user_ta\Documents\chave\TIMP_R1\test-output C:\Users\user_ta\Documents\chave\TIMP_R1\src\test\java\com\timp\test\ATR\Automacoes\AutomacoesATR1.xml

Host: Intel(R) Xeon(R) CPU E5-2676 v3 @ 2.40GHz, 4 cores, 15G,  Windows Server 2019 , 64 bit Build 17763 (10.0.17763.2803)
Time: Mon Nov  6 15:30:52 2023 Coordinated Universal Time elapsed time: 1.583275 seconds (0d 0h 0m 1s)

---------------  T H R E A D  ---------------

Current thread (0x0000016125c97fc0):  JavaThread "C2 CompilerThread0" daemon [_thread_in_native, id=80732, stack(0x0000002a00100000,0x0000002a00200000)]


Current CompileTask:
C2:   1583 1471       4       java.io.WinNTFileSystem::normalize (143 bytes)

Stack: [0x0000002a00100000,0x0000002a00200000]
Native frames: (J=compiled Java code, j=interpreted, Vv=VM code, C=native code)
V  [jvm.dll+0x67731a]
V  [jvm.dll+0x832284]
V  [jvm.dll+0x833a2e]
V  [jvm.dll+0x834093]
V  [jvm.dll+0x245775]
V  [jvm.dll+0xabd7b]
V  [jvm.dll+0xac30c]
V  [jvm.dll+0xabe8b]
V  [jvm.dll+0x6548dc]
V  [jvm.dll+0x57d9cf]
V  [jvm.dll+0x220892]
V  [jvm.dll+0x219d3f]
V  [jvm.dll+0x21799b]
V  [jvm.dll+0x1a3f8d]
V  [jvm.dll+0x227498]
V  [jvm.dll+0x2255e5]
V  [jvm.dll+0x7e7e9b]
V  [jvm.dll+0x7e240a]
V  [jvm.dll+0x6761a5]
C  [ucrtbase.dll+0x2268a]
C  [KERNEL32.DLL+0x17974]
C  [ntdll.dll+0x5a2f1]


---------------  P R O C E S S  ---------------

Threads class SMR info:
_java_thread_list=0x00000161274af4d0, length=16, elements={
0x0000016106d494f0, 0x0000016125c593e0, 0x0000016125c1c6d0, 0x000001612514e3f0,
0x0000016125c61f80, 0x0000016125c63400, 0x0000016125c678a0, 0x0000016125c97fc0,
0x0000016125c9d8b0, 0x0000016125ca7540, 0x0000016125e0b010, 0x0000016125e17580,
0x00000161262a9180, 0x000001612742d5d0, 0x00000161274bc2d0, 0x00000161274ad090
}

Java Threads: ( => current thread )
  0x0000016106d494f0 JavaThread "main" [_thread_in_vm, id=88580, stack(0x0000002a7f400000,0x0000002a7f500000)]
  0x0000016125c593e0 JavaThread "Reference Handler" daemon [_thread_blocked, id=73704, stack(0x0000002a7fb00000,0x0000002a7fc00000)]
  0x0000016125c1c6d0 JavaThread "Finalizer" daemon [_thread_blocked, id=74512, stack(0x0000002a7fc00000,0x0000002a7fd00000)]
  0x000001612514e3f0 JavaThread "Signal Dispatcher" daemon [_thread_blocked, id=82708, stack(0x0000002a7fd00000,0x0000002a7fe00000)]
  0x0000016125c61f80 JavaThread "Attach Listener" daemon [_thread_blocked, id=89488, stack(0x0000002a7fe00000,0x0000002a7ff00000)]
  0x0000016125c63400 JavaThread "Service Thread" daemon [_thread_blocked, id=78524, stack(0x0000002a7ff00000,0x0000002a80000000)]
  0x0000016125c678a0 JavaThread "Monitor Deflation Thread" daemon [_thread_blocked, id=77884, stack(0x0000002a00000000,0x0000002a00100000)]
=>0x0000016125c97fc0 JavaThread "C2 CompilerThread0" daemon [_thread_in_native, id=80732, stack(0x0000002a00100000,0x0000002a00200000)]
  0x0000016125c9d8b0 JavaThread "C1 CompilerThread0" daemon [_thread_blocked, id=63460, stack(0x0000002a00200000,0x0000002a00300000)]
  0x0000016125ca7540 JavaThread "Sweeper thread" daemon [_thread_blocked, id=64368, stack(0x0000002a00300000,0x0000002a00400000)]
  0x0000016125e0b010 JavaThread "Notification Thread" daemon [_thread_blocked, id=81588, stack(0x0000002a00400000,0x0000002a00500000)]
  0x0000016125e17580 JavaThread "Common-Cleaner" daemon [_thread_blocked, id=81600, stack(0x0000002a00600000,0x0000002a00700000)]
  0x00000161262a9180 JavaThread "ReaderThread" [_thread_in_native, id=82752, stack(0x0000002a00800000,0x0000002a00900000)]
  0x000001612742d5d0 JavaThread "ForkJoinPool.commonPool-worker-1" daemon [_thread_blocked, id=64172, stack(0x0000002a00c00000,0x0000002a00d00000)]
  0x00000161274bc2d0 JavaThread "ForkJoinPool.commonPool-worker-2" daemon [_thread_blocked, id=82428, stack(0x0000002a00d00000,0x0000002a00e00000)]
  0x00000161274ad090 JavaThread "ForkJoinPool.commonPool-worker-3" daemon [_thread_blocked, id=67048, stack(0x0000002a00e00000,0x0000002a00f00000)]

Other Threads:
  0x000001612511dc40 VMThread "VM Thread" [stack: 0x0000002a7fa00000,0x0000002a7fb00000] [id=70976]
  0x0000016125e0b4e0 WatcherThread [stack: 0x0000002a00500000,0x0000002a00600000] [id=84604]
  0x0000016106db6450 GCTaskThread "GC Thread#0" [stack: 0x0000002a7f500000,0x0000002a7f600000] [id=83012]
  0x000001612678f8a0 GCTaskThread "GC Thread#1" [stack: 0x0000002a00900000,0x0000002a00a00000] [id=65284]
  0x00000161267d65c0 GCTaskThread "GC Thread#2" [stack: 0x0000002a00a00000,0x0000002a00b00000] [id=71644]
  0x00000161267d6870 GCTaskThread "GC Thread#3" [stack: 0x0000002a00b00000,0x0000002a00c00000] [id=85876]
  0x0000016106dc7390 ConcurrentGCThread "G1 Main Marker" [stack: 0x0000002a7f600000,0x0000002a7f700000] [id=81204]
  0x0000016106dc9ab0 ConcurrentGCThread "G1 Conc#0" [stack: 0x0000002a7f700000,0x0000002a7f800000] [id=68324]
  0x0000016106e0d2b0 ConcurrentGCThread "G1 Refine#0" [stack: 0x0000002a7f800000,0x0000002a7f900000] [id=84440]
  0x0000016106e0dcd0 ConcurrentGCThread "G1 Service" [stack: 0x0000002a7f900000,0x0000002a7fa00000] [id=75964]

Threads with active compile tasks:
C2 CompilerThread0     1623 1471       4       java.io.WinNTFileSystem::normalize (143 bytes)

VM state: not at safepoint (normal execution)

VM Mutex/Monitor currently owned by a thread:  ([mutex/lock_event])
[0x0000016106d44810] Metaspace_lock - owner thread: 0x0000016106d494f0

Heap address: 0x0000000700000000, size: 4096 MB, Compressed Oops mode: Zero based, Oop shift amount: 3

CDS archive(s) not mapped
Compressed class space mapped at: 0x0000000800000000-0x0000000840000000, reserved size: 1073741824
Narrow klass base: 0x0000000800000000, Narrow klass shift: 0, Narrow klass range: 0x40000000

GC Precious Log:
 CPUs: 4 total, 4 available
 Memory: 16383M
 Large Page Support: Disabled
 NUMA Support: Disabled
 Compressed Oops: Enabled (Zero based)
 Heap Region Size: 2M
 Heap Min Capacity: 8M
 Heap Initial Capacity: 256M
 Heap Max Capacity: 4G
 Pre-touch: Disabled
 Parallel Workers: 4
 Concurrent Workers: 1
 Concurrent Refinement Workers: 4
 Periodic GC: Disabled

Heap:
 garbage-first heap   total 262144K, used 13948K [0x0000000700000000, 0x0000000800000000)
  region size 2048K, 7 young (14336K), 1 survivors (2048K)
 Metaspace       used 15788K, committed 15936K, reserved 1064960K
  class space    used 1596K, committed 1664K, reserved 1048576K

Heap Regions: E=young(eden), S=young(survivor), O=old, HS=humongous(starts), HC=humongous(continues), CS=collection set, F=free, OA=open archive, CA=closed archive, TAMS=top-at-mark-start (previous, next)
|   0|0x0000000700000000, 0x0000000700200000, 0x0000000700200000|100%| O|  |TAMS 0x0000000700000000, 0x0000000700000000| Untracked 
|   1|0x0000000700200000, 0x0000000700332600, 0x0000000700400000| 59%| O|  |TAMS 0x0000000700200000, 0x0000000700200000| Untracked 
|   2|0x0000000700400000, 0x0000000700400000, 0x0000000700600000|  0%| F|  |TAMS 0x0000000700400000, 0x0000000700400000| Untracked 
|   3|0x0000000700600000, 0x0000000700600000, 0x0000000700800000|  0%| F|  |TAMS 0x0000000700600000, 0x0000000700600000| Untracked 
|   4|0x0000000700800000, 0x0000000700800000, 0x0000000700a00000|  0%| F|  |TAMS 0x0000000700800000, 0x0000000700800000| Untracked 
|   5|0x0000000700a00000, 0x0000000700a00000, 0x0000000700c00000|  0%| F|  |TAMS 0x0000000700a00000, 0x0000000700a00000| Untracked 
|   6|0x0000000700c00000, 0x0000000700c00000, 0x0000000700e00000|  0%| F|  |TAMS 0x0000000700c00000, 0x0000000700c00000| Untracked 
|   7|0x0000000700e00000, 0x0000000700e00000, 0x0000000701000000|  0%| F|  |TAMS 0x0000000700e00000, 0x0000000700e00000| Untracked 
|   8|0x0000000701000000, 0x0000000701000000, 0x0000000701200000|  0%| F|  |TAMS 0x0000000701000000, 0x0000000701000000| Untracked 
|   9|0x0000000701200000, 0x0000000701200000, 0x0000000701400000|  0%| F|  |TAMS 0x0000000701200000, 0x0000000701200000| Untracked 
|  10|0x0000000701400000, 0x0000000701400000, 0x0000000701600000|  0%| F|  |TAMS 0x0000000701400000, 0x0000000701400000| Untracked 
|  11|0x0000000701600000, 0x0000000701600000, 0x0000000701800000|  0%| F|  |TAMS 0x0000000701600000, 0x0000000701600000| Untracked 
|  12|0x0000000701800000, 0x0000000701800000, 0x0000000701a00000|  0%| F|  |TAMS 0x0000000701800000, 0x0000000701800000| Untracked 
|  13|0x0000000701a00000, 0x0000000701a00000, 0x0000000701c00000|  0%| F|  |TAMS 0x0000000701a00000, 0x0000000701a00000| Untracked 
|  14|0x0000000701c00000, 0x0000000701c00000, 0x0000000701e00000|  0%| F|  |TAMS 0x0000000701c00000, 0x0000000701c00000| Untracked 
|  15|0x0000000701e00000, 0x0000000701e00000, 0x0000000702000000|  0%| F|  |TAMS 0x0000000701e00000, 0x0000000701e00000| Untracked 
|  16|0x0000000702000000, 0x0000000702000000, 0x0000000702200000|  0%| F|  |TAMS 0x0000000702000000, 0x0000000702000000| Untracked 
|  17|0x0000000702200000, 0x0000000702200000, 0x0000000702400000|  0%| F|  |TAMS 0x0000000702200000, 0x0000000702200000| Untracked 
|  18|0x0000000702400000, 0x0000000702400000, 0x0000000702600000|  0%| F|  |TAMS 0x0000000702400000, 0x0000000702400000| Untracked 
|  19|0x0000000702600000, 0x0000000702600000, 0x0000000702800000|  0%| F|  |TAMS 0x0000000702600000, 0x0000000702600000| Untracked 
|  20|0x0000000702800000, 0x0000000702800000, 0x0000000702a00000|  0%| F|  |TAMS 0x0000000702800000, 0x0000000702800000| Untracked 
|  21|0x0000000702a00000, 0x0000000702a00000, 0x0000000702c00000|  0%| F|  |TAMS 0x0000000702a00000, 0x0000000702a00000| Untracked 
|  22|0x0000000702c00000, 0x0000000702c00000, 0x0000000702e00000|  0%| F|  |TAMS 0x0000000702c00000, 0x0000000702c00000| Untracked 
|  23|0x0000000702e00000, 0x0000000702e00000, 0x0000000703000000|  0%| F|  |TAMS 0x0000000702e00000, 0x0000000702e00000| Untracked 
|  24|0x0000000703000000, 0x0000000703000000, 0x0000000703200000|  0%| F|  |TAMS 0x0000000703000000, 0x0000000703000000| Untracked 
|  25|0x0000000703200000, 0x0000000703200000, 0x0000000703400000|  0%| F|  |TAMS 0x0000000703200000, 0x0000000703200000| Untracked 
|  26|0x0000000703400000, 0x0000000703400000, 0x0000000703600000|  0%| F|  |TAMS 0x0000000703400000, 0x0000000703400000| Untracked 
|  27|0x0000000703600000, 0x0000000703600000, 0x0000000703800000|  0%| F|  |TAMS 0x0000000703600000, 0x0000000703600000| Untracked 
|  28|0x0000000703800000, 0x0000000703800000, 0x0000000703a00000|  0%| F|  |TAMS 0x0000000703800000, 0x0000000703800000| Untracked 
|  29|0x0000000703a00000, 0x0000000703a00000, 0x0000000703c00000|  0%| F|  |TAMS 0x0000000703a00000, 0x0000000703a00000| Untracked 
|  30|0x0000000703c00000, 0x0000000703c00000, 0x0000000703e00000|  0%| F|  |TAMS 0x0000000703c00000, 0x0000000703c00000| Untracked 
|  31|0x0000000703e00000, 0x0000000703e00000, 0x0000000704000000|  0%| F|  |TAMS 0x0000000703e00000, 0x0000000703e00000| Untracked 
|  32|0x0000000704000000, 0x0000000704000000, 0x0000000704200000|  0%| F|  |TAMS 0x0000000704000000, 0x0000000704000000| Untracked 
|  33|0x0000000704200000, 0x0000000704200000, 0x0000000704400000|  0%| F|  |TAMS 0x0000000704200000, 0x0000000704200000| Untracked 
|  34|0x0000000704400000, 0x0000000704400000, 0x0000000704600000|  0%| F|  |TAMS 0x0000000704400000, 0x0000000704400000| Untracked 
|  35|0x0000000704600000, 0x0000000704600000, 0x0000000704800000|  0%| F|  |TAMS 0x0000000704600000, 0x0000000704600000| Untracked 
|  36|0x0000000704800000, 0x0000000704800000, 0x0000000704a00000|  0%| F|  |TAMS 0x0000000704800000, 0x0000000704800000| Untracked 
|  37|0x0000000704a00000, 0x0000000704a00000, 0x0000000704c00000|  0%| F|  |TAMS 0x0000000704a00000, 0x0000000704a00000| Untracked 
|  38|0x0000000704c00000, 0x0000000704c00000, 0x0000000704e00000|  0%| F|  |TAMS 0x0000000704c00000, 0x0000000704c00000| Untracked 
|  39|0x0000000704e00000, 0x0000000704e00000, 0x0000000705000000|  0%| F|  |TAMS 0x0000000704e00000, 0x0000000704e00000| Untracked 
|  40|0x0000000705000000, 0x0000000705000000, 0x0000000705200000|  0%| F|  |TAMS 0x0000000705000000, 0x0000000705000000| Untracked 
|  41|0x0000000705200000, 0x0000000705200000, 0x0000000705400000|  0%| F|  |TAMS 0x0000000705200000, 0x0000000705200000| Untracked 
|  42|0x0000000705400000, 0x0000000705400000, 0x0000000705600000|  0%| F|  |TAMS 0x0000000705400000, 0x0000000705400000| Untracked 
|  43|0x0000000705600000, 0x0000000705600000, 0x0000000705800000|  0%| F|  |TAMS 0x0000000705600000, 0x0000000705600000| Untracked 
|  44|0x0000000705800000, 0x0000000705800000, 0x0000000705a00000|  0%| F|  |TAMS 0x0000000705800000, 0x0000000705800000| Untracked 
|  45|0x0000000705a00000, 0x0000000705a00000, 0x0000000705c00000|  0%| F|  |TAMS 0x0000000705a00000, 0x0000000705a00000| Untracked 
|  46|0x0000000705c00000, 0x0000000705c00000, 0x0000000705e00000|  0%| F|  |TAMS 0x0000000705c00000, 0x0000000705c00000| Untracked 
|  47|0x0000000705e00000, 0x0000000705e00000, 0x0000000706000000|  0%| F|  |TAMS 0x0000000705e00000, 0x0000000705e00000| Untracked 
|  48|0x0000000706000000, 0x0000000706000000, 0x0000000706200000|  0%| F|  |TAMS 0x0000000706000000, 0x0000000706000000| Untracked 
|  49|0x0000000706200000, 0x0000000706200000, 0x0000000706400000|  0%| F|  |TAMS 0x0000000706200000, 0x0000000706200000| Untracked 
|  50|0x0000000706400000, 0x0000000706400000, 0x0000000706600000|  0%| F|  |TAMS 0x0000000706400000, 0x0000000706400000| Untracked 
|  51|0x0000000706600000, 0x0000000706600000, 0x0000000706800000|  0%| F|  |TAMS 0x0000000706600000, 0x0000000706600000| Untracked 
|  52|0x0000000706800000, 0x0000000706800000, 0x0000000706a00000|  0%| F|  |TAMS 0x0000000706800000, 0x0000000706800000| Untracked 
|  53|0x0000000706a00000, 0x0000000706a00000, 0x0000000706c00000|  0%| F|  |TAMS 0x0000000706a00000, 0x0000000706a00000| Untracked 
|  54|0x0000000706c00000, 0x0000000706c00000, 0x0000000706e00000|  0%| F|  |TAMS 0x0000000706c00000, 0x0000000706c00000| Untracked 
|  55|0x0000000706e00000, 0x0000000706e00000, 0x0000000707000000|  0%| F|  |TAMS 0x0000000706e00000, 0x0000000706e00000| Untracked 
|  56|0x0000000707000000, 0x0000000707000000, 0x0000000707200000|  0%| F|  |TAMS 0x0000000707000000, 0x0000000707000000| Untracked 
|  57|0x0000000707200000, 0x0000000707200000, 0x0000000707400000|  0%| F|  |TAMS 0x0000000707200000, 0x0000000707200000| Untracked 
|  58|0x0000000707400000, 0x0000000707400000, 0x0000000707600000|  0%| F|  |TAMS 0x0000000707400000, 0x0000000707400000| Untracked 
|  59|0x0000000707600000, 0x0000000707600000, 0x0000000707800000|  0%| F|  |TAMS 0x0000000707600000, 0x0000000707600000| Untracked 
|  60|0x0000000707800000, 0x0000000707800000, 0x0000000707a00000|  0%| F|  |TAMS 0x0000000707800000, 0x0000000707800000| Untracked 
|  61|0x0000000707a00000, 0x0000000707a00000, 0x0000000707c00000|  0%| F|  |TAMS 0x0000000707a00000, 0x0000000707a00000| Untracked 
|  62|0x0000000707c00000, 0x0000000707c00000, 0x0000000707e00000|  0%| F|  |TAMS 0x0000000707c00000, 0x0000000707c00000| Untracked 
|  63|0x0000000707e00000, 0x0000000707e00000, 0x0000000708000000|  0%| F|  |TAMS 0x0000000707e00000, 0x0000000707e00000| Untracked 
|  64|0x0000000708000000, 0x0000000708000000, 0x0000000708200000|  0%| F|  |TAMS 0x0000000708000000, 0x0000000708000000| Untracked 
|  65|0x0000000708200000, 0x0000000708200000, 0x0000000708400000|  0%| F|  |TAMS 0x0000000708200000, 0x0000000708200000| Untracked 
|  66|0x0000000708400000, 0x0000000708400000, 0x0000000708600000|  0%| F|  |TAMS 0x0000000708400000, 0x0000000708400000| Untracked 
|  67|0x0000000708600000, 0x0000000708600000, 0x0000000708800000|  0%| F|  |TAMS 0x0000000708600000, 0x0000000708600000| Untracked 
|  68|0x0000000708800000, 0x0000000708800000, 0x0000000708a00000|  0%| F|  |TAMS 0x0000000708800000, 0x0000000708800000| Untracked 
|  69|0x0000000708a00000, 0x0000000708a00000, 0x0000000708c00000|  0%| F|  |TAMS 0x0000000708a00000, 0x0000000708a00000| Untracked 
|  70|0x0000000708c00000, 0x0000000708c00000, 0x0000000708e00000|  0%| F|  |TAMS 0x0000000708c00000, 0x0000000708c00000| Untracked 
|  71|0x0000000708e00000, 0x0000000708e00000, 0x0000000709000000|  0%| F|  |TAMS 0x0000000708e00000, 0x0000000708e00000| Untracked 
|  72|0x0000000709000000, 0x0000000709000000, 0x0000000709200000|  0%| F|  |TAMS 0x0000000709000000, 0x0000000709000000| Untracked 
|  73|0x0000000709200000, 0x0000000709200000, 0x0000000709400000|  0%| F|  |TAMS 0x0000000709200000, 0x0000000709200000| Untracked 
|  74|0x0000000709400000, 0x0000000709400000, 0x0000000709600000|  0%| F|  |TAMS 0x0000000709400000, 0x0000000709400000| Untracked 
|  75|0x0000000709600000, 0x0000000709600000, 0x0000000709800000|  0%| F|  |TAMS 0x0000000709600000, 0x0000000709600000| Untracked 
|  76|0x0000000709800000, 0x0000000709800000, 0x0000000709a00000|  0%| F|  |TAMS 0x0000000709800000, 0x0000000709800000| Untracked 
|  77|0x0000000709a00000, 0x0000000709a00000, 0x0000000709c00000|  0%| F|  |TAMS 0x0000000709a00000, 0x0000000709a00000| Untracked 
|  78|0x0000000709c00000, 0x0000000709c00000, 0x0000000709e00000|  0%| F|  |TAMS 0x0000000709c00000, 0x0000000709c00000| Untracked 
|  79|0x0000000709e00000, 0x0000000709e00000, 0x000000070a000000|  0%| F|  |TAMS 0x0000000709e00000, 0x0000000709e00000| Untracked 
|  80|0x000000070a000000, 0x000000070a000000, 0x000000070a200000|  0%| F|  |TAMS 0x000000070a000000, 0x000000070a000000| Untracked 
|  81|0x000000070a200000, 0x000000070a200000, 0x000000070a400000|  0%| F|  |TAMS 0x000000070a200000, 0x000000070a200000| Untracked 
|  82|0x000000070a400000, 0x000000070a400000, 0x000000070a600000|  0%| F|  |TAMS 0x000000070a400000, 0x000000070a400000| Untracked 
|  83|0x000000070a600000, 0x000000070a600000, 0x000000070a800000|  0%| F|  |TAMS 0x000000070a600000, 0x000000070a600000| Untracked 
|  84|0x000000070a800000, 0x000000070a800000, 0x000000070aa00000|  0%| F|  |TAMS 0x000000070a800000, 0x000000070a800000| Untracked 
|  85|0x000000070aa00000, 0x000000070aa00000, 0x000000070ac00000|  0%| F|  |TAMS 0x000000070aa00000, 0x000000070aa00000| Untracked 
|  86|0x000000070ac00000, 0x000000070ac00000, 0x000000070ae00000|  0%| F|  |TAMS 0x000000070ac00000, 0x000000070ac00000| Untracked 
|  87|0x000000070ae00000, 0x000000070ae00000, 0x000000070b000000|  0%| F|  |TAMS 0x000000070ae00000, 0x000000070ae00000| Untracked 
|  88|0x000000070b000000, 0x000000070b000000, 0x000000070b200000|  0%| F|  |TAMS 0x000000070b000000, 0x000000070b000000| Untracked 
|  89|0x000000070b200000, 0x000000070b200000, 0x000000070b400000|  0%| F|  |TAMS 0x000000070b200000, 0x000000070b200000| Untracked 
|  90|0x000000070b400000, 0x000000070b400000, 0x000000070b600000|  0%| F|  |TAMS 0x000000070b400000, 0x000000070b400000| Untracked 
|  91|0x000000070b600000, 0x000000070b600000, 0x000000070b800000|  0%| F|  |TAMS 0x000000070b600000, 0x000000070b600000| Untracked 
|  92|0x000000070b800000, 0x000000070b800000, 0x000000070ba00000|  0%| F|  |TAMS 0x000000070b800000, 0x000000070b800000| Untracked 
|  93|0x000000070ba00000, 0x000000070ba00000, 0x000000070bc00000|  0%| F|  |TAMS 0x000000070ba00000, 0x000000070ba00000| Untracked 
|  94|0x000000070bc00000, 0x000000070bc00000, 0x000000070be00000|  0%| F|  |TAMS 0x000000070bc00000, 0x000000070bc00000| Untracked 
|  95|0x000000070be00000, 0x000000070be00000, 0x000000070c000000|  0%| F|  |TAMS 0x000000070be00000, 0x000000070be00000| Untracked 
|  96|0x000000070c000000, 0x000000070c000000, 0x000000070c200000|  0%| F|  |TAMS 0x000000070c000000, 0x000000070c000000| Untracked 
|  97|0x000000070c200000, 0x000000070c200000, 0x000000070c400000|  0%| F|  |TAMS 0x000000070c200000, 0x000000070c200000| Untracked 
|  98|0x000000070c400000, 0x000000070c400000, 0x000000070c600000|  0%| F|  |TAMS 0x000000070c400000, 0x000000070c400000| Untracked 
|  99|0x000000070c600000, 0x000000070c600000, 0x000000070c800000|  0%| F|  |TAMS 0x000000070c600000, 0x000000070c600000| Untracked 
| 100|0x000000070c800000, 0x000000070c800000, 0x000000070ca00000|  0%| F|  |TAMS 0x000000070c800000, 0x000000070c800000| Untracked 
| 101|0x000000070ca00000, 0x000000070ca00000, 0x000000070cc00000|  0%| F|  |TAMS 0x000000070ca00000, 0x000000070ca00000| Untracked 
| 102|0x000000070cc00000, 0x000000070cc00000, 0x000000070ce00000|  0%| F|  |TAMS 0x000000070cc00000, 0x000000070cc00000| Untracked 
| 103|0x000000070ce00000, 0x000000070ce00000, 0x000000070d000000|  0%| F|  |TAMS 0x000000070ce00000, 0x000000070ce00000| Untracked 
| 104|0x000000070d000000, 0x000000070d000000, 0x000000070d200000|  0%| F|  |TAMS 0x000000070d000000, 0x000000070d000000| Untracked 
| 105|0x000000070d200000, 0x000000070d200000, 0x000000070d400000|  0%| F|  |TAMS 0x000000070d200000, 0x000000070d200000| Untracked 
| 106|0x000000070d400000, 0x000000070d400000, 0x000000070d600000|  0%| F|  |TAMS 0x000000070d400000, 0x000000070d400000| Untracked 
| 107|0x000000070d600000, 0x000000070d600000, 0x000000070d800000|  0%| F|  |TAMS 0x000000070d600000, 0x000000070d600000| Untracked 
| 108|0x000000070d800000, 0x000000070d800000, 0x000000070da00000|  0%| F|  |TAMS 0x000000070d800000, 0x000000070d800000| Untracked 
| 109|0x000000070da00000, 0x000000070da00000, 0x000000070dc00000|  0%| F|  |TAMS 0x000000070da00000, 0x000000070da00000| Untracked 
| 110|0x000000070dc00000, 0x000000070dc00000, 0x000000070de00000|  0%| F|  |TAMS 0x000000070dc00000, 0x000000070dc00000| Untracked 
| 111|0x000000070de00000, 0x000000070de00000, 0x000000070e000000|  0%| F|  |TAMS 0x000000070de00000, 0x000000070de00000| Untracked 
| 112|0x000000070e000000, 0x000000070e000000, 0x000000070e200000|  0%| F|  |TAMS 0x000000070e000000, 0x000000070e000000| Untracked 
| 113|0x000000070e200000, 0x000000070e200000, 0x000000070e400000|  0%| F|  |TAMS 0x000000070e200000, 0x000000070e200000| Untracked 
| 114|0x000000070e400000, 0x000000070e400000, 0x000000070e600000|  0%| F|  |TAMS 0x000000070e400000, 0x000000070e400000| Untracked 
| 115|0x000000070e600000, 0x000000070e600000, 0x000000070e800000|  0%| F|  |TAMS 0x000000070e600000, 0x000000070e600000| Untracked 
| 116|0x000000070e800000, 0x000000070e800000, 0x000000070ea00000|  0%| F|  |TAMS 0x000000070e800000, 0x000000070e800000| Untracked 
| 117|0x000000070ea00000, 0x000000070ea00000, 0x000000070ec00000|  0%| F|  |TAMS 0x000000070ea00000, 0x000000070ea00000| Untracked 
| 118|0x000000070ec00000, 0x000000070ec00000, 0x000000070ee00000|  0%| F|  |TAMS 0x000000070ec00000, 0x000000070ec00000| Untracked 
| 119|0x000000070ee00000, 0x000000070ee00000, 0x000000070f000000|  0%| F|  |TAMS 0x000000070ee00000, 0x000000070ee00000| Untracked 
| 120|0x000000070f000000, 0x000000070f06ca68, 0x000000070f200000| 21%| S|CS|TAMS 0x000000070f000000, 0x000000070f000000| Complete 
| 121|0x000000070f200000, 0x000000070f200000, 0x000000070f400000|  0%| F|  |TAMS 0x000000070f200000, 0x000000070f200000| Untracked 
| 122|0x000000070f400000, 0x000000070f4aebb8, 0x000000070f600000| 34%| E|  |TAMS 0x000000070f400000, 0x000000070f400000| Complete 
| 123|0x000000070f600000, 0x000000070f800000, 0x000000070f800000|100%| E|CS|TAMS 0x000000070f600000, 0x000000070f600000| Complete 
| 124|0x000000070f800000, 0x000000070fa00000, 0x000000070fa00000|100%| E|CS|TAMS 0x000000070f800000, 0x000000070f800000| Complete 
| 125|0x000000070fa00000, 0x000000070fc00000, 0x000000070fc00000|100%| E|CS|TAMS 0x000000070fa00000, 0x000000070fa00000| Complete 
| 126|0x000000070fc00000, 0x000000070fe00000, 0x000000070fe00000|100%| E|CS|TAMS 0x000000070fc00000, 0x000000070fc00000| Complete 
| 127|0x000000070fe00000, 0x0000000710000000, 0x0000000710000000|100%| E|CS|TAMS 0x000000070fe00000, 0x000000070fe00000| Complete 

Card table byte_map: [0x0000016119c00000,0x000001611a400000] _byte_map_base: 0x0000016116400000

Marking Bits (Prev, Next): (CMBitMap*) 0x0000016106db6a60, (CMBitMap*) 0x0000016106db6aa0
 Prev Bits: [0x000001611ac00000, 0x000001611ec00000)
 Next Bits: [0x000001611ec00000, 0x0000016122c00000)

Polling page: 0x0000016104c90000

Metaspace:

Usage:
  Non-class:     13.86 MB used.
      Class:      1.56 MB used.
       Both:     15.42 MB used.

Virtual space:
  Non-class space:       16.00 MB reserved,      13.94 MB ( 87%) committed,  2 nodes.
      Class space:        1.00 GB reserved,       1.63 MB ( <1%) committed,  1 nodes.
             Both:        1.02 GB reserved,      15.56 MB (  1%) committed. 

Chunk freelists:
   Non-Class:  1.86 MB
       Class:  2.39 MB
        Both:  4.25 MB

MaxMetaspaceSize: unlimited
CompressedClassSpaceSize: 1.00 GB
Initial GC threshold: 21.00 MB
Current GC threshold: 21.00 MB
CDS: off
MetaspaceReclaimPolicy: balanced
 - commit_granule_bytes: 65536.
 - commit_granule_words: 8192.
 - virtual_space_node_default_size: 1048576.
 - enlarge_chunks_in_place: 1.
 - new_chunks_are_fully_committed: 0.
 - uncommit_free_chunks: 1.
 - use_allocation_guard: 0.
 - handle_deallocations: 1.


Internal statistics:

num_allocs_failed_limit: 0.
num_arena_births: 116.
num_arena_deaths: 0.
num_vsnodes_births: 3.
num_vsnodes_deaths: 0.
num_space_committed: 249.
num_space_uncommitted: 0.
num_chunks_returned_to_freelist: 0.
num_chunks_taken_from_freelist: 331.
num_chunk_merges: 0.
num_chunk_splits: 188.
num_chunks_enlarged: 126.
num_purges: 0.
num_inconsistent_stats: 0.

CodeHeap 'non-profiled nmethods': size=120000Kb used=490Kb max_used=490Kb free=119509Kb
 bounds [0x0000016111ed0000, 0x0000016112140000, 0x0000016119400000]
CodeHeap 'profiled nmethods': size=120000Kb used=2583Kb max_used=2583Kb free=117417Kb
 bounds [0x000001610a9a0000, 0x000001610ac30000, 0x0000016111ed0000]
CodeHeap 'non-nmethods': size=5760Kb used=1171Kb max_used=1190Kb free=4588Kb
 bounds [0x000001610a400000, 0x000001610a670000, 0x000001610a9a0000]
 total_blobs=1939 nmethods=1472 adapters=379
 compilation: enabled
              stopped_count=0, restarted_count=0
 full_count=0

Compilation events (20 events):
Event: 1.552 Thread 0x0000016125c9d8b0 nmethod 1459 0x000001610ac20a90 code [0x000001610ac20c60, 0x000001610ac20fd8]
Event: 1.552 Thread 0x0000016125c9d8b0 1462       3       java.util.zip.ZipFile$ZipFileInflaterInputStream::<init> (41 bytes)
Event: 1.552 Thread 0x0000016125c97fc0 1464       4       java.lang.CharacterDataLatin1::toUpperCase (53 bytes)
Event: 1.552 Thread 0x0000016125c9d8b0 nmethod 1462 0x000001610ac21190 code [0x000001610ac21360, 0x000001610ac21838]
Event: 1.552 Thread 0x0000016125c9d8b0 1463   !   3       java.util.zip.ZipFile$Source::readAt (39 bytes)
Event: 1.552 Thread 0x0000016125c9d8b0 nmethod 1463 0x000001610ac21a10 code [0x000001610ac21c00, 0x000001610ac22088]
Event: 1.552 Thread 0x0000016125c9d8b0 1465       3       java.util.zip.ZipEntry::<init> (84 bytes)
Event: 1.553 Thread 0x0000016125c97fc0 nmethod 1464 0x0000016111f4a010 code [0x0000016111f4a180, 0x0000016111f4a278]
Event: 1.553 Thread 0x0000016125c9d8b0 nmethod 1465 0x000001610ac22390 code [0x000001610ac22580, 0x000001610ac22b18]
Event: 1.559 Thread 0x0000016125c97fc0 1466       4       jdk.internal.misc.Unsafe::allocateUninitializedArray (55 bytes)
Event: 1.560 Thread 0x0000016125c97fc0 nmethod 1466 0x0000016111f4a390 code [0x0000016111f4a520, 0x0000016111f4a6d8]
Event: 1.569 Thread 0x0000016125c9d8b0 1467       3       java.lang.Character::toUpperCase (6 bytes)
Event: 1.569 Thread 0x0000016125c9d8b0 nmethod 1467 0x000001610ac22d10 code [0x000001610ac22ec0, 0x000001610ac23118]
Event: 1.569 Thread 0x0000016125c9d8b0 1468       3       java.lang.Character::toUpperCase (9 bytes)
Event: 1.569 Thread 0x0000016125c9d8b0 nmethod 1468 0x000001610ac23210 code [0x000001610ac233c0, 0x000001610ac235b8]
Event: 1.569 Thread 0x0000016125c9d8b0 1469       3       java.util.TreeMap::parentOf (13 bytes)
Event: 1.569 Thread 0x0000016125c9d8b0 nmethod 1469 0x000001610ac23690 code [0x000001610ac23820, 0x000001610ac23998]
Event: 1.571 Thread 0x0000016125c9d8b0 1470  s!   3       jdk.internal.loader.URLClassPath::getLoader (194 bytes)
Event: 1.572 Thread 0x0000016125c9d8b0 nmethod 1470 0x000001610ac23a90 code [0x000001610ac23d80, 0x000001610ac250c8]
Event: 1.573 Thread 0x0000016125c97fc0 1471       4       java.io.WinNTFileSystem::normalize (143 bytes)

GC Heap History (4 events):
Event: 1.130 GC heap before
{Heap before GC invocations=0 (full 0):
 garbage-first heap   total 262144K, used 10240K [0x0000000700000000, 0x0000000800000000)
  region size 2048K, 6 young (12288K), 0 survivors (0K)
 Metaspace       used 12722K, committed 12864K, reserved 1064960K
  class space    used 1212K, committed 1280K, reserved 1048576K
}
Event: 1.134 GC heap after
{Heap after GC invocations=1 (full 0):
 garbage-first heap   total 262144K, used 2975K [0x0000000700000000, 0x0000000800000000)
  region size 2048K, 1 young (2048K), 1 survivors (2048K)
 Metaspace       used 12722K, committed 12864K, reserved 1064960K
  class space    used 1212K, committed 1280K, reserved 1048576K
}
Event: 1.345 GC heap before
{Heap before GC invocations=1 (full 0):
 garbage-first heap   total 262144K, used 15263K [0x0000000700000000, 0x0000000800000000)
  region size 2048K, 7 young (14336K), 1 survivors (2048K)
 Metaspace       used 14246K, committed 14400K, reserved 1064960K
  class space    used 1389K, committed 1472K, reserved 1048576K
}
Event: 1.348 GC heap after
{Heap after GC invocations=2 (full 0):
 garbage-first heap   total 262144K, used 3708K [0x0000000700000000, 0x0000000800000000)
  region size 2048K, 1 young (2048K), 1 survivors (2048K)
 Metaspace       used 14246K, committed 14400K, reserved 1064960K
  class space    used 1389K, committed 1472K, reserved 1048576K
}

Deoptimization events (20 events):
Event: 1.548 Thread 0x0000016106d494f0 DEOPT PACKING pc=0x0000016111f4962c sp=0x0000002a7f4f90a0
Event: 1.548 Thread 0x0000016106d494f0 DEOPT UNPACKING pc=0x000001610a4523a3 sp=0x0000002a7f4f9028 mode 2
Event: 1.568 Thread 0x0000016106d494f0 Uncommon trap: trap_request=0xffffffc6 fr.pc=0x0000016111f3f574 relative=0x0000000000001614
Event: 1.568 Thread 0x0000016106d494f0 Uncommon trap: reason=bimorphic_or_optimized_type_check action=maybe_recompile pc=0x0000016111f3f574 method=java.util.HashMap.putVal(ILjava/lang/Object;Ljava/lang/Object;ZZ)Ljava/lang/Object; @ 56 c2
Event: 1.568 Thread 0x0000016106d494f0 DEOPT PACKING pc=0x0000016111f3f574 sp=0x0000002a7f4fcb60
Event: 1.568 Thread 0x0000016106d494f0 DEOPT UNPACKING pc=0x000001610a4523a3 sp=0x0000002a7f4fcae8 mode 2
Event: 1.568 Thread 0x0000016106d494f0 Uncommon trap: trap_request=0xffffffc6 fr.pc=0x0000016111f3f574 relative=0x0000000000001614
Event: 1.568 Thread 0x0000016106d494f0 Uncommon trap: reason=bimorphic_or_optimized_type_check action=maybe_recompile pc=0x0000016111f3f574 method=java.util.HashMap.putVal(ILjava/lang/Object;Ljava/lang/Object;ZZ)Ljava/lang/Object; @ 56 c2
Event: 1.568 Thread 0x0000016106d494f0 DEOPT PACKING pc=0x0000016111f3f574 sp=0x0000002a7f4fcb60
Event: 1.568 Thread 0x0000016106d494f0 DEOPT UNPACKING pc=0x000001610a4523a3 sp=0x0000002a7f4fcae8 mode 2
Event: 1.568 Thread 0x0000016106d494f0 Uncommon trap: trap_request=0xffffffc6 fr.pc=0x0000016111f3f574 relative=0x0000000000001614
Event: 1.568 Thread 0x0000016106d494f0 Uncommon trap: reason=bimorphic_or_optimized_type_check action=maybe_recompile pc=0x0000016111f3f574 method=java.util.HashMap.putVal(ILjava/lang/Object;Ljava/lang/Object;ZZ)Ljava/lang/Object; @ 56 c2
Event: 1.568 Thread 0x0000016106d494f0 DEOPT PACKING pc=0x0000016111f3f574 sp=0x0000002a7f4fcb60
Event: 1.568 Thread 0x0000016106d494f0 DEOPT UNPACKING pc=0x000001610a4523a3 sp=0x0000002a7f4fcae8 mode 2
Event: 1.568 Thread 0x0000016106d494f0 Uncommon trap: trap_request=0xffffffc6 fr.pc=0x0000016111f3f574 relative=0x0000000000001614
Event: 1.568 Thread 0x0000016106d494f0 Uncommon trap: reason=bimorphic_or_optimized_type_check action=maybe_recompile pc=0x0000016111f3f574 method=java.util.HashMap.putVal(ILjava/lang/Object;Ljava/lang/Object;ZZ)Ljava/lang/Object; @ 56 c2
Event: 1.568 Thread 0x0000016106d494f0 DEOPT PACKING pc=0x0000016111f3f574 sp=0x0000002a7f4fcb60
Event: 1.568 Thread 0x0000016106d494f0 DEOPT UNPACKING pc=0x000001610a4523a3 sp=0x0000002a7f4fcae8 mode 2
Event: 1.573 Thread 0x0000016106d494f0 DEOPT PACKING pc=0x000001610a9c8198 sp=0x0000002a7f4f9060
Event: 1.573 Thread 0x0000016106d494f0 DEOPT UNPACKING pc=0x000001610a452b43 sp=0x0000002a7f4f8568 mode 0

Classes unloaded (0 events):
No events

Classes redefined (0 events):
No events

Internal exceptions (20 events):
Event: 1.111 Thread 0x0000016106d494f0 Exception <a 'java/lang/NoSuchMethodError'{0x000000070f55d6b0}: 'java.lang.Object java.lang.invoke.Invokers$Holder.invokeExact_MT(java.lang.Object, java.lang.Object, java.lang.Object, java.lang.Object, java.lang.Object, java.lang.Object)'> (0x000000070f55d6b0) 
thrown [s\src\hotspot\share\interpreter\linkResolver.cpp, line 759]
Event: 1.126 Thread 0x0000016106d494f0 Exception <a 'java/lang/NoSuchMethodError'{0x000000070f5d0cf8}: 'int java.lang.invoke.DirectMethodHandle$Holder.invokeStaticInit(java.lang.Object, java.lang.Object, java.lang.Object)'> (0x000000070f5d0cf8) 
thrown [s\src\hotspot\share\interpreter\linkResolver.cpp, line 759]
Event: 1.180 Thread 0x0000016106d494f0 Exception <a 'java/lang/NoSuchMethodError'{0x000000070ff56cd0}: 'java.lang.Object java.lang.invoke.DirectMethodHandle$Holder.invokeSpecial(java.lang.Object, java.lang.Object, java.lang.Object, java.lang.Object, java.lang.Object, java.lang.Object, java.lang.Object, java.lang.Object, java.lang.Object, java.lang.Object)'> (0x000000070ff56cd0) 
thrown [s\src\hotspot\share\interpreter\linkResolver.cpp, line 759]
Event: 1.183 Thread 0x0000016106d494f0 Exception <a 'java/lang/NoSuchMethodError'{0x000000070ff61bd0}: 'java.lang.Object java.lang.invoke.DirectMethodHandle$Holder.newInvokeSpecial(java.lang.Object, java.lang.Object, java.lang.Object, java.lang.Object, java.lang.Object, java.lang.Object, java.lang.Object, java.lang.Object, java.lang.Object)'> (0x000000070ff61bd0) 
thrown [s\src\hotspot\share\interpreter\linkResolver.cpp, line 759]
Event: 1.184 Thread 0x0000016106d494f0 Exception <a 'java/lang/NoSuchMethodError'{0x000000070ff66f20}: 'java.lang.Object java.lang.invoke.Invokers$Holder.linkToTargetMethod(java.lang.Object, java.lang.Object, java.lang.Object, java.lang.Object, java.lang.Object, java.lang.Object, java.lang.Object, java.lang.Object, java.lang.Object)'> (0x000000070ff66f20) 
thrown [s\src\hotspot\share\interpreter\linkResolver.cpp, line 759]
Event: 1.206 Thread 0x0000016106d494f0 Exception <a 'java/lang/NoSuchMethodError'{0x000000070fc9e998}: 'java.lang.Object java.lang.invoke.DirectMethodHandle$Holder.newInvokeSpecial(java.lang.Object, java.lang.Object, java.lang.Object, java.lang.Object, java.lang.Object, java.lang.Object, java.lang.Object)'> (0x000000070fc9e998) 
thrown [s\src\hotspot\share\interpreter\linkResolver.cpp, line 759]
Event: 1.206 Thread 0x0000016106d494f0 Exception <a 'java/lang/NoSuchMethodError'{0x000000070fca3600}: 'java.lang.Object java.lang.invoke.Invokers$Holder.linkToTargetMethod(java.lang.Object, java.lang.Object, java.lang.Object, java.lang.Object, java.lang.Object, java.lang.Object, java.lang.Object)'> (0x000000070fca3600) 
thrown [s\src\hotspot\share\interpreter\linkResolver.cpp, line 759]
Event: 1.209 Thread 0x0000016106d494f0 Exception <a 'java/lang/NoSuchMethodError'{0x000000070fcafa38}: 'void java.lang.invoke.DirectMethodHandle$Holder.invokeStatic(java.lang.Object, java.lang.Object, java.lang.Object, java.lang.Object)'> (0x000000070fcafa38) 
thrown [s\src\hotspot\share\interpreter\linkResolver.cpp, line 759]
Event: 1.258 Thread 0x0000016106d494f0 Exception <a 'java/lang/NoSuchMethodError'{0x000000070f9d20d8}: 'int java.lang.invoke.DirectMethodHandle$Holder.invokeSpecial(java.lang.Object, java.lang.Object, java.lang.Object)'> (0x000000070f9d20d8) 
thrown [s\src\hotspot\share\interpreter\linkResolver.cpp, line 759]
Event: 1.275 Thread 0x0000016106d494f0 Exception <a 'java/lang/NoSuchMethodError'{0x000000070f63f048}: 'java.lang.Object java.lang.invoke.DirectMethodHandle$Holder.invokeInterface(java.lang.Object, java.lang.Object)'> (0x000000070f63f048) 
thrown [s\src\hotspot\share\interpreter\linkResolver.cpp, line 759]
Event: 1.275 Thread 0x0000016106d494f0 Exception <a 'java/lang/IncompatibleClassChangeError'{0x000000070f642840}: Found class java.lang.Object, but interface was expected> (0x000000070f642840) 
thrown [s\src\hotspot\share\interpreter\linkResolver.cpp, line 826]
Event: 1.313 Thread 0x0000016106d494f0 Exception <a 'java/lang/NoSuchMethodError'{0x000000070f738170}: 'java.lang.Object java.lang.invoke.DirectMethodHandle$Holder.newInvokeSpecial(java.lang.Object, int, java.lang.Object)'> (0x000000070f738170) 
thrown [s\src\hotspot\share\interpreter\linkResolver.cpp, line 759]
Event: 1.324 Thread 0x0000016106d494f0 Exception <a 'java/lang/NoSuchMethodError'{0x000000070f78a088}: 'java.lang.Object java.lang.invoke.DirectMethodHandle$Holder.invokeStatic(java.lang.Object, java.lang.Object, int, java.lang.Object, java.lang.Object)'> (0x000000070f78a088) 
thrown [s\src\hotspot\share\interpreter\linkResolver.cpp, line 759]
Event: 1.325 Thread 0x0000016106d494f0 Exception <a 'java/lang/NoSuchMethodError'{0x000000070f791a10}: 'java.lang.Object java.lang.invoke.DirectMethodHandle$Holder.newInvokeSpecial(java.lang.Object, java.lang.Object, int, java.lang.Object)'> (0x000000070f791a10) 
thrown [s\src\hotspot\share\interpreter\linkResolver.cpp, line 759]
Event: 1.325 Thread 0x0000016106d494f0 Exception <a 'java/lang/NoSuchMethodError'{0x000000070f795df0}: 'java.lang.Object java.lang.invoke.DirectMethodHandle$Holder.invokeSpecial(java.lang.Object, java.lang.Object, java.lang.Object, int, java.lang.Object)'> (0x000000070f795df0) 
thrown [s\src\hotspot\share\interpreter\linkResolver.cpp, line 759]
Event: 1.325 Thread 0x0000016106d494f0 Exception <a 'java/lang/NoSuchMethodError'{0x000000070f7999b8}: 'java.lang.Object java.lang.invoke.Invokers$Holder.linkToTargetMethod(java.lang.Object, int, java.lang.Object, java.lang.Object)'> (0x000000070f7999b8) 
thrown [s\src\hotspot\share\interpreter\linkResolver.cpp, line 759]
Event: 1.371 Thread 0x0000016106d494f0 Exception <a 'java/lang/NoSuchMethodError'{0x000000070fef0758}: 'void java.lang.invoke.DirectMethodHandle$Holder.invokeStatic(java.lang.Object, java.lang.Object, java.lang.Object)'> (0x000000070fef0758) 
thrown [s\src\hotspot\share\interpreter\linkResolver.cpp, line 759]
Event: 1.408 Thread 0x0000016106d494f0 Implicit null exception at 0x0000016111f2185a to 0x0000016111f21914
Event: 1.456 Thread 0x0000016106d494f0 Exception <a 'java/lang/NoSuchMethodError'{0x000000070f9b0a70}: 'void java.lang.invoke.DirectMethodHandle$Holder.invokeInterface(java.lang.Object, java.lang.Object)'> (0x000000070f9b0a70) 
thrown [s\src\hotspot\share\interpreter\linkResolver.cpp, line 759]
Event: 1.558 Thread 0x0000016106d494f0 Exception <a 'java/net/SocketException'{0x000000070f7c52f0}: Socket is not connected: shutdown> (0x000000070f7c52f0) 
thrown [s\src\hotspot\share\prims\jni.cpp, line 535]

VM Operations (20 events):
Event: 0.755 Executing VM operation: HandshakeAllThreads
Event: 0.755 Executing VM operation: HandshakeAllThreads done
Event: 0.770 Executing VM operation: HandshakeAllThreads
Event: 0.770 Executing VM operation: HandshakeAllThreads done
Event: 0.895 Executing VM operation: HandshakeAllThreads
Event: 0.895 Executing VM operation: HandshakeAllThreads done
Event: 1.001 Executing VM operation: HandshakeAllThreads
Event: 1.001 Executing VM operation: HandshakeAllThreads done
Event: 1.046 Executing VM operation: HandshakeAllThreads
Event: 1.046 Executing VM operation: HandshakeAllThreads done
Event: 1.130 Executing VM operation: G1CollectForAllocation
Event: 1.134 Executing VM operation: G1CollectForAllocation done
Event: 1.345 Executing VM operation: G1CollectForAllocation
Event: 1.349 Executing VM operation: G1CollectForAllocation done
Event: 1.359 Executing VM operation: HandshakeAllThreads
Event: 1.359 Executing VM operation: HandshakeAllThreads done
Event: 1.486 Executing VM operation: HandshakeAllThreads
Event: 1.486 Executing VM operation: HandshakeAllThreads done
Event: 1.567 Executing VM operation: HandshakeAllThreads
Event: 1.567 Executing VM operation: HandshakeAllThreads done

Events (20 events):
Event: 1.558 loading class sun/nio/ch/ExtendedSocketOption
Event: 1.558 loading class sun/nio/ch/ExtendedSocketOption done
Event: 1.558 loading class sun/nio/ch/ExtendedSocketOption$1
Event: 1.558 loading class sun/nio/ch/ExtendedSocketOption$1 done
Event: 1.560 loading class java/math/RoundingMode
Event: 1.561 loading class java/math/RoundingMode done
Event: 1.566 loading class java/lang/ProcessEnvironment
Event: 1.567 loading class java/lang/ProcessEnvironment done
Event: 1.567 loading class java/lang/ProcessEnvironment$NameComparator
Event: 1.568 loading class java/lang/ProcessEnvironment$NameComparator done
Event: 1.568 loading class java/lang/ProcessEnvironment$EntryComparator
Event: 1.568 loading class java/lang/ProcessEnvironment$EntryComparator done
Event: 1.568 loading class java/lang/ProcessEnvironment$CheckedEntrySet
Event: 1.568 loading class java/lang/ProcessEnvironment$CheckedEntrySet done
Event: 1.568 loading class java/lang/ProcessEnvironment$CheckedEntrySet$1
Event: 1.568 loading class java/lang/ProcessEnvironment$CheckedEntrySet$1 done
Event: 1.569 loading class java/lang/ProcessEnvironment$CheckedEntry
Event: 1.569 loading class java/lang/ProcessEnvironment$CheckedEntry done
Event: 1.569 loading class java/lang/ProcessEnvironment$CheckedKeySet
Event: 1.569 loading class java/lang/ProcessEnvironment$CheckedKeySet done


Dynamic libraries:
0x00007ff6a3380000 - 0x00007ff6a338e000 	C:\Users\user_ta\.p2\pool\plugins\org.eclipse.justj.openjdk.hotspot.jre.full.win32.x86_64_17.0.4.v20221004-1257\jre\bin\javaw.exe
0x00007ff9f1900000 - 0x00007ff9f1aed000 	C:\Windows\SYSTEM32\ntdll.dll
0x00007ff9f1810000 - 0x00007ff9f18c4000 	C:\Windows\System32\KERNEL32.DLL
0x00007ff9ee890000 - 0x00007ff9eeb24000 	C:\Windows\System32\KERNELBASE.dll
0x00007ff9ee5f0000 - 0x00007ff9ee6ea000 	C:\Windows\System32\ucrtbase.dll
0x00007ff9dfb40000 - 0x00007ff9dfb58000 	C:\Users\user_ta\.p2\pool\plugins\org.eclipse.justj.openjdk.hotspot.jre.full.win32.x86_64_17.0.4.v20221004-1257\jre\bin\jli.dll
0x00007ff9ef550000 - 0x00007ff9ef6e7000 	C:\Windows\System32\USER32.dll
0x00007ff9ed990000 - 0x00007ff9ed9b0000 	C:\Windows\System32\win32u.dll
0x00007ff9eeb30000 - 0x00007ff9eeb59000 	C:\Windows\System32\GDI32.dll
0x00007ff9ee6f0000 - 0x00007ff9ee88c000 	C:\Windows\System32\gdi32full.dll
0x00007ff9ee4c0000 - 0x00007ff9ee560000 	C:\Windows\System32\msvcp_win.dll
0x00007ff9df530000 - 0x00007ff9df549000 	C:\Users\user_ta\.p2\pool\plugins\org.eclipse.justj.openjdk.hotspot.jre.full.win32.x86_64_17.0.4.v20221004-1257\jre\bin\VCRUNTIME140.dll
0x00007ff9dd670000 - 0x00007ff9dd8e9000 	C:\Windows\WinSxS\amd64_microsoft.windows.common-controls_6595b64144ccf1df_6.0.17763.2803_none_de6d9ee8534e8a05\COMCTL32.dll
0x00007ff9ef480000 - 0x00007ff9ef51e000 	C:\Windows\System32\msvcrt.dll
0x00007ff9efe50000 - 0x00007ff9f017d000 	C:\Windows\System32\combase.dll
0x00007ff9ef710000 - 0x00007ff9ef82d000 	C:\Windows\System32\RPCRT4.dll
0x00007ff9ee560000 - 0x00007ff9ee5e2000 	C:\Windows\System32\bcryptPrimitives.dll
0x00007ff9ef520000 - 0x00007ff9ef54e000 	C:\Windows\System32\IMM32.DLL
0x00007ff9df3a0000 - 0x00007ff9df3ac000 	C:\Users\user_ta\.p2\pool\plugins\org.eclipse.justj.openjdk.hotspot.jre.full.win32.x86_64_17.0.4.v20221004-1257\jre\bin\vcruntime140_1.dll
0x00007ff9d9a60000 - 0x00007ff9d9af1000 	C:\Users\user_ta\.p2\pool\plugins\org.eclipse.justj.openjdk.hotspot.jre.full.win32.x86_64_17.0.4.v20221004-1257\jre\bin\msvcp140.dll
0x00007ff9cdc50000 - 0x00007ff9ce896000 	C:\Users\user_ta\.p2\pool\plugins\org.eclipse.justj.openjdk.hotspot.jre.full.win32.x86_64_17.0.4.v20221004-1257\jre\bin\server\jvm.dll
0x00007ff9ef3d0000 - 0x00007ff9ef477000 	C:\Windows\System32\ADVAPI32.dll
0x00007ff9f1710000 - 0x00007ff9f17af000 	C:\Windows\System32\sechost.dll
0x00007ff9ef700000 - 0x00007ff9ef708000 	C:\Windows\System32\PSAPI.DLL
0x00007ff9e3cd0000 - 0x00007ff9e3cd9000 	C:\Windows\SYSTEM32\WSOCK32.dll
0x00007ff9efa90000 - 0x00007ff9efafd000 	C:\Windows\System32\WS2_32.dll
0x00007ff9eb9f0000 - 0x00007ff9eba14000 	C:\Windows\SYSTEM32\WINMM.dll
0x00007ff9e5380000 - 0x00007ff9e538a000 	C:\Windows\SYSTEM32\VERSION.dll
0x00007ff9eb9c0000 - 0x00007ff9eb9ed000 	C:\Windows\SYSTEM32\WINMMBASE.dll
0x00007ff9ee150000 - 0x00007ff9ee19a000 	C:\Windows\System32\cfgmgr32.dll
0x00007ff9ed8c0000 - 0x00007ff9ed8d1000 	C:\Windows\System32\kernel.appcore.dll
0x00007ff9e0330000 - 0x00007ff9e033a000 	C:\Users\user_ta\.p2\pool\plugins\org.eclipse.justj.openjdk.hotspot.jre.full.win32.x86_64_17.0.4.v20221004-1257\jre\bin\jimage.dll
0x00007ff9d5050000 - 0x00007ff9d523d000 	C:\Windows\SYSTEM32\DBGHELP.DLL
0x00007ff9e01b0000 - 0x00007ff9e01da000 	C:\Windows\SYSTEM32\dbgcore.DLL
0x00007ff9dfb80000 - 0x00007ff9dfba5000 	C:\Users\user_ta\.p2\pool\plugins\org.eclipse.justj.openjdk.hotspot.jre.full.win32.x86_64_17.0.4.v20221004-1257\jre\bin\java.dll
0x00007ff9dfb10000 - 0x00007ff9dfb28000 	C:\Users\user_ta\.p2\pool\plugins\org.eclipse.justj.openjdk.hotspot.jre.full.win32.x86_64_17.0.4.v20221004-1257\jre\bin\zip.dll
0x00007ff9f0200000 - 0x00007ff9f16f8000 	C:\Windows\System32\SHELL32.dll
0x00007ff9efda0000 - 0x00007ff9efe48000 	C:\Windows\System32\shcore.dll
0x00007ff9ed9e0000 - 0x00007ff9ee128000 	C:\Windows\System32\windows.storage.dll
0x00007ff9ed940000 - 0x00007ff9ed964000 	C:\Windows\System32\profapi.dll
0x00007ff9ed8e0000 - 0x00007ff9ed93d000 	C:\Windows\System32\powrprof.dll
0x00007ff9eed10000 - 0x00007ff9eed62000 	C:\Windows\System32\shlwapi.dll
0x00007ff9ee130000 - 0x00007ff9ee147000 	C:\Windows\System32\cryptsp.dll
0x00007ff9dfaf0000 - 0x00007ff9dfb09000 	C:\Users\user_ta\.p2\pool\plugins\org.eclipse.justj.openjdk.hotspot.jre.full.win32.x86_64_17.0.4.v20221004-1257\jre\bin\net.dll
0x00007ff9e9220000 - 0x00007ff9e9311000 	C:\Windows\SYSTEM32\WINHTTP.dll
0x00007ff9ed0b0000 - 0x00007ff9ed117000 	C:\Windows\system32\mswsock.dll
0x00007ff9dfa60000 - 0x00007ff9dfa75000 	C:\Users\user_ta\.p2\pool\plugins\org.eclipse.justj.openjdk.hotspot.jre.full.win32.x86_64_17.0.4.v20221004-1257\jre\bin\nio.dll
0x00007ff9ece00000 - 0x00007ff9ecec6000 	C:\Windows\SYSTEM32\DNSAPI.dll
0x00007ff9f1700000 - 0x00007ff9f1708000 	C:\Windows\System32\NSI.dll
0x00007ff9ecdc0000 - 0x00007ff9ecdfe000 	C:\Windows\SYSTEM32\IPHLPAPI.DLL
0x00007ff9e7d70000 - 0x00007ff9e7d7a000 	C:\Windows\System32\rasadhlp.dll
0x00007ff9e9a30000 - 0x00007ff9e9aa9000 	C:\Windows\System32\fwpuclnt.dll
0x00007ff9ed9b0000 - 0x00007ff9ed9d6000 	C:\Windows\System32\bcrypt.dll
0x00007ff9ecc30000 - 0x00007ff9ecc63000 	C:\Windows\system32\rsaenh.dll
0x00007ff9ed7f0000 - 0x00007ff9ed819000 	C:\Windows\SYSTEM32\USERENV.dll
0x00007ff9ed280000 - 0x00007ff9ed28c000 	C:\Windows\SYSTEM32\CRYPTBASE.dll
0x00007ff9e9950000 - 0x00007ff9e9966000 	C:\Windows\SYSTEM32\dhcpcsvc6.DLL
0x00007ff9e98f0000 - 0x00007ff9e990c000 	C:\Windows\SYSTEM32\dhcpcsvc.DLL
0x00007ff9e0300000 - 0x00007ff9e0310000 	C:\Users\user_ta\.p2\pool\plugins\org.eclipse.justj.openjdk.hotspot.jre.full.win32.x86_64_17.0.4.v20221004-1257\jre\bin\verify.dll

dbghelp: loaded successfully - version: 4.0.5 - missing functions: none
symbol engine: initialized successfully - sym options: 0x614 - pdb path: .;C:\Users\user_ta\.p2\pool\plugins\org.eclipse.justj.openjdk.hotspot.jre.full.win32.x86_64_17.0.4.v20221004-1257\jre\bin;C:\Windows\SYSTEM32;C:\Windows\WinSxS\amd64_microsoft.windows.common-controls_6595b64144ccf1df_6.0.17763.2803_none_de6d9ee8534e8a05;C:\Users\user_ta\.p2\pool\plugins\org.eclipse.justj.openjdk.hotspot.jre.full.win32.x86_64_17.0.4.v20221004-1257\jre\bin\server

VM Arguments:
jvm_args: -ea -Dfile.encoding=windows-1252 -XX:+ShowCodeDetailsInExceptionMessages 
java_command: org.testng.remote.RemoteTestNG -serport 50438 -protocol json -d C:\Users\user_ta\Documents\chave\TIMP_R1\test-output C:\Users\user_ta\Documents\chave\TIMP_R1\src\test\java\com\timp\test\ATR\Automacoes\AutomacoesATR1.xml
java_class_path (initial): C:\Users\user_ta\eclipse\jee-2022-09\eclipse\configuration\org.eclipse.osgi\921\0\.cp\lib\testng-remote.jar;C:\Users\user_ta\Documents\chave\TIMP_R1\target\test-classes;C:\Users\user_ta\Documents\chave\TIMP_R1\target\classes;C:\Users\user_ta\.p2\pool\plugins\org.testng_7.4.0.r202105021533.jar;C:\Users\user_ta\.p2\pool\plugins\com.beust.jcommander_1.78.0.jar;C:\Users\user_ta\.p2\pool\plugins\org.apache-extras.beanshell.bsh_2.0.0.b6.jar;C:\Users\user_ta\.p2\pool\plugins\org.yaml.snakeyaml_1.27.0.v20201111-1638.jar;C:\Users\user_ta\.p2\pool\plugins\org.webjars.jquery_3.5.1.jar;C:\Users\user_ta\.m2\repository\org\seleniumhq\selenium\selenium-java\3.141.59\selenium-java-3.141.59.jar;C:\Users\user_ta\.m2\repository\org\seleniumhq\selenium\selenium-api\3.141.59\selenium-api-3.141.59.jar;C:\Users\user_ta\.m2\repository\org\seleniumhq\selenium\selenium-chrome-driver\3.141.59\selenium-chrome-driver-3.141.59.jar;C:\Users\user_ta\.m2\repository\org\seleniumhq\selenium\selenium-edge-driver\3.141.59\selenium-edge-driver-3.141.59.jar;C:\Users\user_ta\.m2\repository\org\seleniumhq\selenium\selenium-firefox-driver\3.141.59\selenium-firefox-driver-3.141.59.jar;C:\Users\user_ta\.m2\repository\org\seleniumhq\selenium\selenium-ie-driver\3.141.59\selenium-ie-driver-3.141.59.jar;C:\Users\user_ta\.m2\repository\org\seleniumhq\selenium\selenium-opera-driver\3.141.59\selenium-opera-driver-3.141.59.jar;C:\Users\user_ta\.m2\repository\org\seleniumhq\selenium\selenium-remote-driver\3.141.59\selenium-remote-driver-3.141.59.jar;C:\Users\user_ta\.m2\repository\org\seleniumhq\selenium\selenium-safari-driver\3.141.59\selenium-safari-driver-3.141.59.jar;C:\Users\user_ta\.m2\repository\org\seleniumhq\selenium\selenium-support\3.141.59\selenium-support-3.141.59.jar;C:\Users\user_ta\.m2\repository\net\bytebuddy\byte-buddy\1.8.15\byte-buddy-1.8.15.jar;C:\Users\user_ta\.m2\repository\org\apache\commons\commons-exec\1.3\commons-exec-1.3.jar;C:\Users\user_ta\.m2\repository\com\g
Launcher Type: SUN_STANDARD

[Global flags]
     intx CICompilerCount                          = 3                                         {product} {ergonomic}
     uint ConcGCThreads                            = 1                                         {product} {ergonomic}
     uint G1ConcRefinementThreads                  = 4                                         {product} {ergonomic}
   size_t G1HeapRegionSize                         = 2097152                                   {product} {ergonomic}
    uintx GCDrainStackTargetSize                   = 64                                        {product} {ergonomic}
   size_t InitialHeapSize                          = 268435456                                 {product} {ergonomic}
   size_t MarkStackSize                            = 4194304                                   {product} {ergonomic}
   size_t MaxHeapSize                              = 4294967296                                {product} {ergonomic}
   size_t MaxNewSize                               = 2575302656                                {product} {ergonomic}
   size_t MinHeapDeltaBytes                        = 2097152                                   {product} {ergonomic}
   size_t MinHeapSize                              = 8388608                                   {product} {ergonomic}
    uintx NonNMethodCodeHeapSize                   = 5832780                                {pd product} {ergonomic}
    uintx NonProfiledCodeHeapSize                  = 122912730                              {pd product} {ergonomic}
    uintx ProfiledCodeHeapSize                     = 122912730                              {pd product} {ergonomic}
    uintx ReservedCodeCacheSize                    = 251658240                              {pd product} {ergonomic}
     bool SegmentedCodeCache                       = true                                      {product} {ergonomic}
     bool ShowCodeDetailsInExceptionMessages       = true                                   {manageable} {command line}
   size_t SoftMaxHeapSize                          = 4294967296                             {manageable} {ergonomic}
     bool UseCompressedClassPointers               = true                           {product lp64_product} {ergonomic}
     bool UseCompressedOops                        = true                           {product lp64_product} {ergonomic}
     bool UseG1GC                                  = true                                      {product} {ergonomic}
     bool UseLargePagesIndividualAllocation        = false                                  {pd product} {ergonomic}

Logging:
Log output configuration:
 #0: stdout all=warning uptime,level,tags
 #1: stderr all=off uptime,level,tags

Environment Variables:
PATH=C:/Users/user_ta/.p2/pool/plugins/org.eclipse.justj.openjdk.hotspot.jre.full.win32.x86_64_17.0.4.v20221004-1257/jre/bin/server;C:/Users/user_ta/.p2/pool/plugins/org.eclipse.justj.openjdk.hotspot.jre.full.win32.x86_64_17.0.4.v20221004-1257/jre/bin;C:\Program Files\SAP\hdbclient;C:\Program Files (x86)\Common Files\Oracle\Java\javapath;C:\Windows\system32;C:\Windows;C:\Windows\System32\Wbem;C:\Windows\System32\WindowsPowerShell\v1.0\;C:\Windows\System32\OpenSSH\;C:\Program Files\Amazon\cfn-bootstrap\;C:\Program Files\Git\cmd;C:\Users\user_ta\AppData\Local\Microsoft\WindowsApps;C:\Users\user_ta\Downloads\sonar-scanner-4.7.0.2747-windows\bin;;C:\Windows\system32;
USERNAME=user_ta
OS=Windows_NT
PROCESSOR_IDENTIFIER=Intel64 Family 6 Model 63 Stepping 2, GenuineIntel
TMP=C:\Users\user_ta\AppData\Local\Temp\2
TEMP=C:\Users\user_ta\AppData\Local\Temp\2



---------------  S Y S T E M  ---------------

OS:
 Windows Server 2019 , 64 bit Build 17763 (10.0.17763.2803)
OS uptime: 25 days 21:24 hours
Xen hardware-assisted virtualization detected

CPU: total 4 (initial active 4) (4 cores per cpu, 1 threads per core) family 6 model 63 stepping 2 microcode 0x49, cx8, cmov, fxsr, mmx, sse, sse2, sse3, ssse3, sse4.1, sse4.2, popcnt, lzcnt, tsc, avx, avx2, aes, erms, clmul, bmi1, bmi2, fma, vzeroupper, clflush, hv

Memory: 4k page, system-wide physical 16383M (312M free)
TotalPageFile size 29183M (AvailPageFile size 25M)
current process WorkingSet (physical memory assigned to process): 77M, peak: 77M
current process commit charge ("private bytes"): 351M, peak: 351M

vm_info: OpenJDK 64-Bit Server VM (17.0.4.1+1) for windows-amd64 JRE (17.0.4.1+1), built on Aug 17 2022 07:42:43 by "temurin" with MS VC++ 16.7 (VS2019)

END.
