#
# There is insufficient memory for the Java Runtime Environment to continue.
# Native memory allocation (mmap) failed to map 268435456 bytes for G1 virtual space
# Possible reasons:
#   The system is out of physical RAM or swap space
#   The process is running with CompressedOops enabled, and the Java Heap may be blocking the growth of the native heap
# Possible solutions:
#   Reduce memory load on the system
#   Increase physical memory or swap space
#   Check if swap backing store is full
#   Decrease Java heap size (-Xmx/-Xms)
#   Decrease number of Java threads
#   Decrease Java thread stack sizes (-Xss)
#   Set larger code cache with -XX:ReservedCodeCacheSize=
#   JVM is running with Zero Based Compressed Oops mode in which the Java heap is
#     placed in the first 32GB address space. The Java Heap base address is the
#     maximum limit for the native heap growth. Please use -XX:HeapBaseMinAddress
#     to set the Java Heap base and to place the Java Heap above 32GB virtual address.
# This output file may be truncated or incomplete.
#
#  Out of Memory Error (os_windows.cpp:3541), pid=80160, tid=98696
#
# JRE version:  (17.0.4.1+1) (build )
# Java VM: OpenJDK 64-Bit Server VM (17.0.4.1+1, mixed mode, sharing, tiered, compressed oops, compressed class ptrs, g1 gc, windows-amd64)
# Core dump will be written. Default location: C:\Users\user_ta\Documents\chave\TIMP_R1\hs_err_pid80160.mdmp
#

---------------  S U M M A R Y ------------

Command Line: -ea -Dfile.encoding=windows-1252 -XX:+ShowCodeDetailsInExceptionMessages org.testng.remote.RemoteTestNG -serport 62617 -protocol json -d C:\Users\user_ta\Documents\chave\TIMP_R1\test-output C:\Users\user_ta\AppData\Local\Temp\2\testng-eclipse-727760785\testng-customsuite.xml

Host: Intel(R) Xeon(R) CPU E5-2676 v3 @ 2.40GHz, 4 cores, 15G,  Windows Server 2019 , 64 bit Build 17763 (10.0.17763.2803)
Time: Wed Oct 11 16:29:45 2023 Coordinated Universal Time elapsed time: 0.022057 seconds (0d 0h 0m 0s)

---------------  T H R E A D  ---------------

Current thread (0x000002335532ac00):  JavaThread "Unknown thread" [_thread_in_vm, id=98696, stack(0x000000fef9a00000,0x000000fef9b00000)]

Stack: [0x000000fef9a00000,0x000000fef9b00000]
Native frames: (J=compiled Java code, j=interpreted, Vv=VM code, C=native code)
V  [jvm.dll+0x67731a]
V  [jvm.dll+0x832284]
V  [jvm.dll+0x833a2e]
V  [jvm.dll+0x834093]
V  [jvm.dll+0x245775]
V  [jvm.dll+0x674209]
V  [jvm.dll+0x668a92]
V  [jvm.dll+0x30471b]
V  [jvm.dll+0x30bc66]
V  [jvm.dll+0x35ba9e]
V  [jvm.dll+0x35bccf]
V  [jvm.dll+0x2db5b8]
V  [jvm.dll+0x2dc524]
V  [jvm.dll+0x803db1]
V  [jvm.dll+0x3698f1]
V  [jvm.dll+0x7e31bc]
V  [jvm.dll+0x3ec25f]
V  [jvm.dll+0x3edde1]
C  [jli.dll+0x5277]
C  [ucrtbase.dll+0x2268a]
C  [KERNEL32.DLL+0x17974]
C  [ntdll.dll+0x5a2f1]


---------------  P R O C E S S  ---------------

Threads class SMR info:
_java_thread_list=0x00007fffb10c4e98, length=0, elements={
}

Java Threads: ( => current thread )

Other Threads:
  0x00000233553950e0 GCTaskThread "GC Thread#0" [stack: 0x000000fef9b00000,0x000000fef9c00000] [id=78820]
  0x00000233553a6be0 ConcurrentGCThread "G1 Main Marker" [stack: 0x000000fef9c00000,0x000000fef9d00000] [id=88192]
  0x00000233553a8a00 ConcurrentGCThread "G1 Conc#0" [stack: 0x000000fef9d00000,0x000000fef9e00000] [id=73100]

[error occurred during error reporting (printing all threads), id 0xc0000005, EXCEPTION_ACCESS_VIOLATION (0xc0000005) at pc=0x00007fffb089c047]

VM state: not at safepoint (not fully initialized)

VM Mutex/Monitor currently owned by a thread:  ([mutex/lock_event])
[0x0000023355326e10] Heap_lock - owner thread: 0x000002335532ac00

Heap address: 0x0000000700000000, size: 4096 MB, Compressed Oops mode: Zero based, Oop shift amount: 3

CDS archive(s) mapped at: [0x0000000000000000-0x0000000000000000-0x0000000000000000), size 0, SharedBaseAddress: 0x0000000800000000, ArchiveRelocationMode: 0.
Narrow klass base: 0x0000000000000000, Narrow klass shift: 0, Narrow klass range: 0x0

GC Precious Log:
<Empty>

Heap:
 garbage-first heap   total 0K, used 0K [0x0000000700000000, 0x0000000800000000)
  region size 2048K, 0 young (0K), 0 survivors (0K)

[error occurred during error reporting (printing heap information), id 0xc0000005, EXCEPTION_ACCESS_VIOLATION (0xc0000005) at pc=0x00007fffb0c80699]

GC Heap History (0 events):
No events

Deoptimization events (0 events):
No events

Classes unloaded (0 events):
No events

Classes redefined (0 events):
No events

Internal exceptions (0 events):
No events

VM Operations (0 events):
No events

Events (1 events):
Event: 0.009 Loaded shared library C:\Users\user_ta\.p2\pool\plugins\org.eclipse.justj.openjdk.hotspot.jre.full.win32.x86_64_17.0.4.v20221004-1257\jre\bin\java.dll


Dynamic libraries:
0x00007ff71d850000 - 0x00007ff71d85e000 	C:\Users\user_ta\.p2\pool\plugins\org.eclipse.justj.openjdk.hotspot.jre.full.win32.x86_64_17.0.4.v20221004-1257\jre\bin\javaw.exe
0x00007fffc8990000 - 0x00007fffc8b7d000 	C:\Windows\SYSTEM32\ntdll.dll
0x00007fffc8750000 - 0x00007fffc8804000 	C:\Windows\System32\KERNEL32.DLL
0x00007fffc4b20000 - 0x00007fffc4db4000 	C:\Windows\System32\KERNELBASE.dll
0x00007fffc5ac0000 - 0x00007fffc5bba000 	C:\Windows\System32\ucrtbase.dll
0x00007fffb7230000 - 0x00007fffb7248000 	C:\Users\user_ta\.p2\pool\plugins\org.eclipse.justj.openjdk.hotspot.jre.full.win32.x86_64_17.0.4.v20221004-1257\jre\bin\jli.dll
0x00007fffc5d20000 - 0x00007fffc5eb7000 	C:\Windows\System32\USER32.dll
0x00007fffc4b00000 - 0x00007fffc4b20000 	C:\Windows\System32\win32u.dll
0x00007fffc8070000 - 0x00007fffc8099000 	C:\Windows\System32\GDI32.dll
0x00007fffc4e70000 - 0x00007fffc500c000 	C:\Windows\System32\gdi32full.dll
0x00007fffc5260000 - 0x00007fffc5300000 	C:\Windows\System32\msvcp_win.dll
0x00007fffb6cc0000 - 0x00007fffb6cd9000 	C:\Users\user_ta\.p2\pool\plugins\org.eclipse.justj.openjdk.hotspot.jre.full.win32.x86_64_17.0.4.v20221004-1257\jre\bin\VCRUNTIME140.dll
0x00007fffb2f00000 - 0x00007fffb3179000 	C:\Windows\WinSxS\amd64_microsoft.windows.common-controls_6595b64144ccf1df_6.0.17763.2803_none_de6d9ee8534e8a05\COMCTL32.dll
0x00007fffc63a0000 - 0x00007fffc643e000 	C:\Windows\System32\msvcrt.dll
0x00007fffc5f70000 - 0x00007fffc629d000 	C:\Windows\System32\combase.dll
0x00007fffc7ca0000 - 0x00007fffc7dbd000 	C:\Windows\System32\RPCRT4.dll
0x00007fffc4a70000 - 0x00007fffc4af2000 	C:\Windows\System32\bcryptPrimitives.dll
0x00007fffc6370000 - 0x00007fffc639e000 	C:\Windows\System32\IMM32.DLL
0x00007fffb75f0000 - 0x00007fffb75fc000 	C:\Users\user_ta\.p2\pool\plugins\org.eclipse.justj.openjdk.hotspot.jre.full.win32.x86_64_17.0.4.v20221004-1257\jre\bin\vcruntime140_1.dll
0x00007fffb6440000 - 0x00007fffb64d1000 	C:\Users\user_ta\.p2\pool\plugins\org.eclipse.justj.openjdk.hotspot.jre.full.win32.x86_64_17.0.4.v20221004-1257\jre\bin\msvcp140.dll
0x00007fffb05b0000 - 0x00007fffb11f6000 	C:\Users\user_ta\.p2\pool\plugins\org.eclipse.justj.openjdk.hotspot.jre.full.win32.x86_64_17.0.4.v20221004-1257\jre\bin\server\jvm.dll
0x00007fffc5bc0000 - 0x00007fffc5c67000 	C:\Windows\System32\ADVAPI32.dll
0x00007fffc8810000 - 0x00007fffc88af000 	C:\Windows\System32\sechost.dll
0x00007fffc8950000 - 0x00007fffc8958000 	C:\Windows\System32\PSAPI.DLL
0x00007fffbffe0000 - 0x00007fffbffe9000 	C:\Windows\SYSTEM32\WSOCK32.dll
0x00007fffc2ba0000 - 0x00007fffc2bc4000 	C:\Windows\SYSTEM32\WINMM.dll
0x00007fffc86e0000 - 0x00007fffc874d000 	C:\Windows\System32\WS2_32.dll
0x00007fffbb3d0000 - 0x00007fffbb3da000 	C:\Windows\SYSTEM32\VERSION.dll
0x00007fffc2bd0000 - 0x00007fffc2bfd000 	C:\Windows\SYSTEM32\winmmbase.dll
0x00007fffc4a20000 - 0x00007fffc4a6a000 	C:\Windows\System32\cfgmgr32.dll
0x00007fffc4a00000 - 0x00007fffc4a11000 	C:\Windows\System32\kernel.appcore.dll
0x00007fffba9c0000 - 0x00007fffba9ca000 	C:\Users\user_ta\.p2\pool\plugins\org.eclipse.justj.openjdk.hotspot.jre.full.win32.x86_64_17.0.4.v20221004-1257\jre\bin\jimage.dll
0x00007fffac2f0000 - 0x00007fffac4dd000 	C:\Windows\SYSTEM32\DBGHELP.DLL
0x00007fffb1740000 - 0x00007fffb176a000 	C:\Windows\SYSTEM32\dbgcore.DLL
0x00007fffb7360000 - 0x00007fffb7385000 	C:\Users\user_ta\.p2\pool\plugins\org.eclipse.justj.openjdk.hotspot.jre.full.win32.x86_64_17.0.4.v20221004-1257\jre\bin\java.dll

dbghelp: loaded successfully - version: 4.0.5 - missing functions: none
symbol engine: initialized successfully - sym options: 0x614 - pdb path: .;C:\Users\user_ta\.p2\pool\plugins\org.eclipse.justj.openjdk.hotspot.jre.full.win32.x86_64_17.0.4.v20221004-1257\jre\bin;C:\Windows\SYSTEM32;C:\Windows\WinSxS\amd64_microsoft.windows.common-controls_6595b64144ccf1df_6.0.17763.2803_none_de6d9ee8534e8a05;C:\Users\user_ta\.p2\pool\plugins\org.eclipse.justj.openjdk.hotspot.jre.full.win32.x86_64_17.0.4.v20221004-1257\jre\bin\server

VM Arguments:
jvm_args: -ea -Dfile.encoding=windows-1252 -XX:+ShowCodeDetailsInExceptionMessages 
java_command: org.testng.remote.RemoteTestNG -serport 62617 -protocol json -d C:\Users\user_ta\Documents\chave\TIMP_R1\test-output C:\Users\user_ta\AppData\Local\Temp\2\testng-eclipse-727760785\testng-customsuite.xml
java_class_path (initial): C:\Users\user_ta\eclipse\jee-2022-09\eclipse\configuration\org.eclipse.osgi\921\0\.cp\lib\testng-remote.jar;C:\Users\user_ta\Documents\chave\TIMP_R1\target\test-classes;C:\Users\user_ta\Documents\chave\TIMP_R1\target\classes;C:\Users\user_ta\.p2\pool\plugins\org.testng_7.4.0.r202105021533.jar;C:\Users\user_ta\.p2\pool\plugins\com.beust.jcommander_1.78.0.jar;C:\Users\user_ta\.p2\pool\plugins\org.apache-extras.beanshell.bsh_2.0.0.b6.jar;C:\Users\user_ta\.p2\pool\plugins\org.yaml.snakeyaml_1.27.0.v20201111-1638.jar;C:\Users\user_ta\.p2\pool\plugins\org.webjars.jquery_3.5.1.jar;C:\Users\user_ta\.m2\repository\org\seleniumhq\selenium\selenium-java\3.141.59\selenium-java-3.141.59.jar;C:\Users\user_ta\.m2\repository\org\seleniumhq\selenium\selenium-api\3.141.59\selenium-api-3.141.59.jar;C:\Users\user_ta\.m2\repository\org\seleniumhq\selenium\selenium-chrome-driver\3.141.59\selenium-chrome-driver-3.141.59.jar;C:\Users\user_ta\.m2\repository\org\seleniumhq\selenium\selenium-edge-driver\3.141.59\selenium-edge-driver-3.141.59.jar;C:\Users\user_ta\.m2\repository\org\seleniumhq\selenium\selenium-firefox-driver\3.141.59\selenium-firefox-driver-3.141.59.jar;C:\Users\user_ta\.m2\repository\org\seleniumhq\selenium\selenium-ie-driver\3.141.59\selenium-ie-driver-3.141.59.jar;C:\Users\user_ta\.m2\repository\org\seleniumhq\selenium\selenium-opera-driver\3.141.59\selenium-opera-driver-3.141.59.jar;C:\Users\user_ta\.m2\repository\org\seleniumhq\selenium\selenium-remote-driver\3.141.59\selenium-remote-driver-3.141.59.jar;C:\Users\user_ta\.m2\repository\org\seleniumhq\selenium\selenium-safari-driver\3.141.59\selenium-safari-driver-3.141.59.jar;C:\Users\user_ta\.m2\repository\org\seleniumhq\selenium\selenium-support\3.141.59\selenium-support-3.141.59.jar;C:\Users\user_ta\.m2\repository\net\bytebuddy\byte-buddy\1.8.15\byte-buddy-1.8.15.jar;C:\Users\user_ta\.m2\repository\org\apache\commons\commons-exec\1.3\commons-exec-1.3.jar;C:\Users\user_ta\.m2\repository\com\g
Launcher Type: SUN_STANDARD

[Global flags]
     intx CICompilerCount                          = 3                                         {product} {ergonomic}
     uint ConcGCThreads                            = 1                                         {product} {ergonomic}
     uint G1ConcRefinementThreads                  = 4                                         {product} {ergonomic}
   size_t G1HeapRegionSize                         = 2097152                                   {product} {ergonomic}
    uintx GCDrainStackTargetSize                   = 64                                        {product} {ergonomic}
   size_t InitialHeapSize                          = 268435456                                 {product} {ergonomic}
   size_t MarkStackSize                            = 4194304                                   {product} {ergonomic}
   size_t MaxHeapSize                              = 4294967296                                {product} {ergonomic}
   size_t MinHeapDeltaBytes                        = 2097152                                   {product} {ergonomic}
   size_t MinHeapSize                              = 8388608                                   {product} {ergonomic}
    uintx NonNMethodCodeHeapSize                   = 5832780                                {pd product} {ergonomic}
    uintx NonProfiledCodeHeapSize                  = 122912730                              {pd product} {ergonomic}
    uintx ProfiledCodeHeapSize                     = 122912730                              {pd product} {ergonomic}
    uintx ReservedCodeCacheSize                    = 251658240                              {pd product} {ergonomic}
     bool SegmentedCodeCache                       = true                                      {product} {ergonomic}
     bool ShowCodeDetailsInExceptionMessages       = true                                   {manageable} {command line}
   size_t SoftMaxHeapSize                          = 4294967296                             {manageable} {ergonomic}
     bool UseCompressedClassPointers               = true                           {product lp64_product} {ergonomic}
     bool UseCompressedOops                        = true                           {product lp64_product} {ergonomic}
     bool UseG1GC                                  = true                                      {product} {ergonomic}
     bool UseLargePagesIndividualAllocation        = false                                  {pd product} {ergonomic}

Logging:
Log output configuration:
 #0: stdout all=warning uptime,level,tags
 #1: stderr all=off uptime,level,tags

Environment Variables:
PATH=C:/Users/user_ta/.p2/pool/plugins/org.eclipse.justj.openjdk.hotspot.jre.full.win32.x86_64_17.0.4.v20221004-1257/jre/bin/server;C:/Users/user_ta/.p2/pool/plugins/org.eclipse.justj.openjdk.hotspot.jre.full.win32.x86_64_17.0.4.v20221004-1257/jre/bin;C:\Program Files\SAP\hdbclient;C:\Program Files (x86)\Common Files\Oracle\Java\javapath;C:\Windows\system32;C:\Windows;C:\Windows\System32\Wbem;C:\Windows\System32\WindowsPowerShell\v1.0\;C:\Windows\System32\OpenSSH\;C:\Program Files\Amazon\cfn-bootstrap\;C:\Program Files\Git\cmd;C:\Users\user_ta\AppData\Local\Microsoft\WindowsApps;C:\Users\user_ta\Downloads\sonar-scanner-4.7.0.2747-windows\bin;;C:\Windows\system32;
USERNAME=user_ta
OS=Windows_NT
PROCESSOR_IDENTIFIER=Intel64 Family 6 Model 63 Stepping 2, GenuineIntel
TMP=C:\Users\user_ta\AppData\Local\Temp\2
TEMP=C:\Users\user_ta\AppData\Local\Temp\2



---------------  S Y S T E M  ---------------

OS:
 Windows Server 2019 , 64 bit Build 17763 (10.0.17763.2803)
OS uptime: 41 days 0:55 hours
Xen hardware-assisted virtualization detected

CPU: total 4 (initial active 4) (4 cores per cpu, 1 threads per core) family 6 model 63 stepping 2 microcode 0x49, cx8, cmov, fxsr, mmx, sse, sse2, sse3, ssse3, sse4.1, sse4.2, popcnt, lzcnt, tsc, avx, avx2, aes, erms, clmul, bmi1, bmi2, fma, vzeroupper, clflush, hv

Memory: 4k page, system-wide physical 16383M (554M free)
TotalPageFile size 29183M (AvailPageFile size 182M)
current process WorkingSet (physical memory assigned to process): 10M, peak: 10M
current process commit charge ("private bytes"): 52M, peak: 307M

vm_info: OpenJDK 64-Bit Server VM (17.0.4.1+1) for windows-amd64 JRE (17.0.4.1+1), built on Aug 17 2022 07:42:43 by "temurin" with MS VC++ 16.7 (VS2019)

END.
