#
# There is insufficient memory for the Java Runtime Environment to continue.
# Native memory allocation (malloc) failed to allocate 430256 bytes for Chunk::new
# Possible reasons:
#   The system is out of physical RAM or swap space
#   The process is running with CompressedOops enabled, and the Java Heap may be blocking the growth of the native heap
# Possible solutions:
#   Reduce memory load on the system
#   Increase physical memory or swap space
#   Check if swap backing store is full
#   Decrease Java heap size (-Xmx/-Xms)
#   Decrease number of Java threads
#   Decrease Java thread stack sizes (-Xss)
#   Set larger code cache with -XX:ReservedCodeCacheSize=
#   JVM is running with Zero Based Compressed Oops mode in which the Java heap is
#     placed in the first 32GB address space. The Java Heap base address is the
#     maximum limit for the native heap growth. Please use -XX:HeapBaseMinAddress
#     to set the Java Heap base and to place the Java Heap above 32GB virtual address.
# This output file may be truncated or incomplete.
#
#  Out of Memory Error (arena.cpp:189), pid=97064, tid=98224
#
# JRE version: OpenJDK Runtime Environment Temurin-17.0.4.1+1 (17.0.4.1+1) (build 17.0.4.1+1)
# Java VM: OpenJDK 64-Bit Server VM Temurin-17.0.4.1+1 (17.0.4.1+1, mixed mode, tiered, compressed oops, compressed class ptrs, g1 gc, windows-amd64)
# Core dump will be written. Default location: C:\Users\user_ta\Documents\chave\TIMP_R1\hs_err_pid97064.mdmp
#

---------------  S U M M A R Y ------------

Command Line: -ea -Dfile.encoding=windows-1252 -XX:+ShowCodeDetailsInExceptionMessages org.testng.remote.RemoteTestNG -serport 53169 -protocol json -d C:\Users\user_ta\Documents\chave\TIMP_R1\test-output C:\Users\user_ta\Documents\chave\TIMP_R1\src\test\java\com\timp\test\BRE\Automacoes\RegraDeAuditoriaN2.xml

Host: Intel(R) Xeon(R) CPU E5-2676 v3 @ 2.40GHz, 4 cores, 15G,  Windows Server 2019 , 64 bit Build 17763 (10.0.17763.2803)
Time: Thu Jan  4 20:42:46 2024 Coordinated Universal Time elapsed time: 2219.607225 seconds (0d 0h 36m 59s)

---------------  T H R E A D  ---------------

Current thread (0x00000291e7c982e0):  JavaThread "C2 CompilerThread0" daemon [_thread_in_native, id=98224, stack(0x000000cd89200000,0x000000cd89300000)]


Current CompileTask:
C2:2219607 4574       4       org.testng.shaded.com.google.gson.stream.JsonWriter::string (171 bytes)

Stack: [0x000000cd89200000,0x000000cd89300000]
Native frames: (J=compiled Java code, j=interpreted, Vv=VM code, C=native code)
V  [jvm.dll+0x67731a]
V  [jvm.dll+0x832284]
V  [jvm.dll+0x833a2e]
V  [jvm.dll+0x834093]
V  [jvm.dll+0x245775]
V  [jvm.dll+0xabd7b]
V  [jvm.dll+0xac30c]
V  [jvm.dll+0x363a42]
V  [jvm.dll+0x1bbd52]
V  [jvm.dll+0x2187d9]
V  [jvm.dll+0x217aa1]
V  [jvm.dll+0x1a3f8d]
V  [jvm.dll+0x227498]
V  [jvm.dll+0x2255e5]
V  [jvm.dll+0x7e7e9b]
V  [jvm.dll+0x7e240a]
V  [jvm.dll+0x6761a5]
C  [ucrtbase.dll+0x2268a]
C  [KERNEL32.DLL+0x17974]
C  [ntdll.dll+0x5a2f1]


---------------  P R O C E S S  ---------------

Threads class SMR info:
_java_thread_list=0x00000291e9b99300, length=50, elements={
0x00000291c8cdac00, 0x00000291e70be5c0, 0x00000291e7c1a810, 0x00000291e7c915d0,
0x00000291e7c93ea0, 0x00000291e7c94ff0, 0x00000291e7c96db0, 0x00000291e7c982e0,
0x00000291e7cbec20, 0x00000291e7cd0510, 0x00000291e7e0a470, 0x00000291e7e239f0,
0x00000291e81b0ca0, 0x00000291e9c97140, 0x00000291e9d5e3e0, 0x00000291e9f8f820,
0x00000291e95e6fc0, 0x00000291e95e4470, 0x00000291e95e7490, 0x00000291e95e52e0,
0x00000291e95e4940, 0x00000291e95e5c80, 0x00000291e95e6620, 0x00000291e95e6af0,
0x00000291e95e6150, 0x00000291e9afb400, 0x00000291e9afbda0, 0x00000291e9afaf30,
0x00000291e9afa590, 0x00000291e9afc270, 0x00000291e9afb8d0, 0x00000291e9afc740,
0x00000291e9afd0e0, 0x00000291e9affc30, 0x00000291e9afd5b0, 0x00000291e9aff760,
0x00000291e9afe420, 0x00000291e9afdf50, 0x00000291e9afda80, 0x00000291e9afe8f0,
0x00000291e9b005d0, 0x00000291e9afedc0, 0x00000291e9aff290, 0x00000291e9b00aa0,
0x00000291e9b00f70, 0x00000291e9b01440, 0x00000291e95e3ad0, 0x00000291e9b00100,
0x00000291e9afa0c0, 0x00000291e9af9bf0
}

Java Threads: ( => current thread )
  0x00000291c8cdac00 JavaThread "Forwarding newSession on session null to remote" [_thread_blocked, id=95292, stack(0x000000cd88400000,0x000000cd88500000)]
  0x00000291e70be5c0 JavaThread "Reference Handler" daemon [_thread_blocked, id=98212, stack(0x000000cd88c00000,0x000000cd88d00000)]
  0x00000291e7c1a810 JavaThread "Finalizer" daemon [_thread_blocked, id=79956, stack(0x000000cd88d00000,0x000000cd88e00000)]
  0x00000291e7c915d0 JavaThread "Signal Dispatcher" daemon [_thread_blocked, id=98084, stack(0x000000cd88e00000,0x000000cd88f00000)]
  0x00000291e7c93ea0 JavaThread "Attach Listener" daemon [_thread_blocked, id=91256, stack(0x000000cd88f00000,0x000000cd89000000)]
  0x00000291e7c94ff0 JavaThread "Service Thread" daemon [_thread_blocked, id=97024, stack(0x000000cd89000000,0x000000cd89100000)]
  0x00000291e7c96db0 JavaThread "Monitor Deflation Thread" daemon [_thread_blocked, id=91640, stack(0x000000cd89100000,0x000000cd89200000)]
=>0x00000291e7c982e0 JavaThread "C2 CompilerThread0" daemon [_thread_in_native, id=98224, stack(0x000000cd89200000,0x000000cd89300000)]
  0x00000291e7cbec20 JavaThread "C1 CompilerThread0" daemon [_thread_blocked, id=69056, stack(0x000000cd89300000,0x000000cd89400000)]
  0x00000291e7cd0510 JavaThread "Sweeper thread" daemon [_thread_blocked, id=97992, stack(0x000000cd89400000,0x000000cd89500000)]
  0x00000291e7e0a470 JavaThread "Notification Thread" daemon [_thread_blocked, id=97400, stack(0x000000cd89500000,0x000000cd89600000)]
  0x00000291e7e239f0 JavaThread "Common-Cleaner" daemon [_thread_blocked, id=3824, stack(0x000000cd89700000,0x000000cd89800000)]
  0x00000291e81b0ca0 JavaThread "ReaderThread" [_thread_in_native, id=95724, stack(0x000000cd89a00000,0x000000cd89b00000)]
  0x00000291e9c97140 JavaThread "Exec Default Executor" daemon [_thread_in_native, id=88276, stack(0x000000cd8a100000,0x000000cd8a200000)]
  0x00000291e9d5e3e0 JavaThread "Exec Stream Pumper" daemon [_thread_in_native, id=94852, stack(0x000000cd8a300000,0x000000cd8a400000)]
  0x00000291e9f8f820 JavaThread "Exec Stream Pumper" daemon [_thread_in_native, id=90536, stack(0x000000cd8a400000,0x000000cd8a500000)]
  0x00000291e95e6fc0 JavaThread "OkHttp ConnectionPool" daemon [_thread_blocked, id=93836, stack(0x000000cd8a600000,0x000000cd8a700000)]
  0x00000291e95e4470 JavaThread "Okio Watchdog" daemon [_thread_blocked, id=90620, stack(0x000000cd8a700000,0x000000cd8a800000)]
  0x00000291e95e7490 JavaThread "Exec Default Executor" daemon [_thread_in_native, id=98300, stack(0x000000cd88300000,0x000000cd88400000)]
  0x00000291e95e52e0 JavaThread "Exec Stream Pumper" daemon [_thread_in_native, id=96652, stack(0x000000cd89e00000,0x000000cd89f00000)]
  0x00000291e95e4940 JavaThread "Exec Stream Pumper" daemon [_thread_in_native, id=91060, stack(0x000000cd89f00000,0x000000cd8a000000)]
  0x00000291e95e5c80 JavaThread "Exec Default Executor" daemon [_thread_in_native, id=93632, stack(0x000000cd89d00000,0x000000cd89e00000)]
  0x00000291e95e6620 JavaThread "Exec Stream Pumper" daemon [_thread_in_native, id=96516, stack(0x000000cd8a200000,0x000000cd8a300000)]
  0x00000291e95e6af0 JavaThread "Exec Stream Pumper" daemon [_thread_in_native, id=82712, stack(0x000000cd8a500000,0x000000cd8a600000)]
  0x00000291e95e6150 JavaThread "Exec Default Executor" daemon [_thread_in_native, id=98192, stack(0x000000cd8a000000,0x000000cd8a100000)]
  0x00000291e9afb400 JavaThread "Exec Stream Pumper" daemon [_thread_in_native, id=84008, stack(0x000000cd8a900000,0x000000cd8aa00000)]
  0x00000291e9afbda0 JavaThread "Exec Stream Pumper" daemon [_thread_in_native, id=91760, stack(0x000000cd8aa00000,0x000000cd8ab00000)]
  0x00000291e9afaf30 JavaThread "Exec Default Executor" daemon [_thread_in_native, id=92548, stack(0x000000cd88500000,0x000000cd88600000)]
  0x00000291e9afa590 JavaThread "Exec Stream Pumper" daemon [_thread_in_native, id=77412, stack(0x000000cd8ab00000,0x000000cd8ac00000)]
  0x00000291e9afc270 JavaThread "Exec Stream Pumper" daemon [_thread_in_native, id=48244, stack(0x000000cd8ac00000,0x000000cd8ad00000)]
  0x00000291e9afb8d0 JavaThread "Exec Default Executor" daemon [_thread_in_native, id=80932, stack(0x000000cd8a800000,0x000000cd8a900000)]
  0x00000291e9afc740 JavaThread "Exec Stream Pumper" daemon [_thread_in_native, id=91324, stack(0x000000cd8ae00000,0x000000cd8af00000)]
  0x00000291e9afd0e0 JavaThread "Exec Stream Pumper" daemon [_thread_in_native, id=95356, stack(0x000000cd8af00000,0x000000cd8b000000)]
  0x00000291e9affc30 JavaThread "Exec Default Executor" daemon [_thread_in_native, id=80172, stack(0x000000cd8ad00000,0x000000cd8ae00000)]
  0x00000291e9afd5b0 JavaThread "Exec Stream Pumper" daemon [_thread_in_native, id=83688, stack(0x000000cd8b100000,0x000000cd8b200000)]
  0x00000291e9aff760 JavaThread "Exec Stream Pumper" daemon [_thread_in_native, id=91384, stack(0x000000cd8b200000,0x000000cd8b300000)]
  0x00000291e9afe420 JavaThread "Exec Default Executor" daemon [_thread_in_native, id=78796, stack(0x000000cd8b000000,0x000000cd8b100000)]
  0x00000291e9afdf50 JavaThread "Exec Stream Pumper" daemon [_thread_in_native, id=78692, stack(0x000000cd8b400000,0x000000cd8b500000)]
  0x00000291e9afda80 JavaThread "Exec Stream Pumper" daemon [_thread_in_native, id=94796, stack(0x000000cd8b500000,0x000000cd8b600000)]
  0x00000291e9afe8f0 JavaThread "Exec Default Executor" daemon [_thread_in_native, id=73364, stack(0x000000cd89900000,0x000000cd89a00000)]
  0x00000291e9b005d0 JavaThread "Exec Stream Pumper" daemon [_thread_in_native, id=97544, stack(0x000000cd8b700000,0x000000cd8b800000)]
  0x00000291e9afedc0 JavaThread "Exec Stream Pumper" daemon [_thread_in_native, id=80036, stack(0x000000cd8b800000,0x000000cd8b900000)]
  0x00000291e9aff290 JavaThread "Exec Default Executor" daemon [_thread_in_native, id=97692, stack(0x000000cd8b300000,0x000000cd8b400000)]
  0x00000291e9b00aa0 JavaThread "Exec Stream Pumper" daemon [_thread_in_native, id=92180, stack(0x000000cd8ba00000,0x000000cd8bb00000)]
  0x00000291e9b00f70 JavaThread "Exec Stream Pumper" daemon [_thread_in_native, id=90252, stack(0x000000cd8bb00000,0x000000cd8bc00000)]
  0x00000291e9b01440 JavaThread "UrlChecker-12" daemon [_thread_blocked, id=93500, stack(0x000000cd8b900000,0x000000cd8ba00000)]
  0x00000291e95e3ad0 JavaThread "Exec Default Executor" daemon [_thread_in_native, id=76976, stack(0x000000cd8bd00000,0x000000cd8be00000)]
  0x00000291e9b00100 JavaThread "Exec Stream Pumper" daemon [_thread_in_native, id=98228, stack(0x000000cd8b600000,0x000000cd8b700000)]
  0x00000291e9afa0c0 JavaThread "Exec Stream Pumper" daemon [_thread_in_native, id=93896, stack(0x000000cd8be00000,0x000000cd8bf00000)]
  0x00000291e9af9bf0 JavaThread "Keep-Alive-Timer" daemon [_thread_blocked, id=95756, stack(0x000000cd8bf00000,0x000000cd8c000000)]

Other Threads:
  0x00000291e7090a00 VMThread "VM Thread" [stack: 0x000000cd88b00000,0x000000cd88c00000] [id=84772]
  0x00000291e7e0eb60 WatcherThread [stack: 0x000000cd89600000,0x000000cd89700000] [id=43736]
  0x00000291c8d46560 GCTaskThread "GC Thread#0" [stack: 0x000000cd88600000,0x000000cd88700000] [id=89328]
  0x00000291e87e0940 GCTaskThread "GC Thread#1" [stack: 0x000000cd89800000,0x000000cd89900000] [id=85028]
  0x00000291e87ac9d0 GCTaskThread "GC Thread#2" [stack: 0x000000cd89b00000,0x000000cd89c00000] [id=95900]
  0x00000291e87acc80 GCTaskThread "GC Thread#3" [stack: 0x000000cd89c00000,0x000000cd89d00000] [id=90596]
  0x00000291c8d574a0 ConcurrentGCThread "G1 Main Marker" [stack: 0x000000cd88700000,0x000000cd88800000] [id=94640]
  0x00000291c8d58ec0 ConcurrentGCThread "G1 Conc#0" [stack: 0x000000cd88800000,0x000000cd88900000] [id=92616]
  0x00000291e6f434e0 ConcurrentGCThread "G1 Refine#0" [stack: 0x000000cd88900000,0x000000cd88a00000] [id=97952]
  0x00000291e6f43f00 ConcurrentGCThread "G1 Service" [stack: 0x000000cd88a00000,0x000000cd88b00000] [id=96788]

Threads with active compile tasks:
C2 CompilerThread0  2219643 4574       4       org.testng.shaded.com.google.gson.stream.JsonWriter::string (171 bytes)

VM state: not at safepoint (normal execution)

VM Mutex/Monitor currently owned by a thread: None

Heap address: 0x0000000700000000, size: 4096 MB, Compressed Oops mode: Zero based, Oop shift amount: 3

CDS archive(s) not mapped
Compressed class space mapped at: 0x0000000800000000-0x0000000840000000, reserved size: 1073741824
Narrow klass base: 0x0000000800000000, Narrow klass shift: 0, Narrow klass range: 0x40000000

GC Precious Log:
 CPUs: 4 total, 4 available
 Memory: 16383M
 Large Page Support: Disabled
 NUMA Support: Disabled
 Compressed Oops: Enabled (Zero based)
 Heap Region Size: 2M
 Heap Min Capacity: 8M
 Heap Initial Capacity: 256M
 Heap Max Capacity: 4G
 Pre-touch: Disabled
 Parallel Workers: 4
 Concurrent Workers: 1
 Concurrent Refinement Workers: 4
 Periodic GC: Disabled

Heap:
 garbage-first heap   total 34816K, used 11970K [0x0000000700000000, 0x0000000800000000)
  region size 2048K, 3 young (6144K), 1 survivors (2048K)
 Metaspace       used 25831K, committed 26048K, reserved 1073152K
  class space    used 2692K, committed 2816K, reserved 1048576K

Heap Regions: E=young(eden), S=young(survivor), O=old, HS=humongous(starts), HC=humongous(continues), CS=collection set, F=free, OA=open archive, CA=closed archive, TAMS=top-at-mark-start (previous, next)
|   0|0x0000000700000000, 0x0000000700200000, 0x0000000700200000|100%| O|  |TAMS 0x0000000700200000, 0x0000000700000000| Untracked 
|   1|0x0000000700200000, 0x000000070038c400, 0x0000000700400000| 77%| O|  |TAMS 0x0000000700200000, 0x0000000700200000| Untracked 
|   2|0x0000000700400000, 0x0000000700600000, 0x0000000700600000|100%| O|  |TAMS 0x0000000700400000, 0x0000000700400000| Untracked 
|   3|0x0000000700600000, 0x0000000700800000, 0x0000000700800000|100%| O|  |TAMS 0x0000000700600000, 0x0000000700600000| Untracked 
|   4|0x0000000700800000, 0x0000000700a00000, 0x0000000700a00000|100%| O|  |TAMS 0x0000000700800000, 0x0000000700800000| Untracked 
|   5|0x0000000700a00000, 0x0000000700a00000, 0x0000000700c00000|  0%| F|  |TAMS 0x0000000700a00000, 0x0000000700a00000| Untracked 
|   6|0x0000000700c00000, 0x0000000700c00000, 0x0000000700e00000|  0%| F|  |TAMS 0x0000000700c00000, 0x0000000700c00000| Untracked 
|   7|0x0000000700e00000, 0x0000000700e00000, 0x0000000701000000|  0%| F|  |TAMS 0x0000000700e00000, 0x0000000700e00000| Untracked 
|   8|0x0000000701000000, 0x0000000701024540, 0x0000000701200000|  7%| S|CS|TAMS 0x0000000701000000, 0x0000000701000000| Complete 
|   9|0x0000000701200000, 0x0000000701200000, 0x0000000701400000|  0%| F|  |TAMS 0x0000000701200000, 0x0000000701200000| Untracked 
|  10|0x0000000701400000, 0x0000000701400000, 0x0000000701600000|  0%| F|  |TAMS 0x0000000701400000, 0x0000000701400000| Untracked 
|  11|0x0000000701600000, 0x0000000701600000, 0x0000000701800000|  0%| F|  |TAMS 0x0000000701600000, 0x0000000701600000| Untracked 
|  12|0x0000000701800000, 0x0000000701800000, 0x0000000701a00000|  0%| F|  |TAMS 0x0000000701800000, 0x0000000701800000| Untracked 
|  13|0x0000000701a00000, 0x0000000701a00000, 0x0000000701c00000|  0%| F|  |TAMS 0x0000000701a00000, 0x0000000701a00000| Untracked 
| 121|0x000000070f200000, 0x000000070f200000, 0x000000070f400000|  0%| F|  |TAMS 0x000000070f200000, 0x000000070f200000| Untracked 
| 122|0x000000070f400000, 0x000000070f582678, 0x000000070f600000| 75%| E|  |TAMS 0x000000070f400000, 0x000000070f400000| Complete 
| 127|0x000000070fe00000, 0x0000000710000000, 0x0000000710000000|100%| E|CS|TAMS 0x000000070fe00000, 0x000000070fe00000| Complete 

Card table byte_map: [0x00000291dbb90000,0x00000291dc390000] _byte_map_base: 0x00000291d8390000

Marking Bits (Prev, Next): (CMBitMap*) 0x00000291c8d46bb0, (CMBitMap*) 0x00000291c8d46b70
 Prev Bits: [0x00000291e0b90000, 0x00000291e4b90000)
 Next Bits: [0x00000291dcb90000, 0x00000291e0b90000)

Polling page: 0x00000291c6ba0000

Metaspace:

Usage:
  Non-class:     22.60 MB used.
      Class:      2.63 MB used.
       Both:     25.23 MB used.

Virtual space:
  Non-class space:       24.00 MB reserved,      22.69 MB ( 95%) committed,  3 nodes.
      Class space:        1.00 GB reserved,       2.75 MB ( <1%) committed,  1 nodes.
             Both:        1.02 GB reserved,      25.44 MB (  2%) committed. 

Chunk freelists:
   Non-Class:  576.00 KB
       Class:  1.23 MB
        Both:  1.79 MB

MaxMetaspaceSize: unlimited
CompressedClassSpaceSize: 1.00 GB
Initial GC threshold: 21.00 MB
Current GC threshold: 35.31 MB
CDS: off
MetaspaceReclaimPolicy: balanced
 - commit_granule_bytes: 65536.
 - commit_granule_words: 8192.
 - virtual_space_node_default_size: 1048576.
 - enlarge_chunks_in_place: 1.
 - new_chunks_are_fully_committed: 0.
 - uncommit_free_chunks: 1.
 - use_allocation_guard: 0.
 - handle_deallocations: 1.


Internal statistics:

num_allocs_failed_limit: 3.
num_arena_births: 204.
num_arena_deaths: 0.
num_vsnodes_births: 4.
num_vsnodes_deaths: 0.
num_space_committed: 407.
num_space_uncommitted: 0.
num_chunks_returned_to_freelist: 3.
num_chunks_taken_from_freelist: 674.
num_chunk_merges: 3.
num_chunk_splits: 406.
num_chunks_enlarged: 281.
num_purges: 0.
num_inconsistent_stats: 0.

CodeHeap 'non-profiled nmethods': size=120000Kb used=2813Kb max_used=2813Kb free=117186Kb
 bounds [0x00000291d3e60000, 0x00000291d4120000, 0x00000291db390000]
CodeHeap 'profiled nmethods': size=120000Kb used=9080Kb max_used=9080Kb free=110919Kb
 bounds [0x00000291cc930000, 0x00000291cd210000, 0x00000291d3e60000]
CodeHeap 'non-nmethods': size=5760Kb used=1234Kb max_used=1293Kb free=4525Kb
 bounds [0x00000291cc390000, 0x00000291cc600000, 0x00000291cc930000]
 total_blobs=5117 nmethods=4574 adapters=455
 compilation: enabled
              stopped_count=0, restarted_count=0
 full_count=0

Compilation events (20 events):
Event: 2219.562 Thread 0x00000291e7cbec20 4573   !   3       java.io.PrintWriter::newLine (65 bytes)
Event: 2219.562 Thread 0x00000291e7cbec20 nmethod 4573 0x00000291cd208a90 code [0x00000291cd208cc0, 0x00000291cd209418]
Event: 2219.562 Thread 0x00000291e7cbec20 4567       3       java.lang.StackTraceElement::dropClassLoaderName (16 bytes)
Event: 2219.562 Thread 0x00000291e7cbec20 nmethod 4567 0x00000291cd209790 code [0x00000291cd209920, 0x00000291cd209a98]
Event: 2219.562 Thread 0x00000291e7cbec20 4568       3       java.lang.StackTraceElement::isNativeMethod (15 bytes)
Event: 2219.563 Thread 0x00000291e7cbec20 nmethod 4568 0x00000291cd209b10 code [0x00000291cd209ca0, 0x00000291cd209e18]
Event: 2219.563 Thread 0x00000291e7cbec20 4575   !   3       java.io.BufferedWriter::write (55 bytes)
Event: 2219.563 Thread 0x00000291e7cbec20 nmethod 4575 0x00000291cd209e90 code [0x00000291cd20a060, 0x00000291cd20a498]
Event: 2219.563 Thread 0x00000291e7cbec20 4569       3       java.util.Collections$SingletonList::get (41 bytes)
Event: 2219.563 Thread 0x00000291e7cbec20 nmethod 4569 0x00000291cd20a710 code [0x00000291cd20a960, 0x00000291cd20b088]
Event: 2219.563 Thread 0x00000291e7cbec20 4572       1       org.testng.TestRunner::getCurrentXmlTest (5 bytes)
Event: 2219.563 Thread 0x00000291e7cbec20 nmethod 4572 0x00000291d411dc10 code [0x00000291d411dda0, 0x00000291d411de78]
Event: 2219.563 Thread 0x00000291e7cbec20 4576       1       org.testng.internal.BaseTestMethod::getMethodName (5 bytes)
Event: 2219.563 Thread 0x00000291e7cbec20 nmethod 4576 0x00000291d411df10 code [0x00000291d411e0a0, 0x00000291d411e178]
Event: 2219.565 Thread 0x00000291e7c982e0 nmethod 4570 0x00000291d411e210 code [0x00000291d411e3a0, 0x00000291d411ebf8]
Event: 2219.565 Thread 0x00000291e7c982e0 4574       4       org.testng.shaded.com.google.gson.stream.JsonWriter::string (171 bytes)
Event: 2219.566 Thread 0x00000291e7cbec20 4577       3       java.util.HashMap::<init> (17 bytes)
Event: 2219.566 Thread 0x00000291e7cbec20 nmethod 4577 0x00000291cd20b390 code [0x00000291cd20b540, 0x00000291cd20b748]
Event: 2219.566 Thread 0x00000291e7cbec20 4578       3       java.lang.invoke.VarHandleGuards::guard_LLL_Z (86 bytes)
Event: 2219.567 Thread 0x00000291e7cbec20 nmethod 4578 0x00000291cd20b890 code [0x00000291cd20bbe0, 0x00000291cd20dae8]

GC Heap History (20 events):
Event: 1839.311 GC heap before
{Heap before GC invocations=229 (full 0):
 garbage-first heap   total 34816K, used 24163K [0x0000000700000000, 0x0000000800000000)
  region size 2048K, 9 young (18432K), 1 survivors (2048K)
 Metaspace       used 25793K, committed 26048K, reserved 1073152K
  class space    used 2688K, committed 2816K, reserved 1048576K
}
Event: 1839.312 GC heap after
{Heap after GC invocations=230 (full 0):
 garbage-first heap   total 34816K, used 9849K [0x0000000700000000, 0x0000000800000000)
  region size 2048K, 1 young (2048K), 1 survivors (2048K)
 Metaspace       used 25793K, committed 26048K, reserved 1073152K
  class space    used 2688K, committed 2816K, reserved 1048576K
}
Event: 1841.934 GC heap before
{Heap before GC invocations=230 (full 0):
 garbage-first heap   total 34816K, used 24185K [0x0000000700000000, 0x0000000800000000)
  region size 2048K, 9 young (18432K), 1 survivors (2048K)
 Metaspace       used 25793K, committed 26048K, reserved 1073152K
  class space    used 2688K, committed 2816K, reserved 1048576K
}
Event: 1841.935 GC heap after
{Heap after GC invocations=231 (full 0):
 garbage-first heap   total 34816K, used 9857K [0x0000000700000000, 0x0000000800000000)
  region size 2048K, 1 young (2048K), 1 survivors (2048K)
 Metaspace       used 25793K, committed 26048K, reserved 1073152K
  class space    used 2688K, committed 2816K, reserved 1048576K
}
Event: 1844.689 GC heap before
{Heap before GC invocations=231 (full 0):
 garbage-first heap   total 34816K, used 24193K [0x0000000700000000, 0x0000000800000000)
  region size 2048K, 9 young (18432K), 1 survivors (2048K)
 Metaspace       used 25793K, committed 26048K, reserved 1073152K
  class space    used 2688K, committed 2816K, reserved 1048576K
}
Event: 1844.690 GC heap after
{Heap after GC invocations=232 (full 0):
 garbage-first heap   total 34816K, used 9859K [0x0000000700000000, 0x0000000800000000)
  region size 2048K, 1 young (2048K), 1 survivors (2048K)
 Metaspace       used 25793K, committed 26048K, reserved 1073152K
  class space    used 2688K, committed 2816K, reserved 1048576K
}
Event: 1847.350 GC heap before
{Heap before GC invocations=232 (full 0):
 garbage-first heap   total 34816K, used 26243K [0x0000000700000000, 0x0000000800000000)
  region size 2048K, 9 young (18432K), 1 survivors (2048K)
 Metaspace       used 25793K, committed 26048K, reserved 1073152K
  class space    used 2688K, committed 2816K, reserved 1048576K
}
Event: 1847.350 GC heap after
{Heap after GC invocations=233 (full 0):
 garbage-first heap   total 34816K, used 9825K [0x0000000700000000, 0x0000000800000000)
  region size 2048K, 1 young (2048K), 1 survivors (2048K)
 Metaspace       used 25793K, committed 26048K, reserved 1073152K
  class space    used 2688K, committed 2816K, reserved 1048576K
}
Event: 1849.979 GC heap before
{Heap before GC invocations=233 (full 0):
 garbage-first heap   total 34816K, used 26209K [0x0000000700000000, 0x0000000800000000)
  region size 2048K, 9 young (18432K), 1 survivors (2048K)
 Metaspace       used 25793K, committed 26048K, reserved 1073152K
  class space    used 2688K, committed 2816K, reserved 1048576K
}
Event: 1849.980 GC heap after
{Heap after GC invocations=234 (full 0):
 garbage-first heap   total 34816K, used 9776K [0x0000000700000000, 0x0000000800000000)
  region size 2048K, 1 young (2048K), 1 survivors (2048K)
 Metaspace       used 25793K, committed 26048K, reserved 1073152K
  class space    used 2688K, committed 2816K, reserved 1048576K
}
Event: 1852.081 GC heap before
{Heap before GC invocations=234 (full 0):
 garbage-first heap   total 34816K, used 26160K [0x0000000700000000, 0x0000000800000000)
  region size 2048K, 9 young (18432K), 1 survivors (2048K)
 Metaspace       used 25793K, committed 26048K, reserved 1073152K
  class space    used 2688K, committed 2816K, reserved 1048576K
}
Event: 1852.082 GC heap after
{Heap after GC invocations=235 (full 0):
 garbage-first heap   total 34816K, used 9899K [0x0000000700000000, 0x0000000800000000)
  region size 2048K, 1 young (2048K), 1 survivors (2048K)
 Metaspace       used 25793K, committed 26048K, reserved 1073152K
  class space    used 2688K, committed 2816K, reserved 1048576K
}
Event: 1862.986 GC heap before
{Heap before GC invocations=235 (full 0):
 garbage-first heap   total 34816K, used 24235K [0x0000000700000000, 0x0000000800000000)
  region size 2048K, 9 young (18432K), 1 survivors (2048K)
 Metaspace       used 25793K, committed 26048K, reserved 1073152K
  class space    used 2688K, committed 2816K, reserved 1048576K
}
Event: 1862.986 GC heap after
{Heap after GC invocations=236 (full 0):
 garbage-first heap   total 34816K, used 9863K [0x0000000700000000, 0x0000000800000000)
  region size 2048K, 1 young (2048K), 1 survivors (2048K)
 Metaspace       used 25793K, committed 26048K, reserved 1073152K
  class space    used 2688K, committed 2816K, reserved 1048576K
}
Event: 1865.610 GC heap before
{Heap before GC invocations=236 (full 0):
 garbage-first heap   total 34816K, used 24199K [0x0000000700000000, 0x0000000800000000)
  region size 2048K, 9 young (18432K), 1 survivors (2048K)
 Metaspace       used 25793K, committed 26048K, reserved 1073152K
  class space    used 2688K, committed 2816K, reserved 1048576K
}
Event: 1865.611 GC heap after
{Heap after GC invocations=237 (full 0):
 garbage-first heap   total 34816K, used 9832K [0x0000000700000000, 0x0000000800000000)
  region size 2048K, 1 young (2048K), 1 survivors (2048K)
 Metaspace       used 25793K, committed 26048K, reserved 1073152K
  class space    used 2688K, committed 2816K, reserved 1048576K
}
Event: 1868.225 GC heap before
{Heap before GC invocations=237 (full 0):
 garbage-first heap   total 34816K, used 26216K [0x0000000700000000, 0x0000000800000000)
  region size 2048K, 9 young (18432K), 1 survivors (2048K)
 Metaspace       used 25793K, committed 26048K, reserved 1073152K
  class space    used 2688K, committed 2816K, reserved 1048576K
}
Event: 1868.225 GC heap after
{Heap after GC invocations=238 (full 0):
 garbage-first heap   total 34816K, used 9785K [0x0000000700000000, 0x0000000800000000)
  region size 2048K, 1 young (2048K), 1 survivors (2048K)
 Metaspace       used 25793K, committed 26048K, reserved 1073152K
  class space    used 2688K, committed 2816K, reserved 1048576K
}
Event: 2198.421 GC heap before
{Heap before GC invocations=238 (full 0):
 garbage-first heap   total 34816K, used 26169K [0x0000000700000000, 0x0000000800000000)
  region size 2048K, 9 young (18432K), 1 survivors (2048K)
 Metaspace       used 25800K, committed 26048K, reserved 1073152K
  class space    used 2689K, committed 2816K, reserved 1048576K
}
Event: 2198.421 GC heap after
{Heap after GC invocations=239 (full 0):
 garbage-first heap   total 34816K, used 9922K [0x0000000700000000, 0x0000000800000000)
  region size 2048K, 1 young (2048K), 1 survivors (2048K)
 Metaspace       used 25800K, committed 26048K, reserved 1073152K
  class space    used 2689K, committed 2816K, reserved 1048576K
}

Deoptimization events (20 events):
Event: 2198.334 Thread 0x00000291c8cdac00 DEOPT PACKING pc=0x00000291d401b314 sp=0x000000cd884fe1e0
Event: 2198.334 Thread 0x00000291c8cdac00 DEOPT UNPACKING pc=0x00000291cc3e23a3 sp=0x000000cd884fe070 mode 2
Event: 2219.398 Thread 0x00000291c8cdac00 Uncommon trap: trap_request=0xffffffb5 fr.pc=0x00000291d403c4f8 relative=0x0000000000002818
Event: 2219.398 Thread 0x00000291c8cdac00 Uncommon trap: reason=unloaded action=reinterpret pc=0x00000291d403c4f8 method=sun.nio.ch.NioSocketImpl.implRead([BII)I @ 169 c2
Event: 2219.398 Thread 0x00000291c8cdac00 DEOPT PACKING pc=0x00000291d403c4f8 sp=0x000000cd884fc340
Event: 2219.398 Thread 0x00000291c8cdac00 DEOPT UNPACKING pc=0x00000291cc3e23a3 sp=0x000000cd884fbf00 mode 2
Event: 2219.398 Thread 0x00000291c8cdac00 Uncommon trap: trap_request=0xffffff45 fr.pc=0x00000291d40d0798 relative=0x0000000000000518
Event: 2219.398 Thread 0x00000291c8cdac00 Uncommon trap: reason=unstable_if action=reinterpret pc=0x00000291d40d0798 method=okhttp3.internal.connection.StreamAllocation.deallocate(ZZZ)Ljava/net/Socket; @ 53 c2
Event: 2219.398 Thread 0x00000291c8cdac00 DEOPT PACKING pc=0x00000291d40d0798 sp=0x000000cd884fcc60
Event: 2219.398 Thread 0x00000291c8cdac00 DEOPT UNPACKING pc=0x00000291cc3e23a3 sp=0x000000cd884fcc38 mode 2
Event: 2219.401 Thread 0x00000291c8cdac00 Uncommon trap: trap_request=0xffffff45 fr.pc=0x00000291d3eec8dc relative=0x000000000000023c
Event: 2219.401 Thread 0x00000291c8cdac00 Uncommon trap: reason=unstable_if action=reinterpret pc=0x00000291d3eec8dc method=java.util.HashMap.hash(Ljava/lang/Object;)I @ 1 c2
Event: 2219.401 Thread 0x00000291c8cdac00 DEOPT PACKING pc=0x00000291d3eec8dc sp=0x000000cd884fde30
Event: 2219.402 Thread 0x00000291c8cdac00 DEOPT UNPACKING pc=0x00000291cc3e23a3 sp=0x000000cd884fdd38 mode 2
Event: 2219.404 Thread 0x00000291c8cdac00 Uncommon trap: trap_request=0xffffff45 fr.pc=0x00000291d3eafe18 relative=0x0000000000000098
Event: 2219.404 Thread 0x00000291c8cdac00 Uncommon trap: reason=unstable_if action=reinterpret pc=0x00000291d3eafe18 method=java.util.HashMap.hash(Ljava/lang/Object;)I @ 1 c2
Event: 2219.404 Thread 0x00000291c8cdac00 DEOPT PACKING pc=0x00000291d3eafe18 sp=0x000000cd884fe0a0
Event: 2219.404 Thread 0x00000291c8cdac00 DEOPT UNPACKING pc=0x00000291cc3e23a3 sp=0x000000cd884fe038 mode 2
Event: 2219.561 Thread 0x00000291c8cdac00 DEOPT PACKING pc=0x00000291cd13d55f sp=0x000000cd884fdcf0
Event: 2219.561 Thread 0x00000291c8cdac00 DEOPT UNPACKING pc=0x00000291cc3e2b43 sp=0x000000cd884fd218 mode 0

Classes unloaded (0 events):
No events

Classes redefined (0 events):
No events

Internal exceptions (20 events):
Event: 2198.375 Thread 0x00000291e9b01440 Exception <a 'java/net/SocketException'{0x000000070127f758}: Socket is not connected: shutdown> (0x000000070127f758) 
thrown [s\src\hotspot\share\prims\jni.cpp, line 535]
Event: 2219.398 Thread 0x00000291c8cdac00 Exception <a 'sun/net/ConnectionResetException'{0x000000070fe0af90}: Connection reset> (0x000000070fe0af90) 
thrown [s\src\hotspot\share\prims\jni.cpp, line 535]
Event: 2219.399 Thread 0x00000291c8cdac00 Exception <a 'java/net/ConnectException'{0x000000070fe123c8}: Connection refused: no further information> (0x000000070fe123c8) 
thrown [s\src\hotspot\share\prims\jni.cpp, line 535]
Event: 2219.399 Thread 0x00000291c8cdac00 Exception <a 'java/net/SocketException'{0x000000070fe129a8}: Socket is not connected: shutdown> (0x000000070fe129a8) 
thrown [s\src\hotspot\share\prims\jni.cpp, line 535]
Event: 2219.400 Thread 0x00000291c8cdac00 Exception <a 'java/lang/reflect/InvocationTargetException'{0x000000070fe148b0}> (0x000000070fe148b0) 
thrown [s\src\hotspot\share\runtime\reflection.cpp, line 1121]
Event: 2219.401 Thread 0x00000291c8cdac00 Implicit null exception at 0x00000291d3eec6eb to 0x00000291d3eec8c0
Event: 2219.404 Thread 0x00000291c8cdac00 Implicit null exception at 0x00000291d3eafd8f to 0x00000291d3eafe09
Event: 2219.405 Thread 0x00000291c8cdac00 Exception <a 'java/net/SocketException'{0x000000070fecc360}: Socket is not connected: shutdown> (0x000000070fecc360) 
thrown [s\src\hotspot\share\prims\jni.cpp, line 535]
Event: 2219.409 Thread 0x00000291e9b01440 Exception <a 'java/net/ConnectException'{0x000000070ff32928}: Connection refused: no further information> (0x000000070ff32928) 
thrown [s\src\hotspot\share\prims\jni.cpp, line 535]
Event: 2219.409 Thread 0x00000291e9b01440 Exception <a 'java/net/SocketException'{0x000000070ff32c60}: Socket is not connected: shutdown> (0x000000070ff32c60) 
thrown [s\src\hotspot\share\prims\jni.cpp, line 535]
Event: 2219.420 Thread 0x00000291e9b01440 Exception <a 'java/net/ConnectException'{0x000000070ff33ca8}: Connection refused: no further information> (0x000000070ff33ca8) 
thrown [s\src\hotspot\share\prims\jni.cpp, line 535]
Event: 2219.420 Thread 0x00000291e9b01440 Exception <a 'java/net/SocketException'{0x000000070ff33fe0}: Socket is not connected: shutdown> (0x000000070ff33fe0) 
thrown [s\src\hotspot\share\prims\jni.cpp, line 535]
Event: 2219.441 Thread 0x00000291e9b01440 Exception <a 'java/net/ConnectException'{0x000000070ff35028}: Connection refused: no further information> (0x000000070ff35028) 
thrown [s\src\hotspot\share\prims\jni.cpp, line 535]
Event: 2219.441 Thread 0x00000291e9b01440 Exception <a 'java/net/SocketException'{0x000000070ff35360}: Socket is not connected: shutdown> (0x000000070ff35360) 
thrown [s\src\hotspot\share\prims\jni.cpp, line 535]
Event: 2219.559 Thread 0x00000291c8cdac00 Exception <a 'java/lang/reflect/InvocationTargetException'{0x000000070f482f20}> (0x000000070f482f20) 
thrown [s\src\hotspot\share\runtime\reflection.cpp, line 1121]
Event: 2219.563 Thread 0x00000291c8cdac00 Exception <a 'java/net/SocketException'{0x000000070f502478}: Socket is not connected: shutdown> (0x000000070f502478) 
thrown [s\src\hotspot\share\prims\jni.cpp, line 535]
Event: 2219.566 Thread 0x00000291e9b01440 Exception <a 'java/net/ConnectException'{0x000000070ff42b30}: Connection refused: no further information> (0x000000070ff42b30) 
thrown [s\src\hotspot\share\prims\jni.cpp, line 535]
Event: 2219.566 Thread 0x00000291e9b01440 Exception <a 'java/net/SocketException'{0x000000070ff42e68}: Socket is not connected: shutdown> (0x000000070ff42e68) 
thrown [s\src\hotspot\share\prims\jni.cpp, line 535]
Event: 2219.578 Thread 0x00000291e9b01440 Exception <a 'java/net/ConnectException'{0x000000070ff43eb0}: Connection refused: no further information> (0x000000070ff43eb0) 
thrown [s\src\hotspot\share\prims\jni.cpp, line 535]
Event: 2219.578 Thread 0x00000291e9b01440 Exception <a 'java/net/SocketException'{0x000000070ff441e8}: Socket is not connected: shutdown> (0x000000070ff441e8) 
thrown [s\src\hotspot\share\prims\jni.cpp, line 535]

VM Operations (20 events):
Event: 1844.689 Executing VM operation: G1CollectForAllocation
Event: 1844.690 Executing VM operation: G1CollectForAllocation done
Event: 1847.350 Executing VM operation: G1CollectForAllocation
Event: 1847.350 Executing VM operation: G1CollectForAllocation done
Event: 1849.979 Executing VM operation: G1CollectForAllocation
Event: 1849.980 Executing VM operation: G1CollectForAllocation done
Event: 1852.081 Executing VM operation: G1CollectForAllocation
Event: 1852.082 Executing VM operation: G1CollectForAllocation done
Event: 1862.986 Executing VM operation: G1CollectForAllocation
Event: 1862.986 Executing VM operation: G1CollectForAllocation done
Event: 1865.610 Executing VM operation: G1CollectForAllocation
Event: 1865.611 Executing VM operation: G1CollectForAllocation done
Event: 1868.225 Executing VM operation: G1CollectForAllocation
Event: 1868.225 Executing VM operation: G1CollectForAllocation done
Event: 2198.409 Executing VM operation: Cleanup
Event: 2198.409 Executing VM operation: Cleanup done
Event: 2198.421 Executing VM operation: G1CollectForAllocation
Event: 2198.421 Executing VM operation: G1CollectForAllocation done
Event: 2219.429 Executing VM operation: Cleanup
Event: 2219.429 Executing VM operation: Cleanup done

Events (20 events):
Event: 2198.340 Thread 0x00000291e9b00100 Thread added: 0x00000291e9b00100
Event: 2198.340 Thread 0x00000291e9b01440 Thread added: 0x00000291e9b01440
Event: 2198.346 Thread 0x00000291e9af9bf0 Thread added: 0x00000291e9af9bf0
Event: 2198.346 Thread 0x00000291e9afa0c0 Thread added: 0x00000291e9afa0c0
Event: 2198.417 Thread 0x00000291e95e3ad0 Thread added: 0x00000291e95e3ad0
Event: 2203.418 Thread 0x00000291e95e3ad0 Thread exited: 0x00000291e95e3ad0
Event: 2219.397 loading class sun/net/ConnectionResetException
Event: 2219.397 Thread 0x00000291e9afa0c0 Thread exited: 0x00000291e9afa0c0
Event: 2219.397 Thread 0x00000291e9af9bf0 Thread exited: 0x00000291e9af9bf0
Event: 2219.397 loading class sun/net/ConnectionResetException done
Event: 2219.399 loading class javax/net/ssl/SSLHandshakeException
Event: 2219.399 loading class javax/net/ssl/SSLHandshakeException done
Event: 2219.408 Thread 0x00000291e95e3ad0 Thread added: 0x00000291e95e3ad0
Event: 2219.409 Thread 0x00000291e9b00100 Thread exited: 0x00000291e9b00100
Event: 2219.419 Thread 0x00000291e9b00100 Thread added: 0x00000291e9b00100
Event: 2219.419 Thread 0x00000291e9afa0c0 Thread added: 0x00000291e9afa0c0
Event: 2219.483 Thread 0x00000291e9af9bf0 Thread added: 0x00000291e9af9bf0
Event: 2219.566 Thread 0x00000291e95d9560 Thread added: 0x00000291e95d9560
Event: 2219.574 Thread 0x00000291e95da3d0 Thread added: 0x00000291e95da3d0
Event: 2219.574 Thread 0x00000291e95d8220 Thread added: 0x00000291e95d8220


Dynamic libraries:
0x00007ff7d0c00000 - 0x00007ff7d0c0e000 	C:\Users\user_ta\.p2\pool\plugins\org.eclipse.justj.openjdk.hotspot.jre.full.win32.x86_64_17.0.4.v20221004-1257\jre\bin\javaw.exe
0x00007ffd6f680000 - 0x00007ffd6f86d000 	C:\Windows\SYSTEM32\ntdll.dll
0x00007ffd6e5d0000 - 0x00007ffd6e684000 	C:\Windows\System32\KERNEL32.DLL
0x00007ffd6b8e0000 - 0x00007ffd6bb74000 	C:\Windows\System32\KERNELBASE.dll
0x00007ffd6be80000 - 0x00007ffd6bf7a000 	C:\Windows\System32\ucrtbase.dll
0x00007ffd67f40000 - 0x00007ffd67f58000 	C:\Users\user_ta\.p2\pool\plugins\org.eclipse.justj.openjdk.hotspot.jre.full.win32.x86_64_17.0.4.v20221004-1257\jre\bin\jli.dll
0x00007ffd6f430000 - 0x00007ffd6f5c7000 	C:\Windows\System32\USER32.dll
0x00007ffd6be10000 - 0x00007ffd6be30000 	C:\Windows\System32\win32u.dll
0x00007ffd6ec10000 - 0x00007ffd6ec39000 	C:\Windows\System32\GDI32.dll
0x00007ffd6b740000 - 0x00007ffd6b8dc000 	C:\Windows\System32\gdi32full.dll
0x00007ffd6c050000 - 0x00007ffd6c0f0000 	C:\Windows\System32\msvcp_win.dll
0x00007ffd67f20000 - 0x00007ffd67f39000 	C:\Users\user_ta\.p2\pool\plugins\org.eclipse.justj.openjdk.hotspot.jre.full.win32.x86_64_17.0.4.v20221004-1257\jre\bin\VCRUNTIME140.dll
0x00007ffd54d70000 - 0x00007ffd54fe9000 	C:\Windows\WinSxS\amd64_microsoft.windows.common-controls_6595b64144ccf1df_6.0.17763.2803_none_de6d9ee8534e8a05\COMCTL32.dll
0x00007ffd6e400000 - 0x00007ffd6e49e000 	C:\Windows\System32\msvcrt.dll
0x00007ffd6e810000 - 0x00007ffd6eb3d000 	C:\Windows\System32\combase.dll
0x00007ffd6e4a0000 - 0x00007ffd6e5bd000 	C:\Windows\System32\RPCRT4.dll
0x00007ffd6bb80000 - 0x00007ffd6bc02000 	C:\Windows\System32\bcryptPrimitives.dll
0x00007ffd6eb40000 - 0x00007ffd6eb6e000 	C:\Windows\System32\IMM32.DLL
0x00007ffd66810000 - 0x00007ffd6681c000 	C:\Users\user_ta\.p2\pool\plugins\org.eclipse.justj.openjdk.hotspot.jre.full.win32.x86_64_17.0.4.v20221004-1257\jre\bin\vcruntime140_1.dll
0x00007ffd5ba90000 - 0x00007ffd5bb21000 	C:\Users\user_ta\.p2\pool\plugins\org.eclipse.justj.openjdk.hotspot.jre.full.win32.x86_64_17.0.4.v20221004-1257\jre\bin\msvcp140.dll
0x00007ffd4bf20000 - 0x00007ffd4cb66000 	C:\Users\user_ta\.p2\pool\plugins\org.eclipse.justj.openjdk.hotspot.jre.full.win32.x86_64_17.0.4.v20221004-1257\jre\bin\server\jvm.dll
0x00007ffd6ec40000 - 0x00007ffd6ece7000 	C:\Windows\System32\ADVAPI32.dll
0x00007ffd6eb70000 - 0x00007ffd6ec0f000 	C:\Windows\System32\sechost.dll
0x00007ffd6e5c0000 - 0x00007ffd6e5c8000 	C:\Windows\System32\PSAPI.DLL
0x00007ffd5ea80000 - 0x00007ffd5ea89000 	C:\Windows\SYSTEM32\WSOCK32.dll
0x00007ffd6ee70000 - 0x00007ffd6eedd000 	C:\Windows\System32\WS2_32.dll
0x00007ffd698c0000 - 0x00007ffd698e4000 	C:\Windows\SYSTEM32\WINMM.dll
0x00007ffd62200000 - 0x00007ffd6220a000 	C:\Windows\SYSTEM32\VERSION.dll
0x00007ffd69890000 - 0x00007ffd698bd000 	C:\Windows\SYSTEM32\WINMMBASE.dll
0x00007ffd6be30000 - 0x00007ffd6be7a000 	C:\Windows\System32\cfgmgr32.dll
0x00007ffd6b6c0000 - 0x00007ffd6b6d1000 	C:\Windows\System32\kernel.appcore.dll
0x00007ffd5dfc0000 - 0x00007ffd5dfca000 	C:\Users\user_ta\.p2\pool\plugins\org.eclipse.justj.openjdk.hotspot.jre.full.win32.x86_64_17.0.4.v20221004-1257\jre\bin\jimage.dll
0x00007ffd5d310000 - 0x00007ffd5d4fd000 	C:\Windows\SYSTEM32\DBGHELP.DLL
0x00007ffd5d2e0000 - 0x00007ffd5d30a000 	C:\Windows\SYSTEM32\dbgcore.DLL
0x00007ffd5df90000 - 0x00007ffd5dfb5000 	C:\Users\user_ta\.p2\pool\plugins\org.eclipse.justj.openjdk.hotspot.jre.full.win32.x86_64_17.0.4.v20221004-1257\jre\bin\java.dll
0x00007ffd5df70000 - 0x00007ffd5df88000 	C:\Users\user_ta\.p2\pool\plugins\org.eclipse.justj.openjdk.hotspot.jre.full.win32.x86_64_17.0.4.v20221004-1257\jre\bin\zip.dll
0x00007ffd6ca60000 - 0x00007ffd6df58000 	C:\Windows\System32\SHELL32.dll
0x00007ffd6df80000 - 0x00007ffd6e028000 	C:\Windows\System32\shcore.dll
0x00007ffd6c160000 - 0x00007ffd6c8a8000 	C:\Windows\System32\windows.storage.dll
0x00007ffd6b6e0000 - 0x00007ffd6b704000 	C:\Windows\System32\profapi.dll
0x00007ffd6b660000 - 0x00007ffd6b6bd000 	C:\Windows\System32\powrprof.dll
0x00007ffd6e3a0000 - 0x00007ffd6e3f2000 	C:\Windows\System32\shlwapi.dll
0x00007ffd6bf80000 - 0x00007ffd6bf97000 	C:\Windows\System32\cryptsp.dll
0x00007ffd5df50000 - 0x00007ffd5df69000 	C:\Users\user_ta\.p2\pool\plugins\org.eclipse.justj.openjdk.hotspot.jre.full.win32.x86_64_17.0.4.v20221004-1257\jre\bin\net.dll
0x00007ffd66710000 - 0x00007ffd66801000 	C:\Windows\SYSTEM32\WINHTTP.dll
0x00007ffd6ae30000 - 0x00007ffd6ae97000 	C:\Windows\system32\mswsock.dll
0x00007ffd5df30000 - 0x00007ffd5df45000 	C:\Users\user_ta\.p2\pool\plugins\org.eclipse.justj.openjdk.hotspot.jre.full.win32.x86_64_17.0.4.v20221004-1257\jre\bin\nio.dll
0x00007ffd6ab80000 - 0x00007ffd6ac46000 	C:\Windows\SYSTEM32\DNSAPI.dll
0x00007ffd6f3c0000 - 0x00007ffd6f3c8000 	C:\Windows\System32\NSI.dll
0x00007ffd6ab40000 - 0x00007ffd6ab7e000 	C:\Windows\SYSTEM32\IPHLPAPI.DLL
0x00007ffd64070000 - 0x00007ffd6407a000 	C:\Windows\System32\rasadhlp.dll
0x00007ffd66680000 - 0x00007ffd666f9000 	C:\Windows\System32\fwpuclnt.dll
0x00007ffd6b710000 - 0x00007ffd6b736000 	C:\Windows\System32\bcrypt.dll
0x00007ffd6a9b0000 - 0x00007ffd6a9e3000 	C:\Windows\system32\rsaenh.dll
0x00007ffd6b540000 - 0x00007ffd6b569000 	C:\Windows\SYSTEM32\USERENV.dll
0x00007ffd6b000000 - 0x00007ffd6b00c000 	C:\Windows\SYSTEM32\CRYPTBASE.dll
0x00007ffd65b80000 - 0x00007ffd65b96000 	C:\Windows\SYSTEM32\dhcpcsvc6.DLL
0x00007ffd66340000 - 0x00007ffd6635c000 	C:\Windows\SYSTEM32\dhcpcsvc.DLL
0x00007ffd5df20000 - 0x00007ffd5df30000 	C:\Users\user_ta\.p2\pool\plugins\org.eclipse.justj.openjdk.hotspot.jre.full.win32.x86_64_17.0.4.v20221004-1257\jre\bin\verify.dll
0x00007ffd5de60000 - 0x00007ffd5de6e000 	C:\Users\user_ta\.p2\pool\plugins\org.eclipse.justj.openjdk.hotspot.jre.full.win32.x86_64_17.0.4.v20221004-1257\jre\bin\sunmscapi.dll
0x00007ffd6bc10000 - 0x00007ffd6be05000 	C:\Windows\System32\CRYPT32.dll
0x00007ffd6b640000 - 0x00007ffd6b652000 	C:\Windows\System32\MSASN1.dll
0x00007ffd6b100000 - 0x00007ffd6b126000 	C:\Windows\SYSTEM32\ncrypt.dll
0x00007ffd6b0c0000 - 0x00007ffd6b0fc000 	C:\Windows\SYSTEM32\NTASN1.dll
0x00007ffd61c90000 - 0x00007ffd61ca6000 	C:\Windows\system32\napinsp.dll
0x00007ffd61c80000 - 0x00007ffd61c8e000 	C:\Windows\System32\winrnr.dll
0x00007ffd66320000 - 0x00007ffd6633b000 	C:\Windows\system32\NLAapi.dll
0x00007ffd61cb0000 - 0x00007ffd61cc5000 	C:\Windows\system32\wshbth.dll
0x00007ffd5de50000 - 0x00007ffd5de59000 	C:\Users\user_ta\.p2\pool\plugins\org.eclipse.justj.openjdk.hotspot.jre.full.win32.x86_64_17.0.4.v20221004-1257\jre\bin\prefs.dll

dbghelp: loaded successfully - version: 4.0.5 - missing functions: none
symbol engine: initialized successfully - sym options: 0x614 - pdb path: .;C:\Users\user_ta\.p2\pool\plugins\org.eclipse.justj.openjdk.hotspot.jre.full.win32.x86_64_17.0.4.v20221004-1257\jre\bin;C:\Windows\SYSTEM32;C:\Windows\WinSxS\amd64_microsoft.windows.common-controls_6595b64144ccf1df_6.0.17763.2803_none_de6d9ee8534e8a05;C:\Users\user_ta\.p2\pool\plugins\org.eclipse.justj.openjdk.hotspot.jre.full.win32.x86_64_17.0.4.v20221004-1257\jre\bin\server

VM Arguments:
jvm_args: -ea -Dfile.encoding=windows-1252 -XX:+ShowCodeDetailsInExceptionMessages 
java_command: org.testng.remote.RemoteTestNG -serport 53169 -protocol json -d C:\Users\user_ta\Documents\chave\TIMP_R1\test-output C:\Users\user_ta\Documents\chave\TIMP_R1\src\test\java\com\timp\test\BRE\Automacoes\RegraDeAuditoriaN2.xml
java_class_path (initial): C:\Users\user_ta\eclipse\jee-2022-09\eclipse\configuration\org.eclipse.osgi\921\0\.cp\lib\testng-remote.jar;C:\Users\user_ta\Documents\chave\TIMP_R1\target\test-classes;C:\Users\user_ta\Documents\chave\TIMP_R1\target\classes;C:\Users\user_ta\.p2\pool\plugins\org.testng_7.4.0.r202105021533.jar;C:\Users\user_ta\.p2\pool\plugins\com.beust.jcommander_1.78.0.jar;C:\Users\user_ta\.p2\pool\plugins\org.apache-extras.beanshell.bsh_2.0.0.b6.jar;C:\Users\user_ta\.p2\pool\plugins\org.yaml.snakeyaml_1.27.0.v20201111-1638.jar;C:\Users\user_ta\.p2\pool\plugins\org.webjars.jquery_3.5.1.jar;C:\Users\user_ta\.m2\repository\org\seleniumhq\selenium\selenium-java\3.141.59\selenium-java-3.141.59.jar;C:\Users\user_ta\.m2\repository\org\seleniumhq\selenium\selenium-api\3.141.59\selenium-api-3.141.59.jar;C:\Users\user_ta\.m2\repository\org\seleniumhq\selenium\selenium-chrome-driver\3.141.59\selenium-chrome-driver-3.141.59.jar;C:\Users\user_ta\.m2\repository\org\seleniumhq\selenium\selenium-edge-driver\3.141.59\selenium-edge-driver-3.141.59.jar;C:\Users\user_ta\.m2\repository\org\seleniumhq\selenium\selenium-firefox-driver\3.141.59\selenium-firefox-driver-3.141.59.jar;C:\Users\user_ta\.m2\repository\org\seleniumhq\selenium\selenium-ie-driver\3.141.59\selenium-ie-driver-3.141.59.jar;C:\Users\user_ta\.m2\repository\org\seleniumhq\selenium\selenium-opera-driver\3.141.59\selenium-opera-driver-3.141.59.jar;C:\Users\user_ta\.m2\repository\org\seleniumhq\selenium\selenium-remote-driver\3.141.59\selenium-remote-driver-3.141.59.jar;C:\Users\user_ta\.m2\repository\org\seleniumhq\selenium\selenium-safari-driver\3.141.59\selenium-safari-driver-3.141.59.jar;C:\Users\user_ta\.m2\repository\org\seleniumhq\selenium\selenium-support\3.141.59\selenium-support-3.141.59.jar;C:\Users\user_ta\.m2\repository\net\bytebuddy\byte-buddy\1.8.15\byte-buddy-1.8.15.jar;C:\Users\user_ta\.m2\repository\org\apache\commons\commons-exec\1.3\commons-exec-1.3.jar;C:\Users\user_ta\.m2\repository\com\g
Launcher Type: SUN_STANDARD

[Global flags]
     intx CICompilerCount                          = 3                                         {product} {ergonomic}
     uint ConcGCThreads                            = 1                                         {product} {ergonomic}
     uint G1ConcRefinementThreads                  = 4                                         {product} {ergonomic}
   size_t G1HeapRegionSize                         = 2097152                                   {product} {ergonomic}
    uintx GCDrainStackTargetSize                   = 64                                        {product} {ergonomic}
   size_t InitialHeapSize                          = 268435456                                 {product} {ergonomic}
   size_t MarkStackSize                            = 4194304                                   {product} {ergonomic}
   size_t MaxHeapSize                              = 4294967296                                {product} {ergonomic}
   size_t MaxNewSize                               = 2575302656                                {product} {ergonomic}
   size_t MinHeapDeltaBytes                        = 2097152                                   {product} {ergonomic}
   size_t MinHeapSize                              = 8388608                                   {product} {ergonomic}
    uintx NonNMethodCodeHeapSize                   = 5832780                                {pd product} {ergonomic}
    uintx NonProfiledCodeHeapSize                  = 122912730                              {pd product} {ergonomic}
    uintx ProfiledCodeHeapSize                     = 122912730                              {pd product} {ergonomic}
    uintx ReservedCodeCacheSize                    = 251658240                              {pd product} {ergonomic}
     bool SegmentedCodeCache                       = true                                      {product} {ergonomic}
     bool ShowCodeDetailsInExceptionMessages       = true                                   {manageable} {command line}
   size_t SoftMaxHeapSize                          = 4294967296                             {manageable} {ergonomic}
     bool UseCompressedClassPointers               = true                           {product lp64_product} {ergonomic}
     bool UseCompressedOops                        = true                           {product lp64_product} {ergonomic}
     bool UseG1GC                                  = true                                      {product} {ergonomic}
     bool UseLargePagesIndividualAllocation        = false                                  {pd product} {ergonomic}

Logging:
Log output configuration:
 #0: stdout all=warning uptime,level,tags
 #1: stderr all=off uptime,level,tags

Environment Variables:
PATH=C:/Users/user_ta/.p2/pool/plugins/org.eclipse.justj.openjdk.hotspot.jre.full.win32.x86_64_17.0.4.v20221004-1257/jre/bin/server;C:/Users/user_ta/.p2/pool/plugins/org.eclipse.justj.openjdk.hotspot.jre.full.win32.x86_64_17.0.4.v20221004-1257/jre/bin;C:\Program Files\SAP\hdbclient;C:\Program Files (x86)\Common Files\Oracle\Java\javapath;C:\Windows\system32;C:\Windows;C:\Windows\System32\Wbem;C:\Windows\System32\WindowsPowerShell\v1.0\;C:\Windows\System32\OpenSSH\;C:\Program Files\Amazon\cfn-bootstrap\;C:\Program Files\Git\cmd;C:\Users\user_ta\AppData\Local\Microsoft\WindowsApps;C:\Users\user_ta\Downloads\sonar-scanner-4.7.0.2747-windows\bin;;C:\Windows\system32;
USERNAME=user_ta
OS=Windows_NT
PROCESSOR_IDENTIFIER=Intel64 Family 6 Model 63 Stepping 2, GenuineIntel
TMP=C:\Users\user_ta\AppData\Local\Temp\2
TEMP=C:\Users\user_ta\AppData\Local\Temp\2



---------------  S Y S T E M  ---------------

OS:
 Windows Server 2019 , 64 bit Build 17763 (10.0.17763.2803)
OS uptime: 13 days 5:52 hours
Xen hardware-assisted virtualization detected

CPU: total 4 (initial active 4) (4 cores per cpu, 1 threads per core) family 6 model 63 stepping 2 microcode 0x49, cx8, cmov, fxsr, mmx, sse, sse2, sse3, ssse3, sse4.1, sse4.2, popcnt, lzcnt, tsc, avx, avx2, aes, erms, clmul, bmi1, bmi2, fma, vzeroupper, clflush, hv

Memory: 4k page, system-wide physical 16383M (174M free)
TotalPageFile size 29183M (AvailPageFile size 6M)
current process WorkingSet (physical memory assigned to process): 122M, peak: 149M
current process commit charge ("private bytes"): 149M, peak: 371M

vm_info: OpenJDK 64-Bit Server VM (17.0.4.1+1) for windows-amd64 JRE (17.0.4.1+1), built on Aug 17 2022 07:42:43 by "temurin" with MS VC++ 16.7 (VS2019)

END.
